2023-01-31 17:26:59.224  INFO 873 --- [main] p.p.m.MassageTherapyApiApplication       : Starting MassageTherapyApiApplication using Java 11.0.16.1 on Pavels-MacBook-Pro.local with PID 873 (/Users/pavelivashchenko/Developer/massage-therapy-api/target/classes started by pavelivashchenko in /Users/pavelivashchenko/Developer/massage-therapy-api)
2023-01-31 17:26:59.233  INFO 873 --- [main] p.p.m.MassageTherapyApiApplication       : No active profile set, falling back to 1 default profile: "default"
2023-01-31 17:26:59.956  INFO 873 --- [main] .s.d.r.c.RepositoryConfigurationDelegate : Bootstrapping Spring Data MongoDB repositories in DEFAULT mode.
2023-01-31 17:27:00.024  INFO 873 --- [main] .s.d.r.c.RepositoryConfigurationDelegate : Finished Spring Data repository scanning in 62 ms. Found 3 MongoDB repository interfaces.
2023-01-31 17:27:00.629  INFO 873 --- [main] o.s.b.w.e.t.TomcatWebServer              : Tomcat initialized with port(s): 8080 (http)
2023-01-31 17:27:00.652  INFO 873 --- [main] o.a.c.c.StandardService                  : Starting service [Tomcat]
2023-01-31 17:27:00.653  INFO 873 --- [main] o.a.c.c.StandardEngine                   : Starting Servlet engine: [Apache Tomcat/9.0.69]
2023-01-31 17:27:00.768  INFO 873 --- [main] o.a.c.c.C.[.[.[/]                        : Initializing Spring embedded WebApplicationContext
2023-01-31 17:27:00.768  INFO 873 --- [main] w.s.c.ServletWebServerApplicationContext : Root WebApplicationContext: initialization completed in 1493 ms
2023-01-31 17:27:01.031  INFO 873 --- [cluster-ClusterId{value='63d94154faa78b5d075d47db', description='null'}-srv-cluster0.4cxev.mongodb.net] o.m.d.cluster                            : Adding discovered server cluster0-shard-00-01.4cxev.mongodb.net:27017 to client view of cluster
2023-01-31 17:27:01.036  INFO 873 --- [main] o.m.d.client                             : MongoClient with metadata {"driver": {"name": "mongo-java-driver|sync|spring-boot", "version": "4.6.1"}, "os": {"type": "Darwin", "name": "Mac OS X", "architecture": "x86_64", "version": "10.15.7"}, "platform": "Java/Homebrew/11.0.16.1+0"} created with settings MongoClientSettings{readPreference=primary, writeConcern=WriteConcern{w=majority, wTimeout=null ms, journal=null}, retryWrites=true, retryReads=true, readConcern=ReadConcern{level=null}, credential=MongoCredential{mechanism=null, userName='stkachuk', source='admin', password=<hidden>, mechanismProperties=<hidden>}, streamFactoryFactory=null, commandListeners=[], codecRegistry=ProvidersCodecRegistry{codecProviders=[ValueCodecProvider{}, BsonValueCodecProvider{}, DBRefCodecProvider{}, DBObjectCodecProvider{}, DocumentCodecProvider{}, IterableCodecProvider{}, MapCodecProvider{}, GeoJsonCodecProvider{}, GridFSFileCodecProvider{}, Jsr310CodecProvider{}, JsonObjectCodecProvider{}, BsonCodecProvider{}, EnumCodecProvider{}, com.mongodb.Jep395RecordCodecProvider@697a0948]}, clusterSettings={hosts=[127.0.0.1:27017], srvHost=cluster0.4cxev.mongodb.net, srvServiceName=mongodb, mode=MULTIPLE, requiredClusterType=REPLICA_SET, requiredReplicaSetName='atlas-fo286n-shard-0', serverSelector='null', clusterListeners='[]', serverSelectionTimeout='30000 ms', localThreshold='30000 ms'}, socketSettings=SocketSettings{connectTimeoutMS=10000, readTimeoutMS=0, receiveBufferSize=0, sendBufferSize=0}, heartbeatSocketSettings=SocketSettings{connectTimeoutMS=10000, readTimeoutMS=10000, receiveBufferSize=0, sendBufferSize=0}, connectionPoolSettings=ConnectionPoolSettings{maxSize=100, minSize=0, maxWaitTimeMS=120000, maxConnectionLifeTimeMS=0, maxConnectionIdleTimeMS=0, maintenanceInitialDelayMS=0, maintenanceFrequencyMS=60000, connectionPoolListeners=[], maxConnecting=2}, serverSettings=ServerSettings{heartbeatFrequencyMS=10000, minHeartbeatFrequencyMS=500, serverListeners='[]', serverMonitorListeners='[]'}, sslSettings=SslSettings{enabled=true, invalidHostNameAllowed=false, context=null}, applicationName='null', compressorList=[], uuidRepresentation=JAVA_LEGACY, serverApi=null, autoEncryptionSettings=null, contextProvider=null}
2023-01-31 17:27:01.059  INFO 873 --- [cluster-ClusterId{value='63d94154faa78b5d075d47db', description='null'}-srv-cluster0.4cxev.mongodb.net] o.m.d.cluster                            : Adding discovered server cluster0-shard-00-02.4cxev.mongodb.net:27017 to client view of cluster
2023-01-31 17:27:01.061  INFO 873 --- [cluster-ClusterId{value='63d94154faa78b5d075d47db', description='null'}-srv-cluster0.4cxev.mongodb.net] o.m.d.cluster                            : Adding discovered server cluster0-shard-00-00.4cxev.mongodb.net:27017 to client view of cluster
2023-01-31 17:27:01.785  INFO 873 --- [cluster-rtt-ClusterId{value='63d94154faa78b5d075d47db', description='null'}-cluster0-shard-00-02.4cxev.mongodb.net:27017] o.m.d.connection                         : Opened connection [connectionId{localValue:4, serverValue:91425}] to cluster0-shard-00-02.4cxev.mongodb.net:27017
2023-01-31 17:27:01.785  INFO 873 --- [cluster-rtt-ClusterId{value='63d94154faa78b5d075d47db', description='null'}-cluster0-shard-00-00.4cxev.mongodb.net:27017] o.m.d.connection                         : Opened connection [connectionId{localValue:6, serverValue:92616}] to cluster0-shard-00-00.4cxev.mongodb.net:27017
2023-01-31 17:27:01.785  INFO 873 --- [cluster-ClusterId{value='63d94154faa78b5d075d47db', description='null'}-cluster0-shard-00-00.4cxev.mongodb.net:27017] o.m.d.connection                         : Opened connection [connectionId{localValue:3, serverValue:92615}] to cluster0-shard-00-00.4cxev.mongodb.net:27017
2023-01-31 17:27:01.785  INFO 873 --- [cluster-ClusterId{value='63d94154faa78b5d075d47db', description='null'}-cluster0-shard-00-02.4cxev.mongodb.net:27017] o.m.d.connection                         : Opened connection [connectionId{localValue:1, serverValue:91425}] to cluster0-shard-00-02.4cxev.mongodb.net:27017
2023-01-31 17:27:01.785  INFO 873 --- [cluster-ClusterId{value='63d94154faa78b5d075d47db', description='null'}-cluster0-shard-00-01.4cxev.mongodb.net:27017] o.m.d.connection                         : Opened connection [connectionId{localValue:5, serverValue:96340}] to cluster0-shard-00-01.4cxev.mongodb.net:27017
2023-01-31 17:27:01.785  INFO 873 --- [cluster-rtt-ClusterId{value='63d94154faa78b5d075d47db', description='null'}-cluster0-shard-00-01.4cxev.mongodb.net:27017] o.m.d.connection                         : Opened connection [connectionId{localValue:2, serverValue:96222}] to cluster0-shard-00-01.4cxev.mongodb.net:27017
2023-01-31 17:27:01.786  INFO 873 --- [cluster-ClusterId{value='63d94154faa78b5d075d47db', description='null'}-cluster0-shard-00-01.4cxev.mongodb.net:27017] o.m.d.cluster                            : Monitor thread successfully connected to server with description ServerDescription{address=cluster0-shard-00-01.4cxev.mongodb.net:27017, type=REPLICA_SET_PRIMARY, state=CONNECTED, ok=true, minWireVersion=0, maxWireVersion=13, maxDocumentSize=16777216, logicalSessionTimeoutMinutes=30, roundTripTimeNanos=427946765, setName='atlas-fo286n-shard-0', canonicalAddress=cluster0-shard-00-01.4cxev.mongodb.net:27017, hosts=[cluster0-shard-00-00.4cxev.mongodb.net:27017, cluster0-shard-00-02.4cxev.mongodb.net:27017, cluster0-shard-00-01.4cxev.mongodb.net:27017], passives=[], arbiters=[], primary='cluster0-shard-00-01.4cxev.mongodb.net:27017', tagSet=TagSet{[Tag{name='nodeType', value='ELECTABLE'}, Tag{name='provider', value='AWS'}, Tag{name='region', value='EU_CENTRAL_1'}, Tag{name='workloadType', value='OPERATIONAL'}]}, electionId=7fffffff0000000000000269, setVersion=7, topologyVersion=TopologyVersion{processId=63d70e9d46a7aec6581d30f9, counter=6}, lastWriteDate=Tue Jan 31 17:27:01 CET 2023, lastUpdateTimeNanos=880393989996}
2023-01-31 17:27:01.786  INFO 873 --- [cluster-ClusterId{value='63d94154faa78b5d075d47db', description='null'}-cluster0-shard-00-00.4cxev.mongodb.net:27017] o.m.d.cluster                            : Monitor thread successfully connected to server with description ServerDescription{address=cluster0-shard-00-00.4cxev.mongodb.net:27017, type=REPLICA_SET_SECONDARY, state=CONNECTED, ok=true, minWireVersion=0, maxWireVersion=13, maxDocumentSize=16777216, logicalSessionTimeoutMinutes=30, roundTripTimeNanos=443538552, setName='atlas-fo286n-shard-0', canonicalAddress=cluster0-shard-00-00.4cxev.mongodb.net:27017, hosts=[cluster0-shard-00-00.4cxev.mongodb.net:27017, cluster0-shard-00-02.4cxev.mongodb.net:27017, cluster0-shard-00-01.4cxev.mongodb.net:27017], passives=[], arbiters=[], primary='cluster0-shard-00-01.4cxev.mongodb.net:27017', tagSet=TagSet{[Tag{name='nodeType', value='ELECTABLE'}, Tag{name='provider', value='AWS'}, Tag{name='region', value='EU_CENTRAL_1'}, Tag{name='workloadType', value='OPERATIONAL'}]}, electionId=null, setVersion=7, topologyVersion=TopologyVersion{processId=63d70dbcf38602d34d2c6d43, counter=4}, lastWriteDate=Tue Jan 31 17:27:01 CET 2023, lastUpdateTimeNanos=880394323080}
2023-01-31 17:27:01.786  INFO 873 --- [cluster-ClusterId{value='63d94154faa78b5d075d47db', description='null'}-cluster0-shard-00-02.4cxev.mongodb.net:27017] o.m.d.cluster                            : Monitor thread successfully connected to server with description ServerDescription{address=cluster0-shard-00-02.4cxev.mongodb.net:27017, type=REPLICA_SET_SECONDARY, state=CONNECTED, ok=true, minWireVersion=0, maxWireVersion=13, maxDocumentSize=16777216, logicalSessionTimeoutMinutes=30, roundTripTimeNanos=426254577, setName='atlas-fo286n-shard-0', canonicalAddress=cluster0-shard-00-02.4cxev.mongodb.net:27017, hosts=[cluster0-shard-00-00.4cxev.mongodb.net:27017, cluster0-shard-00-02.4cxev.mongodb.net:27017, cluster0-shard-00-01.4cxev.mongodb.net:27017], passives=[], arbiters=[], primary='cluster0-shard-00-01.4cxev.mongodb.net:27017', tagSet=TagSet{[Tag{name='nodeType', value='ELECTABLE'}, Tag{name='provider', value='AWS'}, Tag{name='region', value='EU_CENTRAL_1'}, Tag{name='workloadType', value='OPERATIONAL'}]}, electionId=null, setVersion=7, topologyVersion=TopologyVersion{processId=63d70faeb3be0e114b5ad81e, counter=3}, lastWriteDate=Tue Jan 31 17:27:01 CET 2023, lastUpdateTimeNanos=880394321965}
2023-01-31 17:27:01.792  INFO 873 --- [cluster-ClusterId{value='63d94154faa78b5d075d47db', description='null'}-cluster0-shard-00-01.4cxev.mongodb.net:27017] o.m.d.cluster                            : Setting max election id to 7fffffff0000000000000269 from replica set primary cluster0-shard-00-01.4cxev.mongodb.net:27017
2023-01-31 17:27:01.793  INFO 873 --- [cluster-ClusterId{value='63d94154faa78b5d075d47db', description='null'}-cluster0-shard-00-01.4cxev.mongodb.net:27017] o.m.d.cluster                            : Setting max set version to 7 from replica set primary cluster0-shard-00-01.4cxev.mongodb.net:27017
2023-01-31 17:27:01.793  INFO 873 --- [cluster-ClusterId{value='63d94154faa78b5d075d47db', description='null'}-cluster0-shard-00-01.4cxev.mongodb.net:27017] o.m.d.cluster                            : Discovered replica set primary cluster0-shard-00-01.4cxev.mongodb.net:27017
2023-01-31 17:27:02.217  INFO 873 --- [main] o.s.s.w.DefaultSecurityFilterChain       : Will secure any request with [org.springframework.security.web.session.DisableEncodeUrlFilter@6851b296, org.springframework.security.web.context.request.async.WebAsyncManagerIntegrationFilter@9e50283, org.springframework.security.web.context.SecurityContextPersistenceFilter@300a38e7, org.springframework.security.web.header.HeaderWriterFilter@655621fd, org.springframework.web.filter.CorsFilter@5368e981, org.springframework.security.web.authentication.logout.LogoutFilter@592a1882, pavlo.pro.massagetherapyapi.security.AuthTokenFilter@64dc86c6, org.springframework.security.web.savedrequest.RequestCacheAwareFilter@2bb0e277, org.springframework.security.web.servletapi.SecurityContextHolderAwareRequestFilter@34549979, org.springframework.security.web.authentication.AnonymousAuthenticationFilter@1c171746, org.springframework.security.web.session.SessionManagementFilter@78128dd0, org.springframework.security.web.access.ExceptionTranslationFilter@eded048, org.springframework.security.web.access.intercept.FilterSecurityInterceptor@7752c0e7]
2023-01-31 17:27:02.433  INFO 873 --- [main] o.s.b.w.e.t.TomcatWebServer              : Tomcat started on port(s): 8080 (http) with context path ''
2023-01-31 17:27:02.443  INFO 873 --- [main] p.p.m.MassageTherapyApiApplication       : Started MassageTherapyApiApplication in 3.823 seconds (JVM running for 9.943)
2023-01-31 18:29:52.638  INFO 873 --- [cluster-ClusterId{value='63d94154faa78b5d075d47db', description='null'}-cluster0-shard-00-02.4cxev.mongodb.net:27017] o.m.d.cluster                            : Exception in monitor thread while connecting to server cluster0-shard-00-02.4cxev.mongodb.net:27017

com.mongodb.MongoSocketReadTimeoutException: Timeout while receiving message
	at com.mongodb.internal.connection.InternalStreamConnection.translateReadException(InternalStreamConnection.java:696) ~[mongodb-driver-core-4.6.1.jar:?]
	at com.mongodb.internal.connection.InternalStreamConnection.receiveMessageWithAdditionalTimeout(InternalStreamConnection.java:574) ~[mongodb-driver-core-4.6.1.jar:?]
	at com.mongodb.internal.connection.InternalStreamConnection.receiveCommandMessageResponse(InternalStreamConnection.java:410) ~[mongodb-driver-core-4.6.1.jar:?]
	at com.mongodb.internal.connection.InternalStreamConnection.receive(InternalStreamConnection.java:369) ~[mongodb-driver-core-4.6.1.jar:?]
	at com.mongodb.internal.connection.DefaultServerMonitor$ServerMonitorRunnable.lookupServerDescription(DefaultServerMonitor.java:221) ~[mongodb-driver-core-4.6.1.jar:?]
	at com.mongodb.internal.connection.DefaultServerMonitor$ServerMonitorRunnable.run(DefaultServerMonitor.java:157) ~[mongodb-driver-core-4.6.1.jar:?]
	at java.lang.Thread.run(Thread.java:829) ~[?:?]
Caused by: java.net.SocketTimeoutException: Read timed out
	at java.net.SocketInputStream.socketRead0(Native Method) ~[?:?]
	at java.net.SocketInputStream.socketRead(SocketInputStream.java:115) ~[?:?]
	at java.net.SocketInputStream.read(SocketInputStream.java:168) ~[?:?]
	at java.net.SocketInputStream.read(SocketInputStream.java:140) ~[?:?]
	at sun.security.ssl.SSLSocketInputRecord.read(SSLSocketInputRecord.java:478) ~[?:?]
	at sun.security.ssl.SSLSocketInputRecord.readHeader(SSLSocketInputRecord.java:472) ~[?:?]
	at sun.security.ssl.SSLSocketInputRecord.bytesInCompletePacket(SSLSocketInputRecord.java:70) ~[?:?]
	at sun.security.ssl.SSLSocketImpl.readApplicationRecord(SSLSocketImpl.java:1454) ~[?:?]
	at sun.security.ssl.SSLSocketImpl$AppInputStream.read(SSLSocketImpl.java:1065) ~[?:?]
	at com.mongodb.internal.connection.SocketStream.read(SocketStream.java:110) ~[mongodb-driver-core-4.6.1.jar:?]
	at com.mongodb.internal.connection.SocketStream.read(SocketStream.java:135) ~[mongodb-driver-core-4.6.1.jar:?]
	at com.mongodb.internal.connection.InternalStreamConnection.receiveResponseBuffers(InternalStreamConnection.java:713) ~[mongodb-driver-core-4.6.1.jar:?]
	at com.mongodb.internal.connection.InternalStreamConnection.receiveMessageWithAdditionalTimeout(InternalStreamConnection.java:571) ~[mongodb-driver-core-4.6.1.jar:?]
	... 5 more

2023-01-31 18:29:52.638  INFO 873 --- [cluster-ClusterId{value='63d94154faa78b5d075d47db', description='null'}-cluster0-shard-00-00.4cxev.mongodb.net:27017] o.m.d.cluster                            : Exception in monitor thread while connecting to server cluster0-shard-00-00.4cxev.mongodb.net:27017

com.mongodb.MongoSocketReadTimeoutException: Timeout while receiving message
	at com.mongodb.internal.connection.InternalStreamConnection.translateReadException(InternalStreamConnection.java:696) ~[mongodb-driver-core-4.6.1.jar:?]
	at com.mongodb.internal.connection.InternalStreamConnection.receiveMessageWithAdditionalTimeout(InternalStreamConnection.java:574) ~[mongodb-driver-core-4.6.1.jar:?]
	at com.mongodb.internal.connection.InternalStreamConnection.receiveCommandMessageResponse(InternalStreamConnection.java:410) ~[mongodb-driver-core-4.6.1.jar:?]
	at com.mongodb.internal.connection.InternalStreamConnection.receive(InternalStreamConnection.java:369) ~[mongodb-driver-core-4.6.1.jar:?]
	at com.mongodb.internal.connection.DefaultServerMonitor$ServerMonitorRunnable.lookupServerDescription(DefaultServerMonitor.java:221) ~[mongodb-driver-core-4.6.1.jar:?]
	at com.mongodb.internal.connection.DefaultServerMonitor$ServerMonitorRunnable.run(DefaultServerMonitor.java:157) ~[mongodb-driver-core-4.6.1.jar:?]
	at java.lang.Thread.run(Thread.java:829) ~[?:?]
Caused by: java.net.SocketTimeoutException: Read timed out
	at java.net.SocketInputStream.socketRead0(Native Method) ~[?:?]
	at java.net.SocketInputStream.socketRead(SocketInputStream.java:115) ~[?:?]
	at java.net.SocketInputStream.read(SocketInputStream.java:168) ~[?:?]
	at java.net.SocketInputStream.read(SocketInputStream.java:140) ~[?:?]
	at sun.security.ssl.SSLSocketInputRecord.read(SSLSocketInputRecord.java:478) ~[?:?]
	at sun.security.ssl.SSLSocketInputRecord.readHeader(SSLSocketInputRecord.java:472) ~[?:?]
	at sun.security.ssl.SSLSocketInputRecord.bytesInCompletePacket(SSLSocketInputRecord.java:70) ~[?:?]
	at sun.security.ssl.SSLSocketImpl.readApplicationRecord(SSLSocketImpl.java:1454) ~[?:?]
	at sun.security.ssl.SSLSocketImpl$AppInputStream.read(SSLSocketImpl.java:1065) ~[?:?]
	at com.mongodb.internal.connection.SocketStream.read(SocketStream.java:110) ~[mongodb-driver-core-4.6.1.jar:?]
	at com.mongodb.internal.connection.SocketStream.read(SocketStream.java:135) ~[mongodb-driver-core-4.6.1.jar:?]
	at com.mongodb.internal.connection.InternalStreamConnection.receiveResponseBuffers(InternalStreamConnection.java:713) ~[mongodb-driver-core-4.6.1.jar:?]
	at com.mongodb.internal.connection.InternalStreamConnection.receiveMessageWithAdditionalTimeout(InternalStreamConnection.java:571) ~[mongodb-driver-core-4.6.1.jar:?]
	... 5 more

2023-01-31 18:29:52.660  INFO 873 --- [cluster-ClusterId{value='63d94154faa78b5d075d47db', description='null'}-cluster0-shard-00-00.4cxev.mongodb.net:27017] o.m.d.cluster                            : Exception in monitor thread while connecting to server cluster0-shard-00-00.4cxev.mongodb.net:27017

com.mongodb.MongoSocketException: cluster0-shard-00-00.4cxev.mongodb.net: nodename nor servname provided, or not known
	at com.mongodb.ServerAddress.getSocketAddresses(ServerAddress.java:217) ~[mongodb-driver-core-4.6.1.jar:?]
	at com.mongodb.internal.connection.SocketStream.initializeSocket(SocketStream.java:75) ~[mongodb-driver-core-4.6.1.jar:?]
	at com.mongodb.internal.connection.SocketStream.open(SocketStream.java:65) ~[mongodb-driver-core-4.6.1.jar:?]
	at com.mongodb.internal.connection.InternalStreamConnection.open(InternalStreamConnection.java:180) ~[mongodb-driver-core-4.6.1.jar:?]
	at com.mongodb.internal.connection.DefaultServerMonitor$ServerMonitorRunnable.lookupServerDescription(DefaultServerMonitor.java:193) ~[mongodb-driver-core-4.6.1.jar:?]
	at com.mongodb.internal.connection.DefaultServerMonitor$ServerMonitorRunnable.run(DefaultServerMonitor.java:157) ~[mongodb-driver-core-4.6.1.jar:?]
	at java.lang.Thread.run(Thread.java:829) ~[?:?]
Caused by: java.net.UnknownHostException: cluster0-shard-00-00.4cxev.mongodb.net: nodename nor servname provided, or not known
	at java.net.Inet6AddressImpl.lookupAllHostAddr(Native Method) ~[?:?]
	at java.net.InetAddress$PlatformNameService.lookupAllHostAddr(InetAddress.java:929) ~[?:?]
	at java.net.InetAddress.getAddressesFromNameService(InetAddress.java:1529) ~[?:?]
	at java.net.InetAddress$NameServiceAddresses.get(InetAddress.java:848) ~[?:?]
	at java.net.InetAddress.getAllByName0(InetAddress.java:1519) ~[?:?]
	at java.net.InetAddress.getAllByName(InetAddress.java:1378) ~[?:?]
	at java.net.InetAddress.getAllByName(InetAddress.java:1306) ~[?:?]
	at com.mongodb.ServerAddress.getSocketAddresses(ServerAddress.java:209) ~[mongodb-driver-core-4.6.1.jar:?]
	... 6 more

2023-01-31 18:29:52.660  INFO 873 --- [cluster-ClusterId{value='63d94154faa78b5d075d47db', description='null'}-cluster0-shard-00-02.4cxev.mongodb.net:27017] o.m.d.cluster                            : Exception in monitor thread while connecting to server cluster0-shard-00-02.4cxev.mongodb.net:27017

com.mongodb.MongoSocketOpenException: Exception opening socket
	at com.mongodb.internal.connection.SocketStream.open(SocketStream.java:70) ~[mongodb-driver-core-4.6.1.jar:?]
	at com.mongodb.internal.connection.InternalStreamConnection.open(InternalStreamConnection.java:180) ~[mongodb-driver-core-4.6.1.jar:?]
	at com.mongodb.internal.connection.DefaultServerMonitor$ServerMonitorRunnable.lookupServerDescription(DefaultServerMonitor.java:193) ~[mongodb-driver-core-4.6.1.jar:?]
	at com.mongodb.internal.connection.DefaultServerMonitor$ServerMonitorRunnable.run(DefaultServerMonitor.java:157) ~[mongodb-driver-core-4.6.1.jar:?]
	at java.lang.Thread.run(Thread.java:829) ~[?:?]
Caused by: java.net.ConnectException: Network is unreachable (connect failed)
	at java.net.PlainSocketImpl.socketConnect(Native Method) ~[?:?]
	at java.net.AbstractPlainSocketImpl.doConnect(AbstractPlainSocketImpl.java:412) ~[?:?]
	at java.net.AbstractPlainSocketImpl.connectToAddress(AbstractPlainSocketImpl.java:255) ~[?:?]
	at java.net.AbstractPlainSocketImpl.connect(AbstractPlainSocketImpl.java:237) ~[?:?]
	at java.net.SocksSocketImpl.connect(SocksSocketImpl.java:392) ~[?:?]
	at java.net.Socket.connect(Socket.java:609) ~[?:?]
	at sun.security.ssl.SSLSocketImpl.connect(SSLSocketImpl.java:305) ~[?:?]
	at com.mongodb.internal.connection.SocketStreamHelper.initialize(SocketStreamHelper.java:107) ~[mongodb-driver-core-4.6.1.jar:?]
	at com.mongodb.internal.connection.SocketStream.initializeSocket(SocketStream.java:79) ~[mongodb-driver-core-4.6.1.jar:?]
	at com.mongodb.internal.connection.SocketStream.open(SocketStream.java:65) ~[mongodb-driver-core-4.6.1.jar:?]
	... 4 more

2023-01-31 21:56:46.988  INFO 873 --- [cluster-ClusterId{value='63d94154faa78b5d075d47db', description='null'}-cluster0-shard-00-00.4cxev.mongodb.net:27017] o.m.d.cluster                            : Exception in monitor thread while connecting to server cluster0-shard-00-00.4cxev.mongodb.net:27017

com.mongodb.MongoSocketException: cluster0-shard-00-00.4cxev.mongodb.net
	at com.mongodb.ServerAddress.getSocketAddresses(ServerAddress.java:217) ~[mongodb-driver-core-4.6.1.jar:?]
	at com.mongodb.internal.connection.SocketStream.initializeSocket(SocketStream.java:75) ~[mongodb-driver-core-4.6.1.jar:?]
	at com.mongodb.internal.connection.SocketStream.open(SocketStream.java:65) ~[mongodb-driver-core-4.6.1.jar:?]
	at com.mongodb.internal.connection.InternalStreamConnection.open(InternalStreamConnection.java:180) ~[mongodb-driver-core-4.6.1.jar:?]
	at com.mongodb.internal.connection.DefaultServerMonitor$ServerMonitorRunnable.lookupServerDescription(DefaultServerMonitor.java:193) ~[mongodb-driver-core-4.6.1.jar:?]
	at com.mongodb.internal.connection.DefaultServerMonitor$ServerMonitorRunnable.run(DefaultServerMonitor.java:157) ~[mongodb-driver-core-4.6.1.jar:?]
	at java.lang.Thread.run(Thread.java:829) ~[?:?]
Caused by: java.net.UnknownHostException: cluster0-shard-00-00.4cxev.mongodb.net
	at java.net.InetAddress$CachedAddresses.get(InetAddress.java:797) ~[?:?]
	at java.net.InetAddress.getAllByName0(InetAddress.java:1519) ~[?:?]
	at java.net.InetAddress.getAllByName(InetAddress.java:1378) ~[?:?]
	at java.net.InetAddress.getAllByName(InetAddress.java:1306) ~[?:?]
	at com.mongodb.ServerAddress.getSocketAddresses(ServerAddress.java:209) ~[mongodb-driver-core-4.6.1.jar:?]
	... 6 more

2023-01-31 21:56:46.988  INFO 873 --- [cluster-ClusterId{value='63d94154faa78b5d075d47db', description='null'}-cluster0-shard-00-02.4cxev.mongodb.net:27017] o.m.d.cluster                            : Exception in monitor thread while connecting to server cluster0-shard-00-02.4cxev.mongodb.net:27017

com.mongodb.MongoSocketException: cluster0-shard-00-02.4cxev.mongodb.net: nodename nor servname provided, or not known
	at com.mongodb.ServerAddress.getSocketAddresses(ServerAddress.java:217) ~[mongodb-driver-core-4.6.1.jar:?]
	at com.mongodb.internal.connection.SocketStream.initializeSocket(SocketStream.java:75) ~[mongodb-driver-core-4.6.1.jar:?]
	at com.mongodb.internal.connection.SocketStream.open(SocketStream.java:65) ~[mongodb-driver-core-4.6.1.jar:?]
	at com.mongodb.internal.connection.InternalStreamConnection.open(InternalStreamConnection.java:180) ~[mongodb-driver-core-4.6.1.jar:?]
	at com.mongodb.internal.connection.DefaultServerMonitor$ServerMonitorRunnable.lookupServerDescription(DefaultServerMonitor.java:193) ~[mongodb-driver-core-4.6.1.jar:?]
	at com.mongodb.internal.connection.DefaultServerMonitor$ServerMonitorRunnable.run(DefaultServerMonitor.java:157) ~[mongodb-driver-core-4.6.1.jar:?]
	at java.lang.Thread.run(Thread.java:829) ~[?:?]
Caused by: java.net.UnknownHostException: cluster0-shard-00-02.4cxev.mongodb.net: nodename nor servname provided, or not known
	at java.net.Inet6AddressImpl.lookupAllHostAddr(Native Method) ~[?:?]
	at java.net.InetAddress$PlatformNameService.lookupAllHostAddr(InetAddress.java:929) ~[?:?]
	at java.net.InetAddress.getAddressesFromNameService(InetAddress.java:1529) ~[?:?]
	at java.net.InetAddress$NameServiceAddresses.get(InetAddress.java:848) ~[?:?]
	at java.net.InetAddress.getAllByName0(InetAddress.java:1519) ~[?:?]
	at java.net.InetAddress.getAllByName(InetAddress.java:1378) ~[?:?]
	at java.net.InetAddress.getAllByName(InetAddress.java:1306) ~[?:?]
	at com.mongodb.ServerAddress.getSocketAddresses(ServerAddress.java:209) ~[mongodb-driver-core-4.6.1.jar:?]
	... 6 more

2023-02-01 05:30:45.536  INFO 873 --- [cluster-ClusterId{value='63d94154faa78b5d075d47db', description='null'}-cluster0-shard-00-02.4cxev.mongodb.net:27017] o.m.d.cluster                            : Exception in monitor thread while connecting to server cluster0-shard-00-02.4cxev.mongodb.net:27017

com.mongodb.MongoSocketException: cluster0-shard-00-02.4cxev.mongodb.net
	at com.mongodb.ServerAddress.getSocketAddresses(ServerAddress.java:217) ~[mongodb-driver-core-4.6.1.jar:?]
	at com.mongodb.internal.connection.SocketStream.initializeSocket(SocketStream.java:75) ~[mongodb-driver-core-4.6.1.jar:?]
	at com.mongodb.internal.connection.SocketStream.open(SocketStream.java:65) ~[mongodb-driver-core-4.6.1.jar:?]
	at com.mongodb.internal.connection.InternalStreamConnection.open(InternalStreamConnection.java:180) ~[mongodb-driver-core-4.6.1.jar:?]
	at com.mongodb.internal.connection.DefaultServerMonitor$ServerMonitorRunnable.lookupServerDescription(DefaultServerMonitor.java:193) ~[mongodb-driver-core-4.6.1.jar:?]
	at com.mongodb.internal.connection.DefaultServerMonitor$ServerMonitorRunnable.run(DefaultServerMonitor.java:157) ~[mongodb-driver-core-4.6.1.jar:?]
	at java.lang.Thread.run(Thread.java:829) ~[?:?]
Caused by: java.net.UnknownHostException: cluster0-shard-00-02.4cxev.mongodb.net
	at java.net.InetAddress$CachedAddresses.get(InetAddress.java:797) ~[?:?]
	at java.net.InetAddress.getAllByName0(InetAddress.java:1519) ~[?:?]
	at java.net.InetAddress.getAllByName(InetAddress.java:1378) ~[?:?]
	at java.net.InetAddress.getAllByName(InetAddress.java:1306) ~[?:?]
	at com.mongodb.ServerAddress.getSocketAddresses(ServerAddress.java:209) ~[mongodb-driver-core-4.6.1.jar:?]
	... 6 more

2023-02-01 05:30:46.083  INFO 873 --- [cluster-ClusterId{value='63d94154faa78b5d075d47db', description='null'}-cluster0-shard-00-00.4cxev.mongodb.net:27017] o.m.d.cluster                            : Exception in monitor thread while connecting to server cluster0-shard-00-00.4cxev.mongodb.net:27017

com.mongodb.MongoSocketException: cluster0-shard-00-00.4cxev.mongodb.net: nodename nor servname provided, or not known
	at com.mongodb.ServerAddress.getSocketAddresses(ServerAddress.java:217) ~[mongodb-driver-core-4.6.1.jar:?]
	at com.mongodb.internal.connection.SocketStream.initializeSocket(SocketStream.java:75) ~[mongodb-driver-core-4.6.1.jar:?]
	at com.mongodb.internal.connection.SocketStream.open(SocketStream.java:65) ~[mongodb-driver-core-4.6.1.jar:?]
	at com.mongodb.internal.connection.InternalStreamConnection.open(InternalStreamConnection.java:180) ~[mongodb-driver-core-4.6.1.jar:?]
	at com.mongodb.internal.connection.DefaultServerMonitor$ServerMonitorRunnable.lookupServerDescription(DefaultServerMonitor.java:193) ~[mongodb-driver-core-4.6.1.jar:?]
	at com.mongodb.internal.connection.DefaultServerMonitor$ServerMonitorRunnable.run(DefaultServerMonitor.java:157) ~[mongodb-driver-core-4.6.1.jar:?]
	at java.lang.Thread.run(Thread.java:829) ~[?:?]
Caused by: java.net.UnknownHostException: cluster0-shard-00-00.4cxev.mongodb.net: nodename nor servname provided, or not known
	at java.net.Inet6AddressImpl.lookupAllHostAddr(Native Method) ~[?:?]
	at java.net.InetAddress$PlatformNameService.lookupAllHostAddr(InetAddress.java:929) ~[?:?]
	at java.net.InetAddress.getAddressesFromNameService(InetAddress.java:1529) ~[?:?]
	at java.net.InetAddress$NameServiceAddresses.get(InetAddress.java:848) ~[?:?]
	at java.net.InetAddress.getAllByName0(InetAddress.java:1519) ~[?:?]
	at java.net.InetAddress.getAllByName(InetAddress.java:1378) ~[?:?]
	at java.net.InetAddress.getAllByName(InetAddress.java:1306) ~[?:?]
	at com.mongodb.ServerAddress.getSocketAddresses(ServerAddress.java:209) ~[mongodb-driver-core-4.6.1.jar:?]
	... 6 more

2023-02-01 05:30:46.582  INFO 873 --- [cluster-ClusterId{value='63d94154faa78b5d075d47db', description='null'}-cluster0-shard-00-01.4cxev.mongodb.net:27017] o.m.d.cluster                            : Exception in monitor thread while connecting to server cluster0-shard-00-01.4cxev.mongodb.net:27017

com.mongodb.MongoSocketReadTimeoutException: Timeout while receiving message
	at com.mongodb.internal.connection.InternalStreamConnection.translateReadException(InternalStreamConnection.java:696) ~[mongodb-driver-core-4.6.1.jar:?]
	at com.mongodb.internal.connection.InternalStreamConnection.receiveMessageWithAdditionalTimeout(InternalStreamConnection.java:574) ~[mongodb-driver-core-4.6.1.jar:?]
	at com.mongodb.internal.connection.InternalStreamConnection.receiveCommandMessageResponse(InternalStreamConnection.java:410) ~[mongodb-driver-core-4.6.1.jar:?]
	at com.mongodb.internal.connection.InternalStreamConnection.receive(InternalStreamConnection.java:369) ~[mongodb-driver-core-4.6.1.jar:?]
	at com.mongodb.internal.connection.DefaultServerMonitor$ServerMonitorRunnable.lookupServerDescription(DefaultServerMonitor.java:221) ~[mongodb-driver-core-4.6.1.jar:?]
	at com.mongodb.internal.connection.DefaultServerMonitor$ServerMonitorRunnable.run(DefaultServerMonitor.java:157) ~[mongodb-driver-core-4.6.1.jar:?]
	at java.lang.Thread.run(Thread.java:829) ~[?:?]
Caused by: java.net.SocketTimeoutException: Read timed out
	at java.net.SocketInputStream.socketRead0(Native Method) ~[?:?]
	at java.net.SocketInputStream.socketRead(SocketInputStream.java:115) ~[?:?]
	at java.net.SocketInputStream.read(SocketInputStream.java:168) ~[?:?]
	at java.net.SocketInputStream.read(SocketInputStream.java:140) ~[?:?]
	at sun.security.ssl.SSLSocketInputRecord.read(SSLSocketInputRecord.java:478) ~[?:?]
	at sun.security.ssl.SSLSocketInputRecord.readHeader(SSLSocketInputRecord.java:472) ~[?:?]
	at sun.security.ssl.SSLSocketInputRecord.bytesInCompletePacket(SSLSocketInputRecord.java:70) ~[?:?]
	at sun.security.ssl.SSLSocketImpl.readApplicationRecord(SSLSocketImpl.java:1454) ~[?:?]
	at sun.security.ssl.SSLSocketImpl$AppInputStream.read(SSLSocketImpl.java:1065) ~[?:?]
	at com.mongodb.internal.connection.SocketStream.read(SocketStream.java:110) ~[mongodb-driver-core-4.6.1.jar:?]
	at com.mongodb.internal.connection.SocketStream.read(SocketStream.java:135) ~[mongodb-driver-core-4.6.1.jar:?]
	at com.mongodb.internal.connection.InternalStreamConnection.receiveResponseBuffers(InternalStreamConnection.java:713) ~[mongodb-driver-core-4.6.1.jar:?]
	at com.mongodb.internal.connection.InternalStreamConnection.receiveMessageWithAdditionalTimeout(InternalStreamConnection.java:571) ~[mongodb-driver-core-4.6.1.jar:?]
	... 5 more

2023-02-01 05:30:46.611  INFO 873 --- [cluster-ClusterId{value='63d94154faa78b5d075d47db', description='null'}-cluster0-shard-00-01.4cxev.mongodb.net:27017] o.m.d.cluster                            : Exception in monitor thread while connecting to server cluster0-shard-00-01.4cxev.mongodb.net:27017

com.mongodb.MongoSocketException: cluster0-shard-00-01.4cxev.mongodb.net
	at com.mongodb.ServerAddress.getSocketAddresses(ServerAddress.java:217) ~[mongodb-driver-core-4.6.1.jar:?]
	at com.mongodb.internal.connection.SocketStream.initializeSocket(SocketStream.java:75) ~[mongodb-driver-core-4.6.1.jar:?]
	at com.mongodb.internal.connection.SocketStream.open(SocketStream.java:65) ~[mongodb-driver-core-4.6.1.jar:?]
	at com.mongodb.internal.connection.InternalStreamConnection.open(InternalStreamConnection.java:180) ~[mongodb-driver-core-4.6.1.jar:?]
	at com.mongodb.internal.connection.DefaultServerMonitor$ServerMonitorRunnable.lookupServerDescription(DefaultServerMonitor.java:193) ~[mongodb-driver-core-4.6.1.jar:?]
	at com.mongodb.internal.connection.DefaultServerMonitor$ServerMonitorRunnable.run(DefaultServerMonitor.java:157) ~[mongodb-driver-core-4.6.1.jar:?]
	at java.lang.Thread.run(Thread.java:829) ~[?:?]
Caused by: java.net.UnknownHostException: cluster0-shard-00-01.4cxev.mongodb.net
	at java.net.InetAddress$CachedAddresses.get(InetAddress.java:797) ~[?:?]
	at java.net.InetAddress.getAllByName0(InetAddress.java:1519) ~[?:?]
	at java.net.InetAddress.getAllByName(InetAddress.java:1378) ~[?:?]
	at java.net.InetAddress.getAllByName(InetAddress.java:1306) ~[?:?]
	at com.mongodb.ServerAddress.getSocketAddresses(ServerAddress.java:209) ~[mongodb-driver-core-4.6.1.jar:?]
	... 6 more

2023-02-01 05:30:56.195  INFO 873 --- [cluster-rtt-ClusterId{value='63d94154faa78b5d075d47db', description='null'}-cluster0-shard-00-00.4cxev.mongodb.net:27017] o.m.d.connection                         : Opened connection [connectionId{localValue:20, serverValue:115476}] to cluster0-shard-00-00.4cxev.mongodb.net:27017
2023-02-01 05:30:56.198  INFO 873 --- [cluster-rtt-ClusterId{value='63d94154faa78b5d075d47db', description='null'}-cluster0-shard-00-01.4cxev.mongodb.net:27017] o.m.d.connection                         : Opened connection [connectionId{localValue:18, serverValue:120426}] to cluster0-shard-00-01.4cxev.mongodb.net:27017
2023-02-01 05:30:56.204  INFO 873 --- [cluster-rtt-ClusterId{value='63d94154faa78b5d075d47db', description='null'}-cluster0-shard-00-02.4cxev.mongodb.net:27017] o.m.d.connection                         : Opened connection [connectionId{localValue:19, serverValue:114251}] to cluster0-shard-00-02.4cxev.mongodb.net:27017
2023-02-01 05:30:56.206  INFO 873 --- [cluster-ClusterId{value='63d94154faa78b5d075d47db', description='null'}-cluster0-shard-00-00.4cxev.mongodb.net:27017] o.m.d.connection                         : Opened connection [connectionId{localValue:21, serverValue:115476}] to cluster0-shard-00-00.4cxev.mongodb.net:27017
2023-02-01 05:30:56.207  INFO 873 --- [cluster-ClusterId{value='63d94154faa78b5d075d47db', description='null'}-cluster0-shard-00-00.4cxev.mongodb.net:27017] o.m.d.cluster                            : Monitor thread successfully connected to server with description ServerDescription{address=cluster0-shard-00-00.4cxev.mongodb.net:27017, type=REPLICA_SET_SECONDARY, state=CONNECTED, ok=true, minWireVersion=0, maxWireVersion=13, maxDocumentSize=16777216, logicalSessionTimeoutMinutes=30, roundTripTimeNanos=189952492, setName='atlas-fo286n-shard-0', canonicalAddress=cluster0-shard-00-00.4cxev.mongodb.net:27017, hosts=[cluster0-shard-00-00.4cxev.mongodb.net:27017, cluster0-shard-00-02.4cxev.mongodb.net:27017, cluster0-shard-00-01.4cxev.mongodb.net:27017], passives=[], arbiters=[], primary='cluster0-shard-00-01.4cxev.mongodb.net:27017', tagSet=TagSet{[Tag{name='nodeType', value='ELECTABLE'}, Tag{name='provider', value='AWS'}, Tag{name='region', value='EU_CENTRAL_1'}, Tag{name='workloadType', value='OPERATIONAL'}]}, electionId=null, setVersion=7, topologyVersion=TopologyVersion{processId=63d70dbcf38602d34d2c6d43, counter=4}, lastWriteDate=Wed Feb 01 05:30:56 CET 2023, lastUpdateTimeNanos=1095315535730}
2023-02-01 05:30:56.510  INFO 873 --- [cluster-ClusterId{value='63d94154faa78b5d075d47db', description='null'}-cluster0-shard-00-01.4cxev.mongodb.net:27017] o.m.d.connection                         : Opened connection [connectionId{localValue:22, serverValue:120444}] to cluster0-shard-00-01.4cxev.mongodb.net:27017
2023-02-01 05:30:56.511  INFO 873 --- [cluster-ClusterId{value='63d94154faa78b5d075d47db', description='null'}-cluster0-shard-00-01.4cxev.mongodb.net:27017] o.m.d.cluster                            : Monitor thread successfully connected to server with description ServerDescription{address=cluster0-shard-00-01.4cxev.mongodb.net:27017, type=REPLICA_SET_PRIMARY, state=CONNECTED, ok=true, minWireVersion=0, maxWireVersion=13, maxDocumentSize=16777216, logicalSessionTimeoutMinutes=30, roundTripTimeNanos=65560730, setName='atlas-fo286n-shard-0', canonicalAddress=cluster0-shard-00-01.4cxev.mongodb.net:27017, hosts=[cluster0-shard-00-00.4cxev.mongodb.net:27017, cluster0-shard-00-02.4cxev.mongodb.net:27017, cluster0-shard-00-01.4cxev.mongodb.net:27017], passives=[], arbiters=[], primary='cluster0-shard-00-01.4cxev.mongodb.net:27017', tagSet=TagSet{[Tag{name='nodeType', value='ELECTABLE'}, Tag{name='provider', value='AWS'}, Tag{name='region', value='EU_CENTRAL_1'}, Tag{name='workloadType', value='OPERATIONAL'}]}, electionId=7fffffff0000000000000269, setVersion=7, topologyVersion=TopologyVersion{processId=63d70e9d46a7aec6581d30f9, counter=6}, lastWriteDate=Wed Feb 01 05:30:56 CET 2023, lastUpdateTimeNanos=1095620179111}
2023-02-01 05:30:56.511  INFO 873 --- [cluster-ClusterId{value='63d94154faa78b5d075d47db', description='null'}-cluster0-shard-00-01.4cxev.mongodb.net:27017] o.m.d.cluster                            : Discovered replica set primary cluster0-shard-00-01.4cxev.mongodb.net:27017
2023-02-01 07:35:13.878  INFO 873 --- [cluster-ClusterId{value='63d94154faa78b5d075d47db', description='null'}-cluster0-shard-00-02.4cxev.mongodb.net:27017] o.m.d.connection                         : Opened connection [connectionId{localValue:23, serverValue:118006}] to cluster0-shard-00-02.4cxev.mongodb.net:27017
2023-02-01 07:35:13.882  INFO 873 --- [cluster-ClusterId{value='63d94154faa78b5d075d47db', description='null'}-cluster0-shard-00-02.4cxev.mongodb.net:27017] o.m.d.cluster                            : Monitor thread successfully connected to server with description ServerDescription{address=cluster0-shard-00-02.4cxev.mongodb.net:27017, type=REPLICA_SET_SECONDARY, state=CONNECTED, ok=true, minWireVersion=0, maxWireVersion=13, maxDocumentSize=16777216, logicalSessionTimeoutMinutes=30, roundTripTimeNanos=471438111, setName='atlas-fo286n-shard-0', canonicalAddress=cluster0-shard-00-02.4cxev.mongodb.net:27017, hosts=[cluster0-shard-00-00.4cxev.mongodb.net:27017, cluster0-shard-00-02.4cxev.mongodb.net:27017, cluster0-shard-00-01.4cxev.mongodb.net:27017], passives=[], arbiters=[], primary='cluster0-shard-00-01.4cxev.mongodb.net:27017', tagSet=TagSet{[Tag{name='nodeType', value='ELECTABLE'}, Tag{name='provider', value='AWS'}, Tag{name='region', value='EU_CENTRAL_1'}, Tag{name='workloadType', value='OPERATIONAL'}]}, electionId=null, setVersion=7, topologyVersion=TopologyVersion{processId=63d70faeb3be0e114b5ad81e, counter=3}, lastWriteDate=Wed Feb 01 07:35:13 CET 2023, lastUpdateTimeNanos=1105183216859}
2023-02-01 16:00:05.106  INFO 873 --- [cluster-ClusterId{value='63d94154faa78b5d075d47db', description='null'}-cluster0-shard-00-01.4cxev.mongodb.net:27017] o.m.d.cluster                            : Exception in monitor thread while connecting to server cluster0-shard-00-01.4cxev.mongodb.net:27017

com.mongodb.MongoSocketReadTimeoutException: Timeout while receiving message
	at com.mongodb.internal.connection.InternalStreamConnection.translateReadException(InternalStreamConnection.java:696) ~[mongodb-driver-core-4.6.1.jar:?]
	at com.mongodb.internal.connection.InternalStreamConnection.receiveMessageWithAdditionalTimeout(InternalStreamConnection.java:574) ~[mongodb-driver-core-4.6.1.jar:?]
	at com.mongodb.internal.connection.InternalStreamConnection.receiveCommandMessageResponse(InternalStreamConnection.java:410) ~[mongodb-driver-core-4.6.1.jar:?]
	at com.mongodb.internal.connection.InternalStreamConnection.receive(InternalStreamConnection.java:369) ~[mongodb-driver-core-4.6.1.jar:?]
	at com.mongodb.internal.connection.DefaultServerMonitor$ServerMonitorRunnable.lookupServerDescription(DefaultServerMonitor.java:221) ~[mongodb-driver-core-4.6.1.jar:?]
	at com.mongodb.internal.connection.DefaultServerMonitor$ServerMonitorRunnable.run(DefaultServerMonitor.java:157) ~[mongodb-driver-core-4.6.1.jar:?]
	at java.lang.Thread.run(Thread.java:829) ~[?:?]
Caused by: java.net.SocketTimeoutException: Read timed out
	at java.net.SocketInputStream.socketRead0(Native Method) ~[?:?]
	at java.net.SocketInputStream.socketRead(SocketInputStream.java:115) ~[?:?]
	at java.net.SocketInputStream.read(SocketInputStream.java:168) ~[?:?]
	at java.net.SocketInputStream.read(SocketInputStream.java:140) ~[?:?]
	at sun.security.ssl.SSLSocketInputRecord.read(SSLSocketInputRecord.java:478) ~[?:?]
	at sun.security.ssl.SSLSocketInputRecord.readHeader(SSLSocketInputRecord.java:472) ~[?:?]
	at sun.security.ssl.SSLSocketInputRecord.bytesInCompletePacket(SSLSocketInputRecord.java:70) ~[?:?]
	at sun.security.ssl.SSLSocketImpl.readApplicationRecord(SSLSocketImpl.java:1454) ~[?:?]
	at sun.security.ssl.SSLSocketImpl$AppInputStream.read(SSLSocketImpl.java:1065) ~[?:?]
	at com.mongodb.internal.connection.SocketStream.read(SocketStream.java:110) ~[mongodb-driver-core-4.6.1.jar:?]
	at com.mongodb.internal.connection.SocketStream.read(SocketStream.java:135) ~[mongodb-driver-core-4.6.1.jar:?]
	at com.mongodb.internal.connection.InternalStreamConnection.receiveResponseBuffers(InternalStreamConnection.java:713) ~[mongodb-driver-core-4.6.1.jar:?]
	at com.mongodb.internal.connection.InternalStreamConnection.receiveMessageWithAdditionalTimeout(InternalStreamConnection.java:571) ~[mongodb-driver-core-4.6.1.jar:?]
	... 5 more

2023-02-01 16:00:05.106  INFO 873 --- [cluster-ClusterId{value='63d94154faa78b5d075d47db', description='null'}-cluster0-shard-00-00.4cxev.mongodb.net:27017] o.m.d.cluster                            : Exception in monitor thread while connecting to server cluster0-shard-00-00.4cxev.mongodb.net:27017

com.mongodb.MongoSocketReadTimeoutException: Timeout while receiving message
	at com.mongodb.internal.connection.InternalStreamConnection.translateReadException(InternalStreamConnection.java:696) ~[mongodb-driver-core-4.6.1.jar:?]
	at com.mongodb.internal.connection.InternalStreamConnection.receiveMessageWithAdditionalTimeout(InternalStreamConnection.java:574) ~[mongodb-driver-core-4.6.1.jar:?]
	at com.mongodb.internal.connection.InternalStreamConnection.receiveCommandMessageResponse(InternalStreamConnection.java:410) ~[mongodb-driver-core-4.6.1.jar:?]
	at com.mongodb.internal.connection.InternalStreamConnection.receive(InternalStreamConnection.java:369) ~[mongodb-driver-core-4.6.1.jar:?]
	at com.mongodb.internal.connection.DefaultServerMonitor$ServerMonitorRunnable.lookupServerDescription(DefaultServerMonitor.java:221) ~[mongodb-driver-core-4.6.1.jar:?]
	at com.mongodb.internal.connection.DefaultServerMonitor$ServerMonitorRunnable.run(DefaultServerMonitor.java:157) ~[mongodb-driver-core-4.6.1.jar:?]
	at java.lang.Thread.run(Thread.java:829) ~[?:?]
Caused by: java.net.SocketTimeoutException: Read timed out
	at java.net.SocketInputStream.socketRead0(Native Method) ~[?:?]
	at java.net.SocketInputStream.socketRead(SocketInputStream.java:115) ~[?:?]
	at java.net.SocketInputStream.read(SocketInputStream.java:168) ~[?:?]
	at java.net.SocketInputStream.read(SocketInputStream.java:140) ~[?:?]
	at sun.security.ssl.SSLSocketInputRecord.read(SSLSocketInputRecord.java:478) ~[?:?]
	at sun.security.ssl.SSLSocketInputRecord.readHeader(SSLSocketInputRecord.java:472) ~[?:?]
	at sun.security.ssl.SSLSocketInputRecord.bytesInCompletePacket(SSLSocketInputRecord.java:70) ~[?:?]
	at sun.security.ssl.SSLSocketImpl.readApplicationRecord(SSLSocketImpl.java:1454) ~[?:?]
	at sun.security.ssl.SSLSocketImpl$AppInputStream.read(SSLSocketImpl.java:1065) ~[?:?]
	at com.mongodb.internal.connection.SocketStream.read(SocketStream.java:110) ~[mongodb-driver-core-4.6.1.jar:?]
	at com.mongodb.internal.connection.SocketStream.read(SocketStream.java:135) ~[mongodb-driver-core-4.6.1.jar:?]
	at com.mongodb.internal.connection.InternalStreamConnection.receiveResponseBuffers(InternalStreamConnection.java:713) ~[mongodb-driver-core-4.6.1.jar:?]
	at com.mongodb.internal.connection.InternalStreamConnection.receiveMessageWithAdditionalTimeout(InternalStreamConnection.java:571) ~[mongodb-driver-core-4.6.1.jar:?]
	... 5 more

2023-02-01 16:00:05.174  INFO 873 --- [cluster-ClusterId{value='63d94154faa78b5d075d47db', description='null'}-cluster0-shard-00-00.4cxev.mongodb.net:27017] o.m.d.cluster                            : Exception in monitor thread while connecting to server cluster0-shard-00-00.4cxev.mongodb.net:27017

com.mongodb.MongoSocketOpenException: Exception opening socket
	at com.mongodb.internal.connection.SocketStream.open(SocketStream.java:70) ~[mongodb-driver-core-4.6.1.jar:?]
	at com.mongodb.internal.connection.InternalStreamConnection.open(InternalStreamConnection.java:180) ~[mongodb-driver-core-4.6.1.jar:?]
	at com.mongodb.internal.connection.DefaultServerMonitor$ServerMonitorRunnable.lookupServerDescription(DefaultServerMonitor.java:193) ~[mongodb-driver-core-4.6.1.jar:?]
	at com.mongodb.internal.connection.DefaultServerMonitor$ServerMonitorRunnable.run(DefaultServerMonitor.java:157) ~[mongodb-driver-core-4.6.1.jar:?]
	at java.lang.Thread.run(Thread.java:829) ~[?:?]
Caused by: java.net.ConnectException: Network is unreachable (connect failed)
	at java.net.PlainSocketImpl.socketConnect(Native Method) ~[?:?]
	at java.net.AbstractPlainSocketImpl.doConnect(AbstractPlainSocketImpl.java:412) ~[?:?]
	at java.net.AbstractPlainSocketImpl.connectToAddress(AbstractPlainSocketImpl.java:255) ~[?:?]
	at java.net.AbstractPlainSocketImpl.connect(AbstractPlainSocketImpl.java:237) ~[?:?]
	at java.net.SocksSocketImpl.connect(SocksSocketImpl.java:392) ~[?:?]
	at java.net.Socket.connect(Socket.java:609) ~[?:?]
	at sun.security.ssl.SSLSocketImpl.connect(SSLSocketImpl.java:305) ~[?:?]
	at com.mongodb.internal.connection.SocketStreamHelper.initialize(SocketStreamHelper.java:107) ~[mongodb-driver-core-4.6.1.jar:?]
	at com.mongodb.internal.connection.SocketStream.initializeSocket(SocketStream.java:79) ~[mongodb-driver-core-4.6.1.jar:?]
	at com.mongodb.internal.connection.SocketStream.open(SocketStream.java:65) ~[mongodb-driver-core-4.6.1.jar:?]
	... 4 more

2023-02-01 16:00:05.174  INFO 873 --- [cluster-ClusterId{value='63d94154faa78b5d075d47db', description='null'}-cluster0-shard-00-01.4cxev.mongodb.net:27017] o.m.d.cluster                            : Exception in monitor thread while connecting to server cluster0-shard-00-01.4cxev.mongodb.net:27017

com.mongodb.MongoSocketOpenException: Exception opening socket
	at com.mongodb.internal.connection.SocketStream.open(SocketStream.java:70) ~[mongodb-driver-core-4.6.1.jar:?]
	at com.mongodb.internal.connection.InternalStreamConnection.open(InternalStreamConnection.java:180) ~[mongodb-driver-core-4.6.1.jar:?]
	at com.mongodb.internal.connection.DefaultServerMonitor$ServerMonitorRunnable.lookupServerDescription(DefaultServerMonitor.java:193) ~[mongodb-driver-core-4.6.1.jar:?]
	at com.mongodb.internal.connection.DefaultServerMonitor$ServerMonitorRunnable.run(DefaultServerMonitor.java:157) ~[mongodb-driver-core-4.6.1.jar:?]
	at java.lang.Thread.run(Thread.java:829) ~[?:?]
Caused by: java.net.ConnectException: Network is unreachable (connect failed)
	at java.net.PlainSocketImpl.socketConnect(Native Method) ~[?:?]
	at java.net.AbstractPlainSocketImpl.doConnect(AbstractPlainSocketImpl.java:412) ~[?:?]
	at java.net.AbstractPlainSocketImpl.connectToAddress(AbstractPlainSocketImpl.java:255) ~[?:?]
	at java.net.AbstractPlainSocketImpl.connect(AbstractPlainSocketImpl.java:237) ~[?:?]
	at java.net.SocksSocketImpl.connect(SocksSocketImpl.java:392) ~[?:?]
	at java.net.Socket.connect(Socket.java:609) ~[?:?]
	at sun.security.ssl.SSLSocketImpl.connect(SSLSocketImpl.java:305) ~[?:?]
	at com.mongodb.internal.connection.SocketStreamHelper.initialize(SocketStreamHelper.java:107) ~[mongodb-driver-core-4.6.1.jar:?]
	at com.mongodb.internal.connection.SocketStream.initializeSocket(SocketStream.java:79) ~[mongodb-driver-core-4.6.1.jar:?]
	at com.mongodb.internal.connection.SocketStream.open(SocketStream.java:65) ~[mongodb-driver-core-4.6.1.jar:?]
	... 4 more

2023-02-01 16:16:45.010  INFO 873 --- [cluster-rtt-ClusterId{value='63d94154faa78b5d075d47db', description='null'}-cluster0-shard-00-02.4cxev.mongodb.net:27017] o.m.d.connection                         : Opened connection [connectionId{localValue:27, serverValue:136672}] to cluster0-shard-00-02.4cxev.mongodb.net:27017
2023-02-01 16:16:45.177  INFO 873 --- [cluster-rtt-ClusterId{value='63d94154faa78b5d075d47db', description='null'}-cluster0-shard-00-01.4cxev.mongodb.net:27017] o.m.d.connection                         : Opened connection [connectionId{localValue:28, serverValue:144150}] to cluster0-shard-00-01.4cxev.mongodb.net:27017
2023-02-01 16:16:45.177  INFO 873 --- [cluster-rtt-ClusterId{value='63d94154faa78b5d075d47db', description='null'}-cluster0-shard-00-00.4cxev.mongodb.net:27017] o.m.d.connection                         : Opened connection [connectionId{localValue:26, serverValue:137904}] to cluster0-shard-00-00.4cxev.mongodb.net:27017
2023-02-01 16:16:45.177  INFO 873 --- [cluster-ClusterId{value='63d94154faa78b5d075d47db', description='null'}-cluster0-shard-00-00.4cxev.mongodb.net:27017] o.m.d.connection                         : Opened connection [connectionId{localValue:29, serverValue:137904}] to cluster0-shard-00-00.4cxev.mongodb.net:27017
2023-02-01 16:16:45.177  INFO 873 --- [cluster-ClusterId{value='63d94154faa78b5d075d47db', description='null'}-cluster0-shard-00-01.4cxev.mongodb.net:27017] o.m.d.connection                         : Opened connection [connectionId{localValue:30, serverValue:144150}] to cluster0-shard-00-01.4cxev.mongodb.net:27017
2023-02-01 16:16:45.178  INFO 873 --- [cluster-ClusterId{value='63d94154faa78b5d075d47db', description='null'}-cluster0-shard-00-01.4cxev.mongodb.net:27017] o.m.d.cluster                            : Monitor thread successfully connected to server with description ServerDescription{address=cluster0-shard-00-01.4cxev.mongodb.net:27017, type=REPLICA_SET_PRIMARY, state=CONNECTED, ok=true, minWireVersion=0, maxWireVersion=13, maxDocumentSize=16777216, logicalSessionTimeoutMinutes=30, roundTripTimeNanos=313720863, setName='atlas-fo286n-shard-0', canonicalAddress=cluster0-shard-00-01.4cxev.mongodb.net:27017, hosts=[cluster0-shard-00-00.4cxev.mongodb.net:27017, cluster0-shard-00-02.4cxev.mongodb.net:27017, cluster0-shard-00-01.4cxev.mongodb.net:27017], passives=[], arbiters=[], primary='cluster0-shard-00-01.4cxev.mongodb.net:27017', tagSet=TagSet{[Tag{name='nodeType', value='ELECTABLE'}, Tag{name='provider', value='AWS'}, Tag{name='region', value='EU_CENTRAL_1'}, Tag{name='workloadType', value='OPERATIONAL'}]}, electionId=7fffffff0000000000000269, setVersion=7, topologyVersion=TopologyVersion{processId=63d70e9d46a7aec6581d30f9, counter=6}, lastWriteDate=Wed Feb 01 16:16:45 CET 2023, lastUpdateTimeNanos=1128622631066}
2023-02-01 16:16:45.178  INFO 873 --- [cluster-ClusterId{value='63d94154faa78b5d075d47db', description='null'}-cluster0-shard-00-00.4cxev.mongodb.net:27017] o.m.d.cluster                            : Monitor thread successfully connected to server with description ServerDescription{address=cluster0-shard-00-00.4cxev.mongodb.net:27017, type=REPLICA_SET_SECONDARY, state=CONNECTED, ok=true, minWireVersion=0, maxWireVersion=13, maxDocumentSize=16777216, logicalSessionTimeoutMinutes=30, roundTripTimeNanos=347622873, setName='atlas-fo286n-shard-0', canonicalAddress=cluster0-shard-00-00.4cxev.mongodb.net:27017, hosts=[cluster0-shard-00-00.4cxev.mongodb.net:27017, cluster0-shard-00-02.4cxev.mongodb.net:27017, cluster0-shard-00-01.4cxev.mongodb.net:27017], passives=[], arbiters=[], primary='cluster0-shard-00-01.4cxev.mongodb.net:27017', tagSet=TagSet{[Tag{name='nodeType', value='ELECTABLE'}, Tag{name='provider', value='AWS'}, Tag{name='region', value='EU_CENTRAL_1'}, Tag{name='workloadType', value='OPERATIONAL'}]}, electionId=null, setVersion=7, topologyVersion=TopologyVersion{processId=63d70dbcf38602d34d2c6d43, counter=4}, lastWriteDate=Wed Feb 01 16:16:45 CET 2023, lastUpdateTimeNanos=1128622281800}
2023-02-01 16:16:45.180  INFO 873 --- [cluster-ClusterId{value='63d94154faa78b5d075d47db', description='null'}-cluster0-shard-00-01.4cxev.mongodb.net:27017] o.m.d.cluster                            : Discovered replica set primary cluster0-shard-00-01.4cxev.mongodb.net:27017
2023-02-01 16:16:45.977  INFO 873 --- [cluster-ClusterId{value='63d94154faa78b5d075d47db', description='null'}-cluster0-shard-00-02.4cxev.mongodb.net:27017] o.m.d.cluster                            : Exception in monitor thread while connecting to server cluster0-shard-00-02.4cxev.mongodb.net:27017

com.mongodb.MongoSocketReadException: Exception receiving message
	at com.mongodb.internal.connection.InternalStreamConnection.translateReadException(InternalStreamConnection.java:702) ~[mongodb-driver-core-4.6.1.jar:?]
	at com.mongodb.internal.connection.InternalStreamConnection.receiveMessageWithAdditionalTimeout(InternalStreamConnection.java:574) ~[mongodb-driver-core-4.6.1.jar:?]
	at com.mongodb.internal.connection.InternalStreamConnection.receiveCommandMessageResponse(InternalStreamConnection.java:410) ~[mongodb-driver-core-4.6.1.jar:?]
	at com.mongodb.internal.connection.InternalStreamConnection.receive(InternalStreamConnection.java:369) ~[mongodb-driver-core-4.6.1.jar:?]
	at com.mongodb.internal.connection.DefaultServerMonitor$ServerMonitorRunnable.lookupServerDescription(DefaultServerMonitor.java:221) ~[mongodb-driver-core-4.6.1.jar:?]
	at com.mongodb.internal.connection.DefaultServerMonitor$ServerMonitorRunnable.run(DefaultServerMonitor.java:157) ~[mongodb-driver-core-4.6.1.jar:?]
	at java.lang.Thread.run(Thread.java:829) ~[?:?]
Caused by: java.net.SocketException: Socket is closed
	at java.net.Socket.setSoTimeout(Socket.java:1155) ~[?:?]
	at sun.security.ssl.BaseSSLSocketImpl.setSoTimeout(BaseSSLSocketImpl.java:637) ~[?:?]
	at sun.security.ssl.SSLSocketImpl.setSoTimeout(SSLSocketImpl.java:75) ~[?:?]
	at com.mongodb.internal.connection.SocketStream.read(SocketStream.java:137) ~[mongodb-driver-core-4.6.1.jar:?]
	at com.mongodb.internal.connection.InternalStreamConnection.receiveResponseBuffers(InternalStreamConnection.java:713) ~[mongodb-driver-core-4.6.1.jar:?]
	at com.mongodb.internal.connection.InternalStreamConnection.receiveMessageWithAdditionalTimeout(InternalStreamConnection.java:571) ~[mongodb-driver-core-4.6.1.jar:?]
	... 5 more

2023-02-01 16:16:46.472  INFO 873 --- [cluster-ClusterId{value='63d94154faa78b5d075d47db', description='null'}-cluster0-shard-00-02.4cxev.mongodb.net:27017] o.m.d.connection                         : Opened connection [connectionId{localValue:31, serverValue:136676}] to cluster0-shard-00-02.4cxev.mongodb.net:27017
2023-02-01 16:16:46.472  INFO 873 --- [cluster-ClusterId{value='63d94154faa78b5d075d47db', description='null'}-cluster0-shard-00-02.4cxev.mongodb.net:27017] o.m.d.cluster                            : Monitor thread successfully connected to server with description ServerDescription{address=cluster0-shard-00-02.4cxev.mongodb.net:27017, type=REPLICA_SET_SECONDARY, state=CONNECTED, ok=true, minWireVersion=0, maxWireVersion=13, maxDocumentSize=16777216, logicalSessionTimeoutMinutes=30, roundTripTimeNanos=179845739, setName='atlas-fo286n-shard-0', canonicalAddress=cluster0-shard-00-02.4cxev.mongodb.net:27017, hosts=[cluster0-shard-00-00.4cxev.mongodb.net:27017, cluster0-shard-00-02.4cxev.mongodb.net:27017, cluster0-shard-00-01.4cxev.mongodb.net:27017], passives=[], arbiters=[], primary='cluster0-shard-00-01.4cxev.mongodb.net:27017', tagSet=TagSet{[Tag{name='nodeType', value='ELECTABLE'}, Tag{name='provider', value='AWS'}, Tag{name='region', value='EU_CENTRAL_1'}, Tag{name='workloadType', value='OPERATIONAL'}]}, electionId=null, setVersion=7, topologyVersion=TopologyVersion{processId=63d70faeb3be0e114b5ad81e, counter=3}, lastWriteDate=Wed Feb 01 16:16:46 CET 2023, lastUpdateTimeNanos=1129917177604}
2023-02-01 18:30:01.736  INFO 873 --- [cluster-ClusterId{value='63d94154faa78b5d075d47db', description='null'}-cluster0-shard-00-00.4cxev.mongodb.net:27017] o.m.d.cluster                            : Exception in monitor thread while connecting to server cluster0-shard-00-00.4cxev.mongodb.net:27017

com.mongodb.MongoSocketReadTimeoutException: Timeout while receiving message
	at com.mongodb.internal.connection.InternalStreamConnection.translateReadException(InternalStreamConnection.java:696) ~[mongodb-driver-core-4.6.1.jar:?]
	at com.mongodb.internal.connection.InternalStreamConnection.receiveMessageWithAdditionalTimeout(InternalStreamConnection.java:574) ~[mongodb-driver-core-4.6.1.jar:?]
	at com.mongodb.internal.connection.InternalStreamConnection.receiveCommandMessageResponse(InternalStreamConnection.java:410) ~[mongodb-driver-core-4.6.1.jar:?]
	at com.mongodb.internal.connection.InternalStreamConnection.receive(InternalStreamConnection.java:369) ~[mongodb-driver-core-4.6.1.jar:?]
	at com.mongodb.internal.connection.DefaultServerMonitor$ServerMonitorRunnable.lookupServerDescription(DefaultServerMonitor.java:221) ~[mongodb-driver-core-4.6.1.jar:?]
	at com.mongodb.internal.connection.DefaultServerMonitor$ServerMonitorRunnable.run(DefaultServerMonitor.java:157) ~[mongodb-driver-core-4.6.1.jar:?]
	at java.lang.Thread.run(Thread.java:829) ~[?:?]
Caused by: java.net.SocketTimeoutException: Read timed out
	at java.net.SocketInputStream.socketRead0(Native Method) ~[?:?]
	at java.net.SocketInputStream.socketRead(SocketInputStream.java:115) ~[?:?]
	at java.net.SocketInputStream.read(SocketInputStream.java:168) ~[?:?]
	at java.net.SocketInputStream.read(SocketInputStream.java:140) ~[?:?]
	at sun.security.ssl.SSLSocketInputRecord.read(SSLSocketInputRecord.java:478) ~[?:?]
	at sun.security.ssl.SSLSocketInputRecord.readHeader(SSLSocketInputRecord.java:472) ~[?:?]
	at sun.security.ssl.SSLSocketInputRecord.bytesInCompletePacket(SSLSocketInputRecord.java:70) ~[?:?]
	at sun.security.ssl.SSLSocketImpl.readApplicationRecord(SSLSocketImpl.java:1454) ~[?:?]
	at sun.security.ssl.SSLSocketImpl$AppInputStream.read(SSLSocketImpl.java:1065) ~[?:?]
	at com.mongodb.internal.connection.SocketStream.read(SocketStream.java:110) ~[mongodb-driver-core-4.6.1.jar:?]
	at com.mongodb.internal.connection.SocketStream.read(SocketStream.java:135) ~[mongodb-driver-core-4.6.1.jar:?]
	at com.mongodb.internal.connection.InternalStreamConnection.receiveResponseBuffers(InternalStreamConnection.java:713) ~[mongodb-driver-core-4.6.1.jar:?]
	at com.mongodb.internal.connection.InternalStreamConnection.receiveMessageWithAdditionalTimeout(InternalStreamConnection.java:571) ~[mongodb-driver-core-4.6.1.jar:?]
	... 5 more

2023-02-01 18:30:01.764  INFO 873 --- [cluster-ClusterId{value='63d94154faa78b5d075d47db', description='null'}-cluster0-shard-00-01.4cxev.mongodb.net:27017] o.m.d.cluster                            : Exception in monitor thread while connecting to server cluster0-shard-00-01.4cxev.mongodb.net:27017

com.mongodb.MongoSocketReadTimeoutException: Timeout while receiving message
	at com.mongodb.internal.connection.InternalStreamConnection.translateReadException(InternalStreamConnection.java:696) ~[mongodb-driver-core-4.6.1.jar:?]
	at com.mongodb.internal.connection.InternalStreamConnection.receiveMessageWithAdditionalTimeout(InternalStreamConnection.java:574) ~[mongodb-driver-core-4.6.1.jar:?]
	at com.mongodb.internal.connection.InternalStreamConnection.receiveCommandMessageResponse(InternalStreamConnection.java:410) ~[mongodb-driver-core-4.6.1.jar:?]
	at com.mongodb.internal.connection.InternalStreamConnection.receive(InternalStreamConnection.java:369) ~[mongodb-driver-core-4.6.1.jar:?]
	at com.mongodb.internal.connection.DefaultServerMonitor$ServerMonitorRunnable.lookupServerDescription(DefaultServerMonitor.java:221) ~[mongodb-driver-core-4.6.1.jar:?]
	at com.mongodb.internal.connection.DefaultServerMonitor$ServerMonitorRunnable.run(DefaultServerMonitor.java:157) ~[mongodb-driver-core-4.6.1.jar:?]
	at java.lang.Thread.run(Thread.java:829) ~[?:?]
Caused by: java.net.SocketTimeoutException: Read timed out
	at java.net.SocketInputStream.socketRead0(Native Method) ~[?:?]
	at java.net.SocketInputStream.socketRead(SocketInputStream.java:115) ~[?:?]
	at java.net.SocketInputStream.read(SocketInputStream.java:168) ~[?:?]
	at java.net.SocketInputStream.read(SocketInputStream.java:140) ~[?:?]
	at sun.security.ssl.SSLSocketInputRecord.read(SSLSocketInputRecord.java:478) ~[?:?]
	at sun.security.ssl.SSLSocketInputRecord.readHeader(SSLSocketInputRecord.java:472) ~[?:?]
	at sun.security.ssl.SSLSocketInputRecord.bytesInCompletePacket(SSLSocketInputRecord.java:70) ~[?:?]
	at sun.security.ssl.SSLSocketImpl.readApplicationRecord(SSLSocketImpl.java:1454) ~[?:?]
	at sun.security.ssl.SSLSocketImpl$AppInputStream.read(SSLSocketImpl.java:1065) ~[?:?]
	at com.mongodb.internal.connection.SocketStream.read(SocketStream.java:110) ~[mongodb-driver-core-4.6.1.jar:?]
	at com.mongodb.internal.connection.SocketStream.read(SocketStream.java:135) ~[mongodb-driver-core-4.6.1.jar:?]
	at com.mongodb.internal.connection.InternalStreamConnection.receiveResponseBuffers(InternalStreamConnection.java:713) ~[mongodb-driver-core-4.6.1.jar:?]
	at com.mongodb.internal.connection.InternalStreamConnection.receiveMessageWithAdditionalTimeout(InternalStreamConnection.java:571) ~[mongodb-driver-core-4.6.1.jar:?]
	... 5 more

2023-02-01 18:30:03.196  INFO 873 --- [cluster-ClusterId{value='63d94154faa78b5d075d47db', description='null'}-cluster0-shard-00-02.4cxev.mongodb.net:27017] o.m.d.cluster                            : Exception in monitor thread while connecting to server cluster0-shard-00-02.4cxev.mongodb.net:27017

com.mongodb.MongoSocketReadTimeoutException: Timeout while receiving message
	at com.mongodb.internal.connection.InternalStreamConnection.translateReadException(InternalStreamConnection.java:696) ~[mongodb-driver-core-4.6.1.jar:?]
	at com.mongodb.internal.connection.InternalStreamConnection.receiveMessageWithAdditionalTimeout(InternalStreamConnection.java:574) ~[mongodb-driver-core-4.6.1.jar:?]
	at com.mongodb.internal.connection.InternalStreamConnection.receiveCommandMessageResponse(InternalStreamConnection.java:410) ~[mongodb-driver-core-4.6.1.jar:?]
	at com.mongodb.internal.connection.InternalStreamConnection.receive(InternalStreamConnection.java:369) ~[mongodb-driver-core-4.6.1.jar:?]
	at com.mongodb.internal.connection.DefaultServerMonitor$ServerMonitorRunnable.lookupServerDescription(DefaultServerMonitor.java:221) ~[mongodb-driver-core-4.6.1.jar:?]
	at com.mongodb.internal.connection.DefaultServerMonitor$ServerMonitorRunnable.run(DefaultServerMonitor.java:157) ~[mongodb-driver-core-4.6.1.jar:?]
	at java.lang.Thread.run(Thread.java:829) ~[?:?]
Caused by: java.net.SocketTimeoutException: Read timed out
	at java.net.SocketInputStream.socketRead0(Native Method) ~[?:?]
	at java.net.SocketInputStream.socketRead(SocketInputStream.java:115) ~[?:?]
	at java.net.SocketInputStream.read(SocketInputStream.java:168) ~[?:?]
	at java.net.SocketInputStream.read(SocketInputStream.java:140) ~[?:?]
	at sun.security.ssl.SSLSocketInputRecord.read(SSLSocketInputRecord.java:478) ~[?:?]
	at sun.security.ssl.SSLSocketInputRecord.readHeader(SSLSocketInputRecord.java:472) ~[?:?]
	at sun.security.ssl.SSLSocketInputRecord.bytesInCompletePacket(SSLSocketInputRecord.java:70) ~[?:?]
	at sun.security.ssl.SSLSocketImpl.readApplicationRecord(SSLSocketImpl.java:1454) ~[?:?]
	at sun.security.ssl.SSLSocketImpl$AppInputStream.read(SSLSocketImpl.java:1065) ~[?:?]
	at com.mongodb.internal.connection.SocketStream.read(SocketStream.java:110) ~[mongodb-driver-core-4.6.1.jar:?]
	at com.mongodb.internal.connection.SocketStream.read(SocketStream.java:135) ~[mongodb-driver-core-4.6.1.jar:?]
	at com.mongodb.internal.connection.InternalStreamConnection.receiveResponseBuffers(InternalStreamConnection.java:713) ~[mongodb-driver-core-4.6.1.jar:?]
	at com.mongodb.internal.connection.InternalStreamConnection.receiveMessageWithAdditionalTimeout(InternalStreamConnection.java:571) ~[mongodb-driver-core-4.6.1.jar:?]
	... 5 more

2023-02-01 18:46:22.414  INFO 873 --- [cluster-ClusterId{value='63d94154faa78b5d075d47db', description='null'}-cluster0-shard-00-00.4cxev.mongodb.net:27017] o.m.d.cluster                            : Exception in monitor thread while connecting to server cluster0-shard-00-00.4cxev.mongodb.net:27017

com.mongodb.MongoSocketException: cluster0-shard-00-00.4cxev.mongodb.net: nodename nor servname provided, or not known
	at com.mongodb.ServerAddress.getSocketAddresses(ServerAddress.java:217) ~[mongodb-driver-core-4.6.1.jar:?]
	at com.mongodb.internal.connection.SocketStream.initializeSocket(SocketStream.java:75) ~[mongodb-driver-core-4.6.1.jar:?]
	at com.mongodb.internal.connection.SocketStream.open(SocketStream.java:65) ~[mongodb-driver-core-4.6.1.jar:?]
	at com.mongodb.internal.connection.InternalStreamConnection.open(InternalStreamConnection.java:180) ~[mongodb-driver-core-4.6.1.jar:?]
	at com.mongodb.internal.connection.DefaultServerMonitor$ServerMonitorRunnable.lookupServerDescription(DefaultServerMonitor.java:193) ~[mongodb-driver-core-4.6.1.jar:?]
	at com.mongodb.internal.connection.DefaultServerMonitor$ServerMonitorRunnable.run(DefaultServerMonitor.java:157) ~[mongodb-driver-core-4.6.1.jar:?]
	at java.lang.Thread.run(Thread.java:829) ~[?:?]
Caused by: java.net.UnknownHostException: cluster0-shard-00-00.4cxev.mongodb.net: nodename nor servname provided, or not known
	at java.net.Inet6AddressImpl.lookupAllHostAddr(Native Method) ~[?:?]
	at java.net.InetAddress$PlatformNameService.lookupAllHostAddr(InetAddress.java:929) ~[?:?]
	at java.net.InetAddress.getAddressesFromNameService(InetAddress.java:1529) ~[?:?]
	at java.net.InetAddress$NameServiceAddresses.get(InetAddress.java:848) ~[?:?]
	at java.net.InetAddress.getAllByName0(InetAddress.java:1519) ~[?:?]
	at java.net.InetAddress.getAllByName(InetAddress.java:1378) ~[?:?]
	at java.net.InetAddress.getAllByName(InetAddress.java:1306) ~[?:?]
	at com.mongodb.ServerAddress.getSocketAddresses(ServerAddress.java:209) ~[mongodb-driver-core-4.6.1.jar:?]
	... 6 more

2023-02-01 18:46:22.412  INFO 873 --- [cluster-ClusterId{value='63d94154faa78b5d075d47db', description='null'}-cluster0-shard-00-01.4cxev.mongodb.net:27017] o.m.d.cluster                            : Exception in monitor thread while connecting to server cluster0-shard-00-01.4cxev.mongodb.net:27017

com.mongodb.MongoSocketException: cluster0-shard-00-01.4cxev.mongodb.net: nodename nor servname provided, or not known
	at com.mongodb.ServerAddress.getSocketAddresses(ServerAddress.java:217) ~[mongodb-driver-core-4.6.1.jar:?]
	at com.mongodb.internal.connection.SocketStream.initializeSocket(SocketStream.java:75) ~[mongodb-driver-core-4.6.1.jar:?]
	at com.mongodb.internal.connection.SocketStream.open(SocketStream.java:65) ~[mongodb-driver-core-4.6.1.jar:?]
	at com.mongodb.internal.connection.InternalStreamConnection.open(InternalStreamConnection.java:180) ~[mongodb-driver-core-4.6.1.jar:?]
	at com.mongodb.internal.connection.DefaultServerMonitor$ServerMonitorRunnable.lookupServerDescription(DefaultServerMonitor.java:193) ~[mongodb-driver-core-4.6.1.jar:?]
	at com.mongodb.internal.connection.DefaultServerMonitor$ServerMonitorRunnable.run(DefaultServerMonitor.java:157) ~[mongodb-driver-core-4.6.1.jar:?]
	at java.lang.Thread.run(Thread.java:829) ~[?:?]
Caused by: java.net.UnknownHostException: cluster0-shard-00-01.4cxev.mongodb.net: nodename nor servname provided, or not known
	at java.net.Inet6AddressImpl.lookupAllHostAddr(Native Method) ~[?:?]
	at java.net.InetAddress$PlatformNameService.lookupAllHostAddr(InetAddress.java:929) ~[?:?]
	at java.net.InetAddress.getAddressesFromNameService(InetAddress.java:1529) ~[?:?]
	at java.net.InetAddress$NameServiceAddresses.get(InetAddress.java:848) ~[?:?]
	at java.net.InetAddress.getAllByName0(InetAddress.java:1519) ~[?:?]
	at java.net.InetAddress.getAllByName(InetAddress.java:1378) ~[?:?]
	at java.net.InetAddress.getAllByName(InetAddress.java:1306) ~[?:?]
	at com.mongodb.ServerAddress.getSocketAddresses(ServerAddress.java:209) ~[mongodb-driver-core-4.6.1.jar:?]
	... 6 more

2023-02-01 18:46:22.412  INFO 873 --- [cluster-ClusterId{value='63d94154faa78b5d075d47db', description='null'}-cluster0-shard-00-02.4cxev.mongodb.net:27017] o.m.d.cluster                            : Exception in monitor thread while connecting to server cluster0-shard-00-02.4cxev.mongodb.net:27017

com.mongodb.MongoSocketException: cluster0-shard-00-02.4cxev.mongodb.net: nodename nor servname provided, or not known
	at com.mongodb.ServerAddress.getSocketAddresses(ServerAddress.java:217) ~[mongodb-driver-core-4.6.1.jar:?]
	at com.mongodb.internal.connection.SocketStream.initializeSocket(SocketStream.java:75) ~[mongodb-driver-core-4.6.1.jar:?]
	at com.mongodb.internal.connection.SocketStream.open(SocketStream.java:65) ~[mongodb-driver-core-4.6.1.jar:?]
	at com.mongodb.internal.connection.InternalStreamConnection.open(InternalStreamConnection.java:180) ~[mongodb-driver-core-4.6.1.jar:?]
	at com.mongodb.internal.connection.DefaultServerMonitor$ServerMonitorRunnable.lookupServerDescription(DefaultServerMonitor.java:193) ~[mongodb-driver-core-4.6.1.jar:?]
	at com.mongodb.internal.connection.DefaultServerMonitor$ServerMonitorRunnable.run(DefaultServerMonitor.java:157) ~[mongodb-driver-core-4.6.1.jar:?]
	at java.lang.Thread.run(Thread.java:829) ~[?:?]
Caused by: java.net.UnknownHostException: cluster0-shard-00-02.4cxev.mongodb.net: nodename nor servname provided, or not known
	at java.net.Inet6AddressImpl.lookupAllHostAddr(Native Method) ~[?:?]
	at java.net.InetAddress$PlatformNameService.lookupAllHostAddr(InetAddress.java:929) ~[?:?]
	at java.net.InetAddress.getAddressesFromNameService(InetAddress.java:1529) ~[?:?]
	at java.net.InetAddress$NameServiceAddresses.get(InetAddress.java:848) ~[?:?]
	at java.net.InetAddress.getAllByName0(InetAddress.java:1519) ~[?:?]
	at java.net.InetAddress.getAllByName(InetAddress.java:1378) ~[?:?]
	at java.net.InetAddress.getAllByName(InetAddress.java:1306) ~[?:?]
	at com.mongodb.ServerAddress.getSocketAddresses(ServerAddress.java:209) ~[mongodb-driver-core-4.6.1.jar:?]
	... 6 more

2023-02-01 18:46:32.592  INFO 873 --- [cluster-ClusterId{value='63d94154faa78b5d075d47db', description='null'}-cluster0-shard-00-00.4cxev.mongodb.net:27017] o.m.d.connection                         : Opened connection [connectionId{localValue:35, serverValue:143195}] to cluster0-shard-00-00.4cxev.mongodb.net:27017
2023-02-01 18:46:32.593  INFO 873 --- [cluster-ClusterId{value='63d94154faa78b5d075d47db', description='null'}-cluster0-shard-00-00.4cxev.mongodb.net:27017] o.m.d.cluster                            : Monitor thread successfully connected to server with description ServerDescription{address=cluster0-shard-00-00.4cxev.mongodb.net:27017, type=REPLICA_SET_SECONDARY, state=CONNECTED, ok=true, minWireVersion=0, maxWireVersion=13, maxDocumentSize=16777216, logicalSessionTimeoutMinutes=30, roundTripTimeNanos=100564628, setName='atlas-fo286n-shard-0', canonicalAddress=cluster0-shard-00-00.4cxev.mongodb.net:27017, hosts=[cluster0-shard-00-00.4cxev.mongodb.net:27017, cluster0-shard-00-02.4cxev.mongodb.net:27017, cluster0-shard-00-01.4cxev.mongodb.net:27017], passives=[], arbiters=[], primary='cluster0-shard-00-01.4cxev.mongodb.net:27017', tagSet=TagSet{[Tag{name='nodeType', value='ELECTABLE'}, Tag{name='provider', value='AWS'}, Tag{name='region', value='EU_CENTRAL_1'}, Tag{name='workloadType', value='OPERATIONAL'}]}, electionId=null, setVersion=7, topologyVersion=TopologyVersion{processId=63d70dbcf38602d34d2c6d43, counter=4}, lastWriteDate=Wed Feb 01 18:46:32 CET 2023, lastUpdateTimeNanos=1944072867916}
2023-02-01 18:46:32.601  INFO 873 --- [cluster-ClusterId{value='63d94154faa78b5d075d47db', description='null'}-cluster0-shard-00-01.4cxev.mongodb.net:27017] o.m.d.connection                         : Opened connection [connectionId{localValue:36, serverValue:149761}] to cluster0-shard-00-01.4cxev.mongodb.net:27017
2023-02-01 18:46:32.602  INFO 873 --- [cluster-ClusterId{value='63d94154faa78b5d075d47db', description='null'}-cluster0-shard-00-01.4cxev.mongodb.net:27017] o.m.d.cluster                            : Monitor thread successfully connected to server with description ServerDescription{address=cluster0-shard-00-01.4cxev.mongodb.net:27017, type=REPLICA_SET_PRIMARY, state=CONNECTED, ok=true, minWireVersion=0, maxWireVersion=13, maxDocumentSize=16777216, logicalSessionTimeoutMinutes=30, roundTripTimeNanos=100702717, setName='atlas-fo286n-shard-0', canonicalAddress=cluster0-shard-00-01.4cxev.mongodb.net:27017, hosts=[cluster0-shard-00-00.4cxev.mongodb.net:27017, cluster0-shard-00-02.4cxev.mongodb.net:27017, cluster0-shard-00-01.4cxev.mongodb.net:27017], passives=[], arbiters=[], primary='cluster0-shard-00-01.4cxev.mongodb.net:27017', tagSet=TagSet{[Tag{name='nodeType', value='ELECTABLE'}, Tag{name='provider', value='AWS'}, Tag{name='region', value='EU_CENTRAL_1'}, Tag{name='workloadType', value='OPERATIONAL'}]}, electionId=7fffffff0000000000000269, setVersion=7, topologyVersion=TopologyVersion{processId=63d70e9d46a7aec6581d30f9, counter=6}, lastWriteDate=Wed Feb 01 18:46:32 CET 2023, lastUpdateTimeNanos=1944081892573}
2023-02-01 18:46:32.602  INFO 873 --- [cluster-ClusterId{value='63d94154faa78b5d075d47db', description='null'}-cluster0-shard-00-01.4cxev.mongodb.net:27017] o.m.d.cluster                            : Discovered replica set primary cluster0-shard-00-01.4cxev.mongodb.net:27017
2023-02-01 18:46:32.609  INFO 873 --- [cluster-ClusterId{value='63d94154faa78b5d075d47db', description='null'}-cluster0-shard-00-02.4cxev.mongodb.net:27017] o.m.d.connection                         : Opened connection [connectionId{localValue:37, serverValue:141932}] to cluster0-shard-00-02.4cxev.mongodb.net:27017
2023-02-01 18:46:32.610  INFO 873 --- [cluster-ClusterId{value='63d94154faa78b5d075d47db', description='null'}-cluster0-shard-00-02.4cxev.mongodb.net:27017] o.m.d.cluster                            : Monitor thread successfully connected to server with description ServerDescription{address=cluster0-shard-00-02.4cxev.mongodb.net:27017, type=REPLICA_SET_SECONDARY, state=CONNECTED, ok=true, minWireVersion=0, maxWireVersion=13, maxDocumentSize=16777216, logicalSessionTimeoutMinutes=30, roundTripTimeNanos=99580362, setName='atlas-fo286n-shard-0', canonicalAddress=cluster0-shard-00-02.4cxev.mongodb.net:27017, hosts=[cluster0-shard-00-00.4cxev.mongodb.net:27017, cluster0-shard-00-02.4cxev.mongodb.net:27017, cluster0-shard-00-01.4cxev.mongodb.net:27017], passives=[], arbiters=[], primary='cluster0-shard-00-01.4cxev.mongodb.net:27017', tagSet=TagSet{[Tag{name='nodeType', value='ELECTABLE'}, Tag{name='provider', value='AWS'}, Tag{name='region', value='EU_CENTRAL_1'}, Tag{name='workloadType', value='OPERATIONAL'}]}, electionId=null, setVersion=7, topologyVersion=TopologyVersion{processId=63d70faeb3be0e114b5ad81e, counter=3}, lastWriteDate=Wed Feb 01 18:46:32 CET 2023, lastUpdateTimeNanos=1944089921738}
2023-02-01 18:46:43.911  INFO 873 --- [cluster-rtt-ClusterId{value='63d94154faa78b5d075d47db', description='null'}-cluster0-shard-00-02.4cxev.mongodb.net:27017] o.m.d.connection                         : Opened connection [connectionId{localValue:40, serverValue:141939}] to cluster0-shard-00-02.4cxev.mongodb.net:27017
2023-02-01 18:46:44.482  INFO 873 --- [cluster-rtt-ClusterId{value='63d94154faa78b5d075d47db', description='null'}-cluster0-shard-00-00.4cxev.mongodb.net:27017] o.m.d.connection                         : Opened connection [connectionId{localValue:39, serverValue:143202}] to cluster0-shard-00-00.4cxev.mongodb.net:27017
2023-02-01 18:46:44.482  INFO 873 --- [cluster-rtt-ClusterId{value='63d94154faa78b5d075d47db', description='null'}-cluster0-shard-00-01.4cxev.mongodb.net:27017] o.m.d.connection                         : Opened connection [connectionId{localValue:38, serverValue:149759}] to cluster0-shard-00-01.4cxev.mongodb.net:27017
2023-02-01 21:52:56.272  INFO 873 --- [cluster-ClusterId{value='63d94154faa78b5d075d47db', description='null'}-cluster0-shard-00-00.4cxev.mongodb.net:27017] o.m.d.cluster                            : Exception in monitor thread while connecting to server cluster0-shard-00-00.4cxev.mongodb.net:27017

com.mongodb.MongoSocketReadTimeoutException: Timeout while receiving message
	at com.mongodb.internal.connection.InternalStreamConnection.translateReadException(InternalStreamConnection.java:696) ~[mongodb-driver-core-4.6.1.jar:?]
	at com.mongodb.internal.connection.InternalStreamConnection.receiveMessageWithAdditionalTimeout(InternalStreamConnection.java:574) ~[mongodb-driver-core-4.6.1.jar:?]
	at com.mongodb.internal.connection.InternalStreamConnection.receiveCommandMessageResponse(InternalStreamConnection.java:410) ~[mongodb-driver-core-4.6.1.jar:?]
	at com.mongodb.internal.connection.InternalStreamConnection.receive(InternalStreamConnection.java:369) ~[mongodb-driver-core-4.6.1.jar:?]
	at com.mongodb.internal.connection.DefaultServerMonitor$ServerMonitorRunnable.lookupServerDescription(DefaultServerMonitor.java:221) ~[mongodb-driver-core-4.6.1.jar:?]
	at com.mongodb.internal.connection.DefaultServerMonitor$ServerMonitorRunnable.run(DefaultServerMonitor.java:157) ~[mongodb-driver-core-4.6.1.jar:?]
	at java.lang.Thread.run(Thread.java:829) ~[?:?]
Caused by: java.net.SocketTimeoutException: Read timed out
	at java.net.SocketInputStream.socketRead0(Native Method) ~[?:?]
	at java.net.SocketInputStream.socketRead(SocketInputStream.java:115) ~[?:?]
	at java.net.SocketInputStream.read(SocketInputStream.java:168) ~[?:?]
	at java.net.SocketInputStream.read(SocketInputStream.java:140) ~[?:?]
	at sun.security.ssl.SSLSocketInputRecord.read(SSLSocketInputRecord.java:478) ~[?:?]
	at sun.security.ssl.SSLSocketInputRecord.readHeader(SSLSocketInputRecord.java:472) ~[?:?]
	at sun.security.ssl.SSLSocketInputRecord.bytesInCompletePacket(SSLSocketInputRecord.java:70) ~[?:?]
	at sun.security.ssl.SSLSocketImpl.readApplicationRecord(SSLSocketImpl.java:1454) ~[?:?]
	at sun.security.ssl.SSLSocketImpl$AppInputStream.read(SSLSocketImpl.java:1065) ~[?:?]
	at com.mongodb.internal.connection.SocketStream.read(SocketStream.java:110) ~[mongodb-driver-core-4.6.1.jar:?]
	at com.mongodb.internal.connection.SocketStream.read(SocketStream.java:135) ~[mongodb-driver-core-4.6.1.jar:?]
	at com.mongodb.internal.connection.InternalStreamConnection.receiveResponseBuffers(InternalStreamConnection.java:713) ~[mongodb-driver-core-4.6.1.jar:?]
	at com.mongodb.internal.connection.InternalStreamConnection.receiveMessageWithAdditionalTimeout(InternalStreamConnection.java:571) ~[mongodb-driver-core-4.6.1.jar:?]
	... 5 more

2023-02-01 21:52:56.277  INFO 873 --- [cluster-ClusterId{value='63d94154faa78b5d075d47db', description='null'}-cluster0-shard-00-00.4cxev.mongodb.net:27017] o.m.d.cluster                            : Exception in monitor thread while connecting to server cluster0-shard-00-00.4cxev.mongodb.net:27017

com.mongodb.MongoSocketException: cluster0-shard-00-00.4cxev.mongodb.net: nodename nor servname provided, or not known
	at com.mongodb.ServerAddress.getSocketAddresses(ServerAddress.java:217) ~[mongodb-driver-core-4.6.1.jar:?]
	at com.mongodb.internal.connection.SocketStream.initializeSocket(SocketStream.java:75) ~[mongodb-driver-core-4.6.1.jar:?]
	at com.mongodb.internal.connection.SocketStream.open(SocketStream.java:65) ~[mongodb-driver-core-4.6.1.jar:?]
	at com.mongodb.internal.connection.InternalStreamConnection.open(InternalStreamConnection.java:180) ~[mongodb-driver-core-4.6.1.jar:?]
	at com.mongodb.internal.connection.DefaultServerMonitor$ServerMonitorRunnable.lookupServerDescription(DefaultServerMonitor.java:193) ~[mongodb-driver-core-4.6.1.jar:?]
	at com.mongodb.internal.connection.DefaultServerMonitor$ServerMonitorRunnable.run(DefaultServerMonitor.java:157) ~[mongodb-driver-core-4.6.1.jar:?]
	at java.lang.Thread.run(Thread.java:829) ~[?:?]
Caused by: java.net.UnknownHostException: cluster0-shard-00-00.4cxev.mongodb.net: nodename nor servname provided, or not known
	at java.net.Inet6AddressImpl.lookupAllHostAddr(Native Method) ~[?:?]
	at java.net.InetAddress$PlatformNameService.lookupAllHostAddr(InetAddress.java:929) ~[?:?]
	at java.net.InetAddress.getAddressesFromNameService(InetAddress.java:1529) ~[?:?]
	at java.net.InetAddress$NameServiceAddresses.get(InetAddress.java:848) ~[?:?]
	at java.net.InetAddress.getAllByName0(InetAddress.java:1519) ~[?:?]
	at java.net.InetAddress.getAllByName(InetAddress.java:1378) ~[?:?]
	at java.net.InetAddress.getAllByName(InetAddress.java:1306) ~[?:?]
	at com.mongodb.ServerAddress.getSocketAddresses(ServerAddress.java:209) ~[mongodb-driver-core-4.6.1.jar:?]
	... 6 more

2023-02-01 22:20:51.974  INFO 873 --- [cluster-ClusterId{value='63d94154faa78b5d075d47db', description='null'}-cluster0-shard-00-00.4cxev.mongodb.net:27017] o.m.d.connection                         : Opened connection [connectionId{localValue:43, serverValue:150218}] to cluster0-shard-00-00.4cxev.mongodb.net:27017
2023-02-01 22:20:51.979  INFO 873 --- [cluster-ClusterId{value='63d94154faa78b5d075d47db', description='null'}-cluster0-shard-00-00.4cxev.mongodb.net:27017] o.m.d.cluster                            : Monitor thread successfully connected to server with description ServerDescription{address=cluster0-shard-00-00.4cxev.mongodb.net:27017, type=REPLICA_SET_SECONDARY, state=CONNECTED, ok=true, minWireVersion=0, maxWireVersion=13, maxDocumentSize=16777216, logicalSessionTimeoutMinutes=30, roundTripTimeNanos=150721449, setName='atlas-fo286n-shard-0', canonicalAddress=cluster0-shard-00-00.4cxev.mongodb.net:27017, hosts=[cluster0-shard-00-00.4cxev.mongodb.net:27017, cluster0-shard-00-02.4cxev.mongodb.net:27017, cluster0-shard-00-01.4cxev.mongodb.net:27017], passives=[], arbiters=[], primary='cluster0-shard-00-01.4cxev.mongodb.net:27017', tagSet=TagSet{[Tag{name='nodeType', value='ELECTABLE'}, Tag{name='provider', value='AWS'}, Tag{name='region', value='EU_CENTRAL_1'}, Tag{name='workloadType', value='OPERATIONAL'}]}, electionId=null, setVersion=7, topologyVersion=TopologyVersion{processId=63d70dbcf38602d34d2c6d43, counter=4}, lastWriteDate=Wed Feb 01 22:20:51 CET 2023, lastUpdateTimeNanos=2364891619106}
2023-02-01 22:20:57.679  INFO 873 --- [cluster-ClusterId{value='63d94154faa78b5d075d47db', description='null'}-cluster0-shard-00-02.4cxev.mongodb.net:27017] o.m.d.cluster                            : Exception in monitor thread while connecting to server cluster0-shard-00-02.4cxev.mongodb.net:27017

com.mongodb.MongoSocketReadTimeoutException: Timeout while receiving message
	at com.mongodb.internal.connection.InternalStreamConnection.translateReadException(InternalStreamConnection.java:696) ~[mongodb-driver-core-4.6.1.jar:?]
	at com.mongodb.internal.connection.InternalStreamConnection.receiveMessageWithAdditionalTimeout(InternalStreamConnection.java:574) ~[mongodb-driver-core-4.6.1.jar:?]
	at com.mongodb.internal.connection.InternalStreamConnection.receiveCommandMessageResponse(InternalStreamConnection.java:410) ~[mongodb-driver-core-4.6.1.jar:?]
	at com.mongodb.internal.connection.InternalStreamConnection.receive(InternalStreamConnection.java:369) ~[mongodb-driver-core-4.6.1.jar:?]
	at com.mongodb.internal.connection.DefaultServerMonitor$ServerMonitorRunnable.lookupServerDescription(DefaultServerMonitor.java:221) ~[mongodb-driver-core-4.6.1.jar:?]
	at com.mongodb.internal.connection.DefaultServerMonitor$ServerMonitorRunnable.run(DefaultServerMonitor.java:157) ~[mongodb-driver-core-4.6.1.jar:?]
	at java.lang.Thread.run(Thread.java:829) ~[?:?]
Caused by: java.net.SocketTimeoutException: Read timed out
	at java.net.SocketInputStream.socketRead0(Native Method) ~[?:?]
	at java.net.SocketInputStream.socketRead(SocketInputStream.java:115) ~[?:?]
	at java.net.SocketInputStream.read(SocketInputStream.java:168) ~[?:?]
	at java.net.SocketInputStream.read(SocketInputStream.java:140) ~[?:?]
	at sun.security.ssl.SSLSocketInputRecord.read(SSLSocketInputRecord.java:478) ~[?:?]
	at sun.security.ssl.SSLSocketInputRecord.readHeader(SSLSocketInputRecord.java:472) ~[?:?]
	at sun.security.ssl.SSLSocketInputRecord.bytesInCompletePacket(SSLSocketInputRecord.java:70) ~[?:?]
	at sun.security.ssl.SSLSocketImpl.readApplicationRecord(SSLSocketImpl.java:1454) ~[?:?]
	at sun.security.ssl.SSLSocketImpl$AppInputStream.read(SSLSocketImpl.java:1065) ~[?:?]
	at com.mongodb.internal.connection.SocketStream.read(SocketStream.java:110) ~[mongodb-driver-core-4.6.1.jar:?]
	at com.mongodb.internal.connection.SocketStream.read(SocketStream.java:135) ~[mongodb-driver-core-4.6.1.jar:?]
	at com.mongodb.internal.connection.InternalStreamConnection.receiveResponseBuffers(InternalStreamConnection.java:713) ~[mongodb-driver-core-4.6.1.jar:?]
	at com.mongodb.internal.connection.InternalStreamConnection.receiveMessageWithAdditionalTimeout(InternalStreamConnection.java:571) ~[mongodb-driver-core-4.6.1.jar:?]
	... 5 more

2023-02-01 22:20:57.731  INFO 873 --- [cluster-ClusterId{value='63d94154faa78b5d075d47db', description='null'}-cluster0-shard-00-01.4cxev.mongodb.net:27017] o.m.d.cluster                            : Exception in monitor thread while connecting to server cluster0-shard-00-01.4cxev.mongodb.net:27017

com.mongodb.MongoSocketReadTimeoutException: Timeout while receiving message
	at com.mongodb.internal.connection.InternalStreamConnection.translateReadException(InternalStreamConnection.java:696) ~[mongodb-driver-core-4.6.1.jar:?]
	at com.mongodb.internal.connection.InternalStreamConnection.receiveMessageWithAdditionalTimeout(InternalStreamConnection.java:574) ~[mongodb-driver-core-4.6.1.jar:?]
	at com.mongodb.internal.connection.InternalStreamConnection.receiveCommandMessageResponse(InternalStreamConnection.java:410) ~[mongodb-driver-core-4.6.1.jar:?]
	at com.mongodb.internal.connection.InternalStreamConnection.receive(InternalStreamConnection.java:369) ~[mongodb-driver-core-4.6.1.jar:?]
	at com.mongodb.internal.connection.DefaultServerMonitor$ServerMonitorRunnable.lookupServerDescription(DefaultServerMonitor.java:221) ~[mongodb-driver-core-4.6.1.jar:?]
	at com.mongodb.internal.connection.DefaultServerMonitor$ServerMonitorRunnable.run(DefaultServerMonitor.java:157) ~[mongodb-driver-core-4.6.1.jar:?]
	at java.lang.Thread.run(Thread.java:829) ~[?:?]
Caused by: java.net.SocketTimeoutException: Read timed out
	at java.net.SocketInputStream.socketRead0(Native Method) ~[?:?]
	at java.net.SocketInputStream.socketRead(SocketInputStream.java:115) ~[?:?]
	at java.net.SocketInputStream.read(SocketInputStream.java:168) ~[?:?]
	at java.net.SocketInputStream.read(SocketInputStream.java:140) ~[?:?]
	at sun.security.ssl.SSLSocketInputRecord.read(SSLSocketInputRecord.java:478) ~[?:?]
	at sun.security.ssl.SSLSocketInputRecord.readHeader(SSLSocketInputRecord.java:472) ~[?:?]
	at sun.security.ssl.SSLSocketInputRecord.bytesInCompletePacket(SSLSocketInputRecord.java:70) ~[?:?]
	at sun.security.ssl.SSLSocketImpl.readApplicationRecord(SSLSocketImpl.java:1454) ~[?:?]
	at sun.security.ssl.SSLSocketImpl$AppInputStream.read(SSLSocketImpl.java:1065) ~[?:?]
	at com.mongodb.internal.connection.SocketStream.read(SocketStream.java:110) ~[mongodb-driver-core-4.6.1.jar:?]
	at com.mongodb.internal.connection.SocketStream.read(SocketStream.java:135) ~[mongodb-driver-core-4.6.1.jar:?]
	at com.mongodb.internal.connection.InternalStreamConnection.receiveResponseBuffers(InternalStreamConnection.java:713) ~[mongodb-driver-core-4.6.1.jar:?]
	at com.mongodb.internal.connection.InternalStreamConnection.receiveMessageWithAdditionalTimeout(InternalStreamConnection.java:571) ~[mongodb-driver-core-4.6.1.jar:?]
	... 5 more

2023-02-01 22:20:57.894  INFO 873 --- [cluster-ClusterId{value='63d94154faa78b5d075d47db', description='null'}-cluster0-shard-00-02.4cxev.mongodb.net:27017] o.m.d.connection                         : Opened connection [connectionId{localValue:44, serverValue:148945}] to cluster0-shard-00-02.4cxev.mongodb.net:27017
2023-02-01 22:20:57.894  INFO 873 --- [cluster-ClusterId{value='63d94154faa78b5d075d47db', description='null'}-cluster0-shard-00-02.4cxev.mongodb.net:27017] o.m.d.cluster                            : Monitor thread successfully connected to server with description ServerDescription{address=cluster0-shard-00-02.4cxev.mongodb.net:27017, type=REPLICA_SET_SECONDARY, state=CONNECTED, ok=true, minWireVersion=0, maxWireVersion=13, maxDocumentSize=16777216, logicalSessionTimeoutMinutes=30, roundTripTimeNanos=101824485, setName='atlas-fo286n-shard-0', canonicalAddress=cluster0-shard-00-02.4cxev.mongodb.net:27017, hosts=[cluster0-shard-00-00.4cxev.mongodb.net:27017, cluster0-shard-00-02.4cxev.mongodb.net:27017, cluster0-shard-00-01.4cxev.mongodb.net:27017], passives=[], arbiters=[], primary='cluster0-shard-00-01.4cxev.mongodb.net:27017', tagSet=TagSet{[Tag{name='nodeType', value='ELECTABLE'}, Tag{name='provider', value='AWS'}, Tag{name='region', value='EU_CENTRAL_1'}, Tag{name='workloadType', value='OPERATIONAL'}]}, electionId=null, setVersion=7, topologyVersion=TopologyVersion{processId=63d70faeb3be0e114b5ad81e, counter=3}, lastWriteDate=Wed Feb 01 22:20:57 CET 2023, lastUpdateTimeNanos=2370812741148}
2023-02-01 22:20:57.955  INFO 873 --- [cluster-ClusterId{value='63d94154faa78b5d075d47db', description='null'}-cluster0-shard-00-01.4cxev.mongodb.net:27017] o.m.d.connection                         : Opened connection [connectionId{localValue:45, serverValue:156809}] to cluster0-shard-00-01.4cxev.mongodb.net:27017
2023-02-01 22:20:57.956  INFO 873 --- [cluster-ClusterId{value='63d94154faa78b5d075d47db', description='null'}-cluster0-shard-00-01.4cxev.mongodb.net:27017] o.m.d.cluster                            : Monitor thread successfully connected to server with description ServerDescription{address=cluster0-shard-00-01.4cxev.mongodb.net:27017, type=REPLICA_SET_PRIMARY, state=CONNECTED, ok=true, minWireVersion=0, maxWireVersion=13, maxDocumentSize=16777216, logicalSessionTimeoutMinutes=30, roundTripTimeNanos=119595680, setName='atlas-fo286n-shard-0', canonicalAddress=cluster0-shard-00-01.4cxev.mongodb.net:27017, hosts=[cluster0-shard-00-00.4cxev.mongodb.net:27017, cluster0-shard-00-02.4cxev.mongodb.net:27017, cluster0-shard-00-01.4cxev.mongodb.net:27017], passives=[], arbiters=[], primary='cluster0-shard-00-01.4cxev.mongodb.net:27017', tagSet=TagSet{[Tag{name='nodeType', value='ELECTABLE'}, Tag{name='provider', value='AWS'}, Tag{name='region', value='EU_CENTRAL_1'}, Tag{name='workloadType', value='OPERATIONAL'}]}, electionId=7fffffff0000000000000269, setVersion=7, topologyVersion=TopologyVersion{processId=63d70e9d46a7aec6581d30f9, counter=6}, lastWriteDate=Wed Feb 01 22:20:57 CET 2023, lastUpdateTimeNanos=2370874073463}
2023-02-01 22:20:57.956  INFO 873 --- [cluster-ClusterId{value='63d94154faa78b5d075d47db', description='null'}-cluster0-shard-00-01.4cxev.mongodb.net:27017] o.m.d.cluster                            : Discovered replica set primary cluster0-shard-00-01.4cxev.mongodb.net:27017
2023-02-01 22:21:10.521  INFO 873 --- [cluster-rtt-ClusterId{value='63d94154faa78b5d075d47db', description='null'}-cluster0-shard-00-00.4cxev.mongodb.net:27017] o.m.d.connection                         : Opened connection [connectionId{localValue:46, serverValue:150228}] to cluster0-shard-00-00.4cxev.mongodb.net:27017
2023-02-01 22:21:11.051  INFO 873 --- [cluster-rtt-ClusterId{value='63d94154faa78b5d075d47db', description='null'}-cluster0-shard-00-01.4cxev.mongodb.net:27017] o.m.d.connection                         : Opened connection [connectionId{localValue:47, serverValue:156914}] to cluster0-shard-00-01.4cxev.mongodb.net:27017
2023-02-01 22:21:11.409  INFO 873 --- [cluster-rtt-ClusterId{value='63d94154faa78b5d075d47db', description='null'}-cluster0-shard-00-02.4cxev.mongodb.net:27017] o.m.d.connection                         : Opened connection [connectionId{localValue:48, serverValue:148959}] to cluster0-shard-00-02.4cxev.mongodb.net:27017
