INFO -- 2023-03-16 08:13:29.276 [cluster-ClusterId{value='641217cb29f13d3abb1ecb88', description='null'}-cluster0-shard-00-02.4cxev.mongodb.net:27017] org.mongodb.driver.cluster -- Exception in monitor thread while connecting to server cluster0-shard-00-02.4cxev.mongodb.net:27017
com.mongodb.MongoSocketReadTimeoutException: Timeout while receiving message
	at com.mongodb.internal.connection.InternalStreamConnection.translateReadException(InternalStreamConnection.java:696) ~[mongodb-driver-core-4.6.1.jar:?]
	at com.mongodb.internal.connection.InternalStreamConnection.receiveMessageWithAdditionalTimeout(InternalStreamConnection.java:574) ~[mongodb-driver-core-4.6.1.jar:?]
	at com.mongodb.internal.connection.InternalStreamConnection.receiveCommandMessageResponse(InternalStreamConnection.java:410) ~[mongodb-driver-core-4.6.1.jar:?]
	at com.mongodb.internal.connection.InternalStreamConnection.receive(InternalStreamConnection.java:369) ~[mongodb-driver-core-4.6.1.jar:?]
	at com.mongodb.internal.connection.DefaultServerMonitor$ServerMonitorRunnable.lookupServerDescription(DefaultServerMonitor.java:221) ~[mongodb-driver-core-4.6.1.jar:?]
	at com.mongodb.internal.connection.DefaultServerMonitor$ServerMonitorRunnable.run(DefaultServerMonitor.java:157) ~[mongodb-driver-core-4.6.1.jar:?]
	at java.lang.Thread.run(Thread.java:829) ~[?:?]
Caused by: java.net.SocketTimeoutException: Read timed out
	at java.net.SocketInputStream.socketRead0(Native Method) ~[?:?]
	at java.net.SocketInputStream.socketRead(SocketInputStream.java:115) ~[?:?]
	at java.net.SocketInputStream.read(SocketInputStream.java:168) ~[?:?]
	at java.net.SocketInputStream.read(SocketInputStream.java:140) ~[?:?]
	at sun.security.ssl.SSLSocketInputRecord.read(SSLSocketInputRecord.java:478) ~[?:?]
	at sun.security.ssl.SSLSocketInputRecord.readHeader(SSLSocketInputRecord.java:472) ~[?:?]
	at sun.security.ssl.SSLSocketInputRecord.bytesInCompletePacket(SSLSocketInputRecord.java:70) ~[?:?]
	at sun.security.ssl.SSLSocketImpl.readApplicationRecord(SSLSocketImpl.java:1454) ~[?:?]
	at sun.security.ssl.SSLSocketImpl$AppInputStream.read(SSLSocketImpl.java:1065) ~[?:?]
	at com.mongodb.internal.connection.SocketStream.read(SocketStream.java:110) ~[mongodb-driver-core-4.6.1.jar:?]
	at com.mongodb.internal.connection.SocketStream.read(SocketStream.java:135) ~[mongodb-driver-core-4.6.1.jar:?]
	at com.mongodb.internal.connection.InternalStreamConnection.receiveResponseBuffers(InternalStreamConnection.java:713) ~[mongodb-driver-core-4.6.1.jar:?]
	at com.mongodb.internal.connection.InternalStreamConnection.receiveMessageWithAdditionalTimeout(InternalStreamConnection.java:571) ~[mongodb-driver-core-4.6.1.jar:?]
	... 5 more
INFO -- 2023-03-16 08:13:29.276 [cluster-ClusterId{value='641217cb29f13d3abb1ecb88', description='null'}-cluster0-shard-00-00.4cxev.mongodb.net:27017] org.mongodb.driver.cluster -- Exception in monitor thread while connecting to server cluster0-shard-00-00.4cxev.mongodb.net:27017
com.mongodb.MongoSocketReadTimeoutException: Timeout while receiving message
	at com.mongodb.internal.connection.InternalStreamConnection.translateReadException(InternalStreamConnection.java:696) ~[mongodb-driver-core-4.6.1.jar:?]
	at com.mongodb.internal.connection.InternalStreamConnection.receiveMessageWithAdditionalTimeout(InternalStreamConnection.java:574) ~[mongodb-driver-core-4.6.1.jar:?]
	at com.mongodb.internal.connection.InternalStreamConnection.receiveCommandMessageResponse(InternalStreamConnection.java:410) ~[mongodb-driver-core-4.6.1.jar:?]
	at com.mongodb.internal.connection.InternalStreamConnection.receive(InternalStreamConnection.java:369) ~[mongodb-driver-core-4.6.1.jar:?]
	at com.mongodb.internal.connection.DefaultServerMonitor$ServerMonitorRunnable.lookupServerDescription(DefaultServerMonitor.java:221) ~[mongodb-driver-core-4.6.1.jar:?]
	at com.mongodb.internal.connection.DefaultServerMonitor$ServerMonitorRunnable.run(DefaultServerMonitor.java:157) ~[mongodb-driver-core-4.6.1.jar:?]
	at java.lang.Thread.run(Thread.java:829) ~[?:?]
Caused by: java.net.SocketTimeoutException: Read timed out
	at java.net.SocketInputStream.socketRead0(Native Method) ~[?:?]
	at java.net.SocketInputStream.socketRead(SocketInputStream.java:115) ~[?:?]
	at java.net.SocketInputStream.read(SocketInputStream.java:168) ~[?:?]
	at java.net.SocketInputStream.read(SocketInputStream.java:140) ~[?:?]
	at sun.security.ssl.SSLSocketInputRecord.read(SSLSocketInputRecord.java:478) ~[?:?]
	at sun.security.ssl.SSLSocketInputRecord.readHeader(SSLSocketInputRecord.java:472) ~[?:?]
	at sun.security.ssl.SSLSocketInputRecord.bytesInCompletePacket(SSLSocketInputRecord.java:70) ~[?:?]
	at sun.security.ssl.SSLSocketImpl.readApplicationRecord(SSLSocketImpl.java:1454) ~[?:?]
	at sun.security.ssl.SSLSocketImpl$AppInputStream.read(SSLSocketImpl.java:1065) ~[?:?]
	at com.mongodb.internal.connection.SocketStream.read(SocketStream.java:110) ~[mongodb-driver-core-4.6.1.jar:?]
	at com.mongodb.internal.connection.SocketStream.read(SocketStream.java:135) ~[mongodb-driver-core-4.6.1.jar:?]
	at com.mongodb.internal.connection.InternalStreamConnection.receiveResponseBuffers(InternalStreamConnection.java:713) ~[mongodb-driver-core-4.6.1.jar:?]
	at com.mongodb.internal.connection.InternalStreamConnection.receiveMessageWithAdditionalTimeout(InternalStreamConnection.java:571) ~[mongodb-driver-core-4.6.1.jar:?]
	... 5 more
INFO -- 2023-03-16 08:13:29.276 [cluster-ClusterId{value='641217cb29f13d3abb1ecb88', description='null'}-cluster0-shard-00-01.4cxev.mongodb.net:27017] org.mongodb.driver.cluster -- Exception in monitor thread while connecting to server cluster0-shard-00-01.4cxev.mongodb.net:27017
com.mongodb.MongoSocketReadTimeoutException: Timeout while receiving message
	at com.mongodb.internal.connection.InternalStreamConnection.translateReadException(InternalStreamConnection.java:696) ~[mongodb-driver-core-4.6.1.jar:?]
	at com.mongodb.internal.connection.InternalStreamConnection.receiveMessageWithAdditionalTimeout(InternalStreamConnection.java:574) ~[mongodb-driver-core-4.6.1.jar:?]
	at com.mongodb.internal.connection.InternalStreamConnection.receiveCommandMessageResponse(InternalStreamConnection.java:410) ~[mongodb-driver-core-4.6.1.jar:?]
	at com.mongodb.internal.connection.InternalStreamConnection.receive(InternalStreamConnection.java:369) ~[mongodb-driver-core-4.6.1.jar:?]
	at com.mongodb.internal.connection.DefaultServerMonitor$ServerMonitorRunnable.lookupServerDescription(DefaultServerMonitor.java:221) ~[mongodb-driver-core-4.6.1.jar:?]
	at com.mongodb.internal.connection.DefaultServerMonitor$ServerMonitorRunnable.run(DefaultServerMonitor.java:157) ~[mongodb-driver-core-4.6.1.jar:?]
	at java.lang.Thread.run(Thread.java:829) ~[?:?]
Caused by: java.net.SocketTimeoutException: Read timed out
	at java.net.SocketInputStream.socketRead0(Native Method) ~[?:?]
	at java.net.SocketInputStream.socketRead(SocketInputStream.java:115) ~[?:?]
	at java.net.SocketInputStream.read(SocketInputStream.java:168) ~[?:?]
	at java.net.SocketInputStream.read(SocketInputStream.java:140) ~[?:?]
	at sun.security.ssl.SSLSocketInputRecord.read(SSLSocketInputRecord.java:478) ~[?:?]
	at sun.security.ssl.SSLSocketInputRecord.readHeader(SSLSocketInputRecord.java:472) ~[?:?]
	at sun.security.ssl.SSLSocketInputRecord.bytesInCompletePacket(SSLSocketInputRecord.java:70) ~[?:?]
	at sun.security.ssl.SSLSocketImpl.readApplicationRecord(SSLSocketImpl.java:1454) ~[?:?]
	at sun.security.ssl.SSLSocketImpl$AppInputStream.read(SSLSocketImpl.java:1065) ~[?:?]
	at com.mongodb.internal.connection.SocketStream.read(SocketStream.java:110) ~[mongodb-driver-core-4.6.1.jar:?]
	at com.mongodb.internal.connection.SocketStream.read(SocketStream.java:135) ~[mongodb-driver-core-4.6.1.jar:?]
	at com.mongodb.internal.connection.InternalStreamConnection.receiveResponseBuffers(InternalStreamConnection.java:713) ~[mongodb-driver-core-4.6.1.jar:?]
	at com.mongodb.internal.connection.InternalStreamConnection.receiveMessageWithAdditionalTimeout(InternalStreamConnection.java:571) ~[mongodb-driver-core-4.6.1.jar:?]
	... 5 more
INFO -- 2023-03-16 08:13:29.431 [cluster-ClusterId{value='641217cb29f13d3abb1ecb88', description='null'}-cluster0-shard-00-00.4cxev.mongodb.net:27017] org.mongodb.driver.cluster -- Exception in monitor thread while connecting to server cluster0-shard-00-00.4cxev.mongodb.net:27017
com.mongodb.MongoSocketException: cluster0-shard-00-00.4cxev.mongodb.net: nodename nor servname provided, or not known
	at com.mongodb.ServerAddress.getSocketAddresses(ServerAddress.java:217) ~[mongodb-driver-core-4.6.1.jar:?]
	at com.mongodb.internal.connection.SocketStream.initializeSocket(SocketStream.java:75) ~[mongodb-driver-core-4.6.1.jar:?]
	at com.mongodb.internal.connection.SocketStream.open(SocketStream.java:65) ~[mongodb-driver-core-4.6.1.jar:?]
	at com.mongodb.internal.connection.InternalStreamConnection.open(InternalStreamConnection.java:180) ~[mongodb-driver-core-4.6.1.jar:?]
	at com.mongodb.internal.connection.DefaultServerMonitor$ServerMonitorRunnable.lookupServerDescription(DefaultServerMonitor.java:193) ~[mongodb-driver-core-4.6.1.jar:?]
	at com.mongodb.internal.connection.DefaultServerMonitor$ServerMonitorRunnable.run(DefaultServerMonitor.java:157) ~[mongodb-driver-core-4.6.1.jar:?]
	at java.lang.Thread.run(Thread.java:829) ~[?:?]
Caused by: java.net.UnknownHostException: cluster0-shard-00-00.4cxev.mongodb.net: nodename nor servname provided, or not known
	at java.net.Inet6AddressImpl.lookupAllHostAddr(Native Method) ~[?:?]
	at java.net.InetAddress$PlatformNameService.lookupAllHostAddr(InetAddress.java:929) ~[?:?]
	at java.net.InetAddress.getAddressesFromNameService(InetAddress.java:1529) ~[?:?]
	at java.net.InetAddress$NameServiceAddresses.get(InetAddress.java:848) ~[?:?]
	at java.net.InetAddress.getAllByName0(InetAddress.java:1519) ~[?:?]
	at java.net.InetAddress.getAllByName(InetAddress.java:1378) ~[?:?]
	at java.net.InetAddress.getAllByName(InetAddress.java:1306) ~[?:?]
	at com.mongodb.ServerAddress.getSocketAddresses(ServerAddress.java:209) ~[mongodb-driver-core-4.6.1.jar:?]
	... 6 more
INFO -- 2023-03-16 08:13:29.432 [cluster-ClusterId{value='641217cb29f13d3abb1ecb88', description='null'}-cluster0-shard-00-01.4cxev.mongodb.net:27017] org.mongodb.driver.cluster -- Exception in monitor thread while connecting to server cluster0-shard-00-01.4cxev.mongodb.net:27017
com.mongodb.MongoSocketException: cluster0-shard-00-01.4cxev.mongodb.net: nodename nor servname provided, or not known
	at com.mongodb.ServerAddress.getSocketAddresses(ServerAddress.java:217) ~[mongodb-driver-core-4.6.1.jar:?]
	at com.mongodb.internal.connection.SocketStream.initializeSocket(SocketStream.java:75) ~[mongodb-driver-core-4.6.1.jar:?]
	at com.mongodb.internal.connection.SocketStream.open(SocketStream.java:65) ~[mongodb-driver-core-4.6.1.jar:?]
	at com.mongodb.internal.connection.InternalStreamConnection.open(InternalStreamConnection.java:180) ~[mongodb-driver-core-4.6.1.jar:?]
	at com.mongodb.internal.connection.DefaultServerMonitor$ServerMonitorRunnable.lookupServerDescription(DefaultServerMonitor.java:193) ~[mongodb-driver-core-4.6.1.jar:?]
	at com.mongodb.internal.connection.DefaultServerMonitor$ServerMonitorRunnable.run(DefaultServerMonitor.java:157) ~[mongodb-driver-core-4.6.1.jar:?]
	at java.lang.Thread.run(Thread.java:829) ~[?:?]
Caused by: java.net.UnknownHostException: cluster0-shard-00-01.4cxev.mongodb.net: nodename nor servname provided, or not known
	at java.net.Inet6AddressImpl.lookupAllHostAddr(Native Method) ~[?:?]
	at java.net.InetAddress$PlatformNameService.lookupAllHostAddr(InetAddress.java:929) ~[?:?]
	at java.net.InetAddress.getAddressesFromNameService(InetAddress.java:1529) ~[?:?]
	at java.net.InetAddress$NameServiceAddresses.get(InetAddress.java:848) ~[?:?]
	at java.net.InetAddress.getAllByName0(InetAddress.java:1519) ~[?:?]
	at java.net.InetAddress.getAllByName(InetAddress.java:1378) ~[?:?]
	at java.net.InetAddress.getAllByName(InetAddress.java:1306) ~[?:?]
	at com.mongodb.ServerAddress.getSocketAddresses(ServerAddress.java:209) ~[mongodb-driver-core-4.6.1.jar:?]
	... 6 more
INFO -- 2023-03-16 08:13:29.437 [cluster-ClusterId{value='641217cb29f13d3abb1ecb88', description='null'}-cluster0-shard-00-02.4cxev.mongodb.net:27017] org.mongodb.driver.cluster -- Exception in monitor thread while connecting to server cluster0-shard-00-02.4cxev.mongodb.net:27017
com.mongodb.MongoSocketOpenException: Exception opening socket
	at com.mongodb.internal.connection.SocketStream.open(SocketStream.java:70) ~[mongodb-driver-core-4.6.1.jar:?]
	at com.mongodb.internal.connection.InternalStreamConnection.open(InternalStreamConnection.java:180) ~[mongodb-driver-core-4.6.1.jar:?]
	at com.mongodb.internal.connection.DefaultServerMonitor$ServerMonitorRunnable.lookupServerDescription(DefaultServerMonitor.java:193) ~[mongodb-driver-core-4.6.1.jar:?]
	at com.mongodb.internal.connection.DefaultServerMonitor$ServerMonitorRunnable.run(DefaultServerMonitor.java:157) ~[mongodb-driver-core-4.6.1.jar:?]
	at java.lang.Thread.run(Thread.java:829) ~[?:?]
Caused by: java.net.ConnectException: Network is unreachable (connect failed)
	at java.net.PlainSocketImpl.socketConnect(Native Method) ~[?:?]
	at java.net.AbstractPlainSocketImpl.doConnect(AbstractPlainSocketImpl.java:412) ~[?:?]
	at java.net.AbstractPlainSocketImpl.connectToAddress(AbstractPlainSocketImpl.java:255) ~[?:?]
	at java.net.AbstractPlainSocketImpl.connect(AbstractPlainSocketImpl.java:237) ~[?:?]
	at java.net.SocksSocketImpl.connect(SocksSocketImpl.java:392) ~[?:?]
	at java.net.Socket.connect(Socket.java:609) ~[?:?]
	at sun.security.ssl.SSLSocketImpl.connect(SSLSocketImpl.java:305) ~[?:?]
	at com.mongodb.internal.connection.SocketStreamHelper.initialize(SocketStreamHelper.java:107) ~[mongodb-driver-core-4.6.1.jar:?]
	at com.mongodb.internal.connection.SocketStream.initializeSocket(SocketStream.java:79) ~[mongodb-driver-core-4.6.1.jar:?]
	at com.mongodb.internal.connection.SocketStream.open(SocketStream.java:65) ~[mongodb-driver-core-4.6.1.jar:?]
	... 4 more
INFO -- 2023-03-16 10:30:06.507 [cluster-ClusterId{value='641217cb29f13d3abb1ecb88', description='null'}-cluster0-shard-00-02.4cxev.mongodb.net:27017] org.mongodb.driver.cluster -- Exception in monitor thread while connecting to server cluster0-shard-00-02.4cxev.mongodb.net:27017
com.mongodb.MongoSocketException: cluster0-shard-00-02.4cxev.mongodb.net: nodename nor servname provided, or not known
	at com.mongodb.ServerAddress.getSocketAddresses(ServerAddress.java:217) ~[mongodb-driver-core-4.6.1.jar:?]
	at com.mongodb.internal.connection.SocketStream.initializeSocket(SocketStream.java:75) ~[mongodb-driver-core-4.6.1.jar:?]
	at com.mongodb.internal.connection.SocketStream.open(SocketStream.java:65) ~[mongodb-driver-core-4.6.1.jar:?]
	at com.mongodb.internal.connection.InternalStreamConnection.open(InternalStreamConnection.java:180) ~[mongodb-driver-core-4.6.1.jar:?]
	at com.mongodb.internal.connection.DefaultServerMonitor$ServerMonitorRunnable.lookupServerDescription(DefaultServerMonitor.java:193) ~[mongodb-driver-core-4.6.1.jar:?]
	at com.mongodb.internal.connection.DefaultServerMonitor$ServerMonitorRunnable.run(DefaultServerMonitor.java:157) ~[mongodb-driver-core-4.6.1.jar:?]
	at java.lang.Thread.run(Thread.java:829) ~[?:?]
Caused by: java.net.UnknownHostException: cluster0-shard-00-02.4cxev.mongodb.net: nodename nor servname provided, or not known
	at java.net.Inet6AddressImpl.lookupAllHostAddr(Native Method) ~[?:?]
	at java.net.InetAddress$PlatformNameService.lookupAllHostAddr(InetAddress.java:929) ~[?:?]
	at java.net.InetAddress.getAddressesFromNameService(InetAddress.java:1529) ~[?:?]
	at java.net.InetAddress$NameServiceAddresses.get(InetAddress.java:848) ~[?:?]
	at java.net.InetAddress.getAllByName0(InetAddress.java:1519) ~[?:?]
	at java.net.InetAddress.getAllByName(InetAddress.java:1378) ~[?:?]
	at java.net.InetAddress.getAllByName(InetAddress.java:1306) ~[?:?]
	at com.mongodb.ServerAddress.getSocketAddresses(ServerAddress.java:209) ~[mongodb-driver-core-4.6.1.jar:?]
	... 6 more
INFO -- 2023-03-16 18:57:51.709 [cluster-ClusterId{value='641217cb29f13d3abb1ecb88', description='null'}-cluster0-shard-00-00.4cxev.mongodb.net:27017] org.mongodb.driver.cluster -- Exception in monitor thread while connecting to server cluster0-shard-00-00.4cxev.mongodb.net:27017
com.mongodb.MongoSocketException: cluster0-shard-00-00.4cxev.mongodb.net
	at com.mongodb.ServerAddress.getSocketAddresses(ServerAddress.java:217) ~[mongodb-driver-core-4.6.1.jar:?]
	at com.mongodb.internal.connection.SocketStream.initializeSocket(SocketStream.java:75) ~[mongodb-driver-core-4.6.1.jar:?]
	at com.mongodb.internal.connection.SocketStream.open(SocketStream.java:65) ~[mongodb-driver-core-4.6.1.jar:?]
	at com.mongodb.internal.connection.InternalStreamConnection.open(InternalStreamConnection.java:180) ~[mongodb-driver-core-4.6.1.jar:?]
	at com.mongodb.internal.connection.DefaultServerMonitor$ServerMonitorRunnable.lookupServerDescription(DefaultServerMonitor.java:193) ~[mongodb-driver-core-4.6.1.jar:?]
	at com.mongodb.internal.connection.DefaultServerMonitor$ServerMonitorRunnable.run(DefaultServerMonitor.java:157) ~[mongodb-driver-core-4.6.1.jar:?]
	at java.lang.Thread.run(Thread.java:829) ~[?:?]
Caused by: java.net.UnknownHostException: cluster0-shard-00-00.4cxev.mongodb.net
	at java.net.InetAddress$CachedAddresses.get(InetAddress.java:797) ~[?:?]
	at java.net.InetAddress.getAllByName0(InetAddress.java:1519) ~[?:?]
	at java.net.InetAddress.getAllByName(InetAddress.java:1378) ~[?:?]
	at java.net.InetAddress.getAllByName(InetAddress.java:1306) ~[?:?]
	at com.mongodb.ServerAddress.getSocketAddresses(ServerAddress.java:209) ~[mongodb-driver-core-4.6.1.jar:?]
	... 6 more
INFO -- 2023-03-16 18:57:51.709 [cluster-ClusterId{value='641217cb29f13d3abb1ecb88', description='null'}-cluster0-shard-00-01.4cxev.mongodb.net:27017] org.mongodb.driver.cluster -- Exception in monitor thread while connecting to server cluster0-shard-00-01.4cxev.mongodb.net:27017
com.mongodb.MongoSocketException: cluster0-shard-00-01.4cxev.mongodb.net
	at com.mongodb.ServerAddress.getSocketAddresses(ServerAddress.java:217) ~[mongodb-driver-core-4.6.1.jar:?]
	at com.mongodb.internal.connection.SocketStream.initializeSocket(SocketStream.java:75) ~[mongodb-driver-core-4.6.1.jar:?]
	at com.mongodb.internal.connection.SocketStream.open(SocketStream.java:65) ~[mongodb-driver-core-4.6.1.jar:?]
	at com.mongodb.internal.connection.InternalStreamConnection.open(InternalStreamConnection.java:180) ~[mongodb-driver-core-4.6.1.jar:?]
	at com.mongodb.internal.connection.DefaultServerMonitor$ServerMonitorRunnable.lookupServerDescription(DefaultServerMonitor.java:193) ~[mongodb-driver-core-4.6.1.jar:?]
	at com.mongodb.internal.connection.DefaultServerMonitor$ServerMonitorRunnable.run(DefaultServerMonitor.java:157) ~[mongodb-driver-core-4.6.1.jar:?]
	at java.lang.Thread.run(Thread.java:829) ~[?:?]
Caused by: java.net.UnknownHostException: cluster0-shard-00-01.4cxev.mongodb.net
	at java.net.InetAddress$CachedAddresses.get(InetAddress.java:797) ~[?:?]
	at java.net.InetAddress.getAllByName0(InetAddress.java:1519) ~[?:?]
	at java.net.InetAddress.getAllByName(InetAddress.java:1378) ~[?:?]
	at java.net.InetAddress.getAllByName(InetAddress.java:1306) ~[?:?]
	at com.mongodb.ServerAddress.getSocketAddresses(ServerAddress.java:209) ~[mongodb-driver-core-4.6.1.jar:?]
	... 6 more
INFO -- 2023-03-16 18:58:02.907 [cluster-ClusterId{value='641217cb29f13d3abb1ecb88', description='null'}-cluster0-shard-00-02.4cxev.mongodb.net:27017] org.mongodb.driver.connection -- Opened connection [connectionId{localValue:24, serverValue:29914}] to cluster0-shard-00-02.4cxev.mongodb.net:27017
INFO -- 2023-03-16 18:58:02.907 [cluster-rtt-ClusterId{value='641217cb29f13d3abb1ecb88', description='null'}-cluster0-shard-00-00.4cxev.mongodb.net:27017] org.mongodb.driver.connection -- Opened connection [connectionId{localValue:23, serverValue:29128}] to cluster0-shard-00-00.4cxev.mongodb.net:27017
INFO -- 2023-03-16 18:58:02.907 [cluster-rtt-ClusterId{value='641217cb29f13d3abb1ecb88', description='null'}-cluster0-shard-00-01.4cxev.mongodb.net:27017] org.mongodb.driver.connection -- Opened connection [connectionId{localValue:20, serverValue:28143}] to cluster0-shard-00-01.4cxev.mongodb.net:27017
INFO -- 2023-03-16 18:58:02.907 [cluster-ClusterId{value='641217cb29f13d3abb1ecb88', description='null'}-cluster0-shard-00-01.4cxev.mongodb.net:27017] org.mongodb.driver.connection -- Opened connection [connectionId{localValue:22, serverValue:28149}] to cluster0-shard-00-01.4cxev.mongodb.net:27017
INFO -- 2023-03-16 18:58:02.908 [cluster-ClusterId{value='641217cb29f13d3abb1ecb88', description='null'}-cluster0-shard-00-01.4cxev.mongodb.net:27017] org.mongodb.driver.cluster -- Monitor thread successfully connected to server with description ServerDescription{address=cluster0-shard-00-01.4cxev.mongodb.net:27017, type=REPLICA_SET_SECONDARY, state=CONNECTED, ok=true, minWireVersion=0, maxWireVersion=13, maxDocumentSize=16777216, logicalSessionTimeoutMinutes=30, roundTripTimeNanos=130331049, setName='atlas-fo286n-shard-0', canonicalAddress=cluster0-shard-00-01.4cxev.mongodb.net:27017, hosts=[cluster0-shard-00-00.4cxev.mongodb.net:27017, cluster0-shard-00-02.4cxev.mongodb.net:27017, cluster0-shard-00-01.4cxev.mongodb.net:27017], passives=[], arbiters=[], primary='cluster0-shard-00-02.4cxev.mongodb.net:27017', tagSet=TagSet{[Tag{name='nodeType', value='ELECTABLE'}, Tag{name='provider', value='AWS'}, Tag{name='region', value='EU_CENTRAL_1'}, Tag{name='workloadType', value='OPERATIONAL'}]}, electionId=null, setVersion=7, topologyVersion=TopologyVersion{processId=6412e8d55ebe052b52d8b734, counter=3}, lastWriteDate=Thu Mar 16 18:58:02 CET 2023, lastUpdateTimeNanos=106600429290279}
INFO -- 2023-03-16 18:58:02.908 [cluster-ClusterId{value='641217cb29f13d3abb1ecb88', description='null'}-cluster0-shard-00-02.4cxev.mongodb.net:27017] org.mongodb.driver.cluster -- Monitor thread successfully connected to server with description ServerDescription{address=cluster0-shard-00-02.4cxev.mongodb.net:27017, type=REPLICA_SET_PRIMARY, state=CONNECTED, ok=true, minWireVersion=0, maxWireVersion=13, maxDocumentSize=16777216, logicalSessionTimeoutMinutes=30, roundTripTimeNanos=359158618, setName='atlas-fo286n-shard-0', canonicalAddress=cluster0-shard-00-02.4cxev.mongodb.net:27017, hosts=[cluster0-shard-00-00.4cxev.mongodb.net:27017, cluster0-shard-00-02.4cxev.mongodb.net:27017, cluster0-shard-00-01.4cxev.mongodb.net:27017], passives=[], arbiters=[], primary='cluster0-shard-00-02.4cxev.mongodb.net:27017', tagSet=TagSet{[Tag{name='nodeType', value='ELECTABLE'}, Tag{name='provider', value='AWS'}, Tag{name='region', value='EU_CENTRAL_1'}, Tag{name='workloadType', value='OPERATIONAL'}]}, electionId=7fffffff0000000000000280, setVersion=7, topologyVersion=TopologyVersion{processId=6412e7cfda56e2508eb14450, counter=6}, lastWriteDate=Thu Mar 16 18:58:02 CET 2023, lastUpdateTimeNanos=106600429274835}
INFO -- 2023-03-16 18:58:02.909 [cluster-ClusterId{value='641217cb29f13d3abb1ecb88', description='null'}-cluster0-shard-00-02.4cxev.mongodb.net:27017] org.mongodb.driver.cluster -- Setting max election id to 7fffffff0000000000000280 from replica set primary cluster0-shard-00-02.4cxev.mongodb.net:27017
INFO -- 2023-03-16 18:58:02.909 [cluster-ClusterId{value='641217cb29f13d3abb1ecb88', description='null'}-cluster0-shard-00-02.4cxev.mongodb.net:27017] org.mongodb.driver.cluster -- Discovered replica set primary cluster0-shard-00-02.4cxev.mongodb.net:27017
INFO -- 2023-03-16 18:58:11.774 [cluster-rtt-ClusterId{value='641217cb29f13d3abb1ecb88', description='null'}-cluster0-shard-00-02.4cxev.mongodb.net:27017] org.mongodb.driver.connection -- Opened connection [connectionId{localValue:25, serverValue:30054}] to cluster0-shard-00-02.4cxev.mongodb.net:27017
INFO -- 2023-03-16 18:58:11.927 [cluster-ClusterId{value='641217cb29f13d3abb1ecb88', description='null'}-cluster0-shard-00-00.4cxev.mongodb.net:27017] org.mongodb.driver.connection -- Opened connection [connectionId{localValue:26, serverValue:29142}] to cluster0-shard-00-00.4cxev.mongodb.net:27017
INFO -- 2023-03-16 18:58:11.928 [cluster-ClusterId{value='641217cb29f13d3abb1ecb88', description='null'}-cluster0-shard-00-00.4cxev.mongodb.net:27017] org.mongodb.driver.cluster -- Monitor thread successfully connected to server with description ServerDescription{address=cluster0-shard-00-00.4cxev.mongodb.net:27017, type=REPLICA_SET_SECONDARY, state=CONNECTED, ok=true, minWireVersion=0, maxWireVersion=13, maxDocumentSize=16777216, logicalSessionTimeoutMinutes=30, roundTripTimeNanos=306775351, setName='atlas-fo286n-shard-0', canonicalAddress=cluster0-shard-00-00.4cxev.mongodb.net:27017, hosts=[cluster0-shard-00-00.4cxev.mongodb.net:27017, cluster0-shard-00-02.4cxev.mongodb.net:27017, cluster0-shard-00-01.4cxev.mongodb.net:27017], passives=[], arbiters=[], primary='cluster0-shard-00-02.4cxev.mongodb.net:27017', tagSet=TagSet{[Tag{name='nodeType', value='ELECTABLE'}, Tag{name='provider', value='AWS'}, Tag{name='region', value='EU_CENTRAL_1'}, Tag{name='workloadType', value='OPERATIONAL'}]}, electionId=null, setVersion=7, topologyVersion=TopologyVersion{processId=6412e6d9a36ce41a11a8432d, counter=4}, lastWriteDate=Thu Mar 16 18:58:11 CET 2023, lastUpdateTimeNanos=106609449761501}
INFO -- 2023-03-16 19:04:04.980 [cluster-ClusterId{value='641217cb29f13d3abb1ecb88', description='null'}-cluster0-shard-00-01.4cxev.mongodb.net:27017] org.mongodb.driver.cluster -- Exception in monitor thread while connecting to server cluster0-shard-00-01.4cxev.mongodb.net:27017
com.mongodb.MongoSocketReadTimeoutException: Timeout while receiving message
	at com.mongodb.internal.connection.InternalStreamConnection.translateReadException(InternalStreamConnection.java:696) ~[mongodb-driver-core-4.6.1.jar:?]
	at com.mongodb.internal.connection.InternalStreamConnection.receiveMessageWithAdditionalTimeout(InternalStreamConnection.java:574) ~[mongodb-driver-core-4.6.1.jar:?]
	at com.mongodb.internal.connection.InternalStreamConnection.receiveCommandMessageResponse(InternalStreamConnection.java:410) ~[mongodb-driver-core-4.6.1.jar:?]
	at com.mongodb.internal.connection.InternalStreamConnection.receive(InternalStreamConnection.java:369) ~[mongodb-driver-core-4.6.1.jar:?]
	at com.mongodb.internal.connection.DefaultServerMonitor$ServerMonitorRunnable.lookupServerDescription(DefaultServerMonitor.java:221) ~[mongodb-driver-core-4.6.1.jar:?]
	at com.mongodb.internal.connection.DefaultServerMonitor$ServerMonitorRunnable.run(DefaultServerMonitor.java:157) ~[mongodb-driver-core-4.6.1.jar:?]
	at java.lang.Thread.run(Thread.java:829) ~[?:?]
Caused by: java.net.SocketTimeoutException: Read timed out
	at java.net.SocketInputStream.socketRead0(Native Method) ~[?:?]
	at java.net.SocketInputStream.socketRead(SocketInputStream.java:115) ~[?:?]
	at java.net.SocketInputStream.read(SocketInputStream.java:168) ~[?:?]
	at java.net.SocketInputStream.read(SocketInputStream.java:140) ~[?:?]
	at sun.security.ssl.SSLSocketInputRecord.read(SSLSocketInputRecord.java:478) ~[?:?]
	at sun.security.ssl.SSLSocketInputRecord.readHeader(SSLSocketInputRecord.java:472) ~[?:?]
	at sun.security.ssl.SSLSocketInputRecord.bytesInCompletePacket(SSLSocketInputRecord.java:70) ~[?:?]
	at sun.security.ssl.SSLSocketImpl.readApplicationRecord(SSLSocketImpl.java:1454) ~[?:?]
	at sun.security.ssl.SSLSocketImpl$AppInputStream.read(SSLSocketImpl.java:1065) ~[?:?]
	at com.mongodb.internal.connection.SocketStream.read(SocketStream.java:110) ~[mongodb-driver-core-4.6.1.jar:?]
	at com.mongodb.internal.connection.SocketStream.read(SocketStream.java:135) ~[mongodb-driver-core-4.6.1.jar:?]
	at com.mongodb.internal.connection.InternalStreamConnection.receiveResponseBuffers(InternalStreamConnection.java:713) ~[mongodb-driver-core-4.6.1.jar:?]
	at com.mongodb.internal.connection.InternalStreamConnection.receiveMessageWithAdditionalTimeout(InternalStreamConnection.java:571) ~[mongodb-driver-core-4.6.1.jar:?]
	... 5 more
INFO -- 2023-03-16 19:04:05.001 [cluster-ClusterId{value='641217cb29f13d3abb1ecb88', description='null'}-cluster0-shard-00-02.4cxev.mongodb.net:27017] org.mongodb.driver.cluster -- Exception in monitor thread while connecting to server cluster0-shard-00-02.4cxev.mongodb.net:27017
com.mongodb.MongoSocketReadTimeoutException: Timeout while receiving message
	at com.mongodb.internal.connection.InternalStreamConnection.translateReadException(InternalStreamConnection.java:696) ~[mongodb-driver-core-4.6.1.jar:?]
	at com.mongodb.internal.connection.InternalStreamConnection.receiveMessageWithAdditionalTimeout(InternalStreamConnection.java:574) ~[mongodb-driver-core-4.6.1.jar:?]
	at com.mongodb.internal.connection.InternalStreamConnection.receiveCommandMessageResponse(InternalStreamConnection.java:410) ~[mongodb-driver-core-4.6.1.jar:?]
	at com.mongodb.internal.connection.InternalStreamConnection.receive(InternalStreamConnection.java:369) ~[mongodb-driver-core-4.6.1.jar:?]
	at com.mongodb.internal.connection.DefaultServerMonitor$ServerMonitorRunnable.lookupServerDescription(DefaultServerMonitor.java:221) ~[mongodb-driver-core-4.6.1.jar:?]
	at com.mongodb.internal.connection.DefaultServerMonitor$ServerMonitorRunnable.run(DefaultServerMonitor.java:157) ~[mongodb-driver-core-4.6.1.jar:?]
	at java.lang.Thread.run(Thread.java:829) ~[?:?]
Caused by: java.net.SocketTimeoutException: Read timed out
	at java.net.SocketInputStream.socketRead0(Native Method) ~[?:?]
	at java.net.SocketInputStream.socketRead(SocketInputStream.java:115) ~[?:?]
	at java.net.SocketInputStream.read(SocketInputStream.java:168) ~[?:?]
	at java.net.SocketInputStream.read(SocketInputStream.java:140) ~[?:?]
	at sun.security.ssl.SSLSocketInputRecord.read(SSLSocketInputRecord.java:478) ~[?:?]
	at sun.security.ssl.SSLSocketInputRecord.readHeader(SSLSocketInputRecord.java:472) ~[?:?]
	at sun.security.ssl.SSLSocketInputRecord.bytesInCompletePacket(SSLSocketInputRecord.java:70) ~[?:?]
	at sun.security.ssl.SSLSocketImpl.readApplicationRecord(SSLSocketImpl.java:1454) ~[?:?]
	at sun.security.ssl.SSLSocketImpl$AppInputStream.read(SSLSocketImpl.java:1065) ~[?:?]
	at com.mongodb.internal.connection.SocketStream.read(SocketStream.java:110) ~[mongodb-driver-core-4.6.1.jar:?]
	at com.mongodb.internal.connection.SocketStream.read(SocketStream.java:135) ~[mongodb-driver-core-4.6.1.jar:?]
	at com.mongodb.internal.connection.InternalStreamConnection.receiveResponseBuffers(InternalStreamConnection.java:713) ~[mongodb-driver-core-4.6.1.jar:?]
	at com.mongodb.internal.connection.InternalStreamConnection.receiveMessageWithAdditionalTimeout(InternalStreamConnection.java:571) ~[mongodb-driver-core-4.6.1.jar:?]
	... 5 more
INFO -- 2023-03-16 19:04:05.106 [cluster-ClusterId{value='641217cb29f13d3abb1ecb88', description='null'}-cluster0-shard-00-01.4cxev.mongodb.net:27017] org.mongodb.driver.connection -- Opened connection [connectionId{localValue:27, serverValue:28515}] to cluster0-shard-00-01.4cxev.mongodb.net:27017
INFO -- 2023-03-16 19:04:05.106 [cluster-ClusterId{value='641217cb29f13d3abb1ecb88', description='null'}-cluster0-shard-00-01.4cxev.mongodb.net:27017] org.mongodb.driver.cluster -- Monitor thread successfully connected to server with description ServerDescription{address=cluster0-shard-00-01.4cxev.mongodb.net:27017, type=REPLICA_SET_SECONDARY, state=CONNECTED, ok=true, minWireVersion=0, maxWireVersion=13, maxDocumentSize=16777216, logicalSessionTimeoutMinutes=30, roundTripTimeNanos=66547689, setName='atlas-fo286n-shard-0', canonicalAddress=cluster0-shard-00-01.4cxev.mongodb.net:27017, hosts=[cluster0-shard-00-00.4cxev.mongodb.net:27017, cluster0-shard-00-02.4cxev.mongodb.net:27017, cluster0-shard-00-01.4cxev.mongodb.net:27017], passives=[], arbiters=[], primary='cluster0-shard-00-02.4cxev.mongodb.net:27017', tagSet=TagSet{[Tag{name='nodeType', value='ELECTABLE'}, Tag{name='provider', value='AWS'}, Tag{name='region', value='EU_CENTRAL_1'}, Tag{name='workloadType', value='OPERATIONAL'}]}, electionId=null, setVersion=7, topologyVersion=TopologyVersion{processId=6412e8d55ebe052b52d8b734, counter=3}, lastWriteDate=Thu Mar 16 19:04:05 CET 2023, lastUpdateTimeNanos=106710643934800}
INFO -- 2023-03-16 19:04:05.124 [cluster-ClusterId{value='641217cb29f13d3abb1ecb88', description='null'}-cluster0-shard-00-02.4cxev.mongodb.net:27017] org.mongodb.driver.connection -- Opened connection [connectionId{localValue:28, serverValue:30347}] to cluster0-shard-00-02.4cxev.mongodb.net:27017
INFO -- 2023-03-16 19:04:05.125 [cluster-ClusterId{value='641217cb29f13d3abb1ecb88', description='null'}-cluster0-shard-00-02.4cxev.mongodb.net:27017] org.mongodb.driver.cluster -- Monitor thread successfully connected to server with description ServerDescription{address=cluster0-shard-00-02.4cxev.mongodb.net:27017, type=REPLICA_SET_PRIMARY, state=CONNECTED, ok=true, minWireVersion=0, maxWireVersion=13, maxDocumentSize=16777216, logicalSessionTimeoutMinutes=30, roundTripTimeNanos=62364646, setName='atlas-fo286n-shard-0', canonicalAddress=cluster0-shard-00-02.4cxev.mongodb.net:27017, hosts=[cluster0-shard-00-00.4cxev.mongodb.net:27017, cluster0-shard-00-02.4cxev.mongodb.net:27017, cluster0-shard-00-01.4cxev.mongodb.net:27017], passives=[], arbiters=[], primary='cluster0-shard-00-02.4cxev.mongodb.net:27017', tagSet=TagSet{[Tag{name='nodeType', value='ELECTABLE'}, Tag{name='provider', value='AWS'}, Tag{name='region', value='EU_CENTRAL_1'}, Tag{name='workloadType', value='OPERATIONAL'}]}, electionId=7fffffff0000000000000280, setVersion=7, topologyVersion=TopologyVersion{processId=6412e7cfda56e2508eb14450, counter=6}, lastWriteDate=Thu Mar 16 19:04:05 CET 2023, lastUpdateTimeNanos=106710663010643}
INFO -- 2023-03-16 19:04:05.125 [cluster-ClusterId{value='641217cb29f13d3abb1ecb88', description='null'}-cluster0-shard-00-02.4cxev.mongodb.net:27017] org.mongodb.driver.cluster -- Discovered replica set primary cluster0-shard-00-02.4cxev.mongodb.net:27017
INFO -- 2023-03-16 19:07:39.985 [background-preinit] org.hibernate.validator.internal.util.Version -- HV000001: Hibernate Validator 6.2.5.Final
INFO -- 2023-03-16 19:07:40.058 [main] pavlo.pro.massagetherapyapi.MassageTherapyApiApplication -- Starting MassageTherapyApiApplication using Java 11.0.16.1 on Pavels-MacBook-Pro.local with PID 32776 (/Users/pavelivashchenko/Developer/massage-therapy-api/target/classes started by pavelivashchenko in /Users/pavelivashchenko/Developer/massage-therapy-api)
INFO -- 2023-03-16 19:07:40.064 [main] pavlo.pro.massagetherapyapi.MassageTherapyApiApplication -- The following 1 profile is active: "prod"
INFO -- 2023-03-16 19:07:41.292 [main] org.springframework.data.repository.config.RepositoryConfigurationDelegate -- Bootstrapping Spring Data MongoDB repositories in DEFAULT mode.
INFO -- 2023-03-16 19:07:41.389 [main] org.springframework.data.repository.config.RepositoryConfigurationDelegate -- Finished Spring Data repository scanning in 88 ms. Found 5 MongoDB repository interfaces.
INFO -- 2023-03-16 19:07:41.767 [main] com.ulisesbocchio.jasyptspringboot.configuration.EnableEncryptablePropertiesBeanFactoryPostProcessor -- Post-processing PropertySource instances
INFO -- 2023-03-16 19:07:41.772 [main] com.ulisesbocchio.jasyptspringboot.EncryptablePropertySourceConverter -- Skipping PropertySource configurationProperties [class org.springframework.boot.context.properties.source.ConfigurationPropertySourcesPropertySource
INFO -- 2023-03-16 19:07:41.773 [main] com.ulisesbocchio.jasyptspringboot.EncryptablePropertySourceConverter -- Skipping PropertySource servletConfigInitParams [class org.springframework.core.env.PropertySource$StubPropertySource
INFO -- 2023-03-16 19:07:41.773 [main] com.ulisesbocchio.jasyptspringboot.EncryptablePropertySourceConverter -- Skipping PropertySource servletContextInitParams [class org.springframework.core.env.PropertySource$StubPropertySource
INFO -- 2023-03-16 19:07:41.774 [main] com.ulisesbocchio.jasyptspringboot.EncryptablePropertySourceConverter -- Converting PropertySource systemProperties [org.springframework.core.env.PropertiesPropertySource] to EncryptableMapPropertySourceWrapper
INFO -- 2023-03-16 19:07:41.775 [main] com.ulisesbocchio.jasyptspringboot.EncryptablePropertySourceConverter -- Converting PropertySource systemEnvironment [org.springframework.boot.env.SystemEnvironmentPropertySourceEnvironmentPostProcessor$OriginAwareSystemEnvironmentPropertySource] to EncryptableSystemEnvironmentPropertySourceWrapper
INFO -- 2023-03-16 19:07:41.775 [main] com.ulisesbocchio.jasyptspringboot.EncryptablePropertySourceConverter -- Converting PropertySource random [org.springframework.boot.env.RandomValuePropertySource] to EncryptablePropertySourceWrapper
INFO -- 2023-03-16 19:07:41.775 [main] com.ulisesbocchio.jasyptspringboot.EncryptablePropertySourceConverter -- Converting PropertySource Config resource 'class path resource [application-prod.properties]' via location 'optional:classpath:/' [org.springframework.boot.env.OriginTrackedMapPropertySource] to EncryptableMapPropertySourceWrapper
INFO -- 2023-03-16 19:07:41.776 [main] com.ulisesbocchio.jasyptspringboot.EncryptablePropertySourceConverter -- Converting PropertySource Config resource 'class path resource [application.properties]' via location 'optional:classpath:/' [org.springframework.boot.env.OriginTrackedMapPropertySource] to EncryptableMapPropertySourceWrapper
INFO -- 2023-03-16 19:07:41.776 [main] com.ulisesbocchio.jasyptspringboot.EncryptablePropertySourceConverter -- Converting PropertySource class path resource [custom.properties] [org.springframework.core.io.support.ResourcePropertySource] to EncryptableMapPropertySourceWrapper
INFO -- 2023-03-16 19:07:42.102 [main] com.ulisesbocchio.jasyptspringboot.filter.DefaultLazyPropertyFilter -- Property Filter custom Bean not found with name 'encryptablePropertyFilter'. Initializing Default Property Filter
INFO -- 2023-03-16 19:07:42.114 [main] com.ulisesbocchio.jasyptspringboot.resolver.DefaultLazyPropertyResolver -- Property Resolver custom Bean not found with name 'encryptablePropertyResolver'. Initializing Default Property Resolver
INFO -- 2023-03-16 19:07:42.117 [main] com.ulisesbocchio.jasyptspringboot.detector.DefaultLazyPropertyDetector -- Property Detector custom Bean not found with name 'encryptablePropertyDetector'. Initializing Default Property Detector
INFO -- 2023-03-16 19:07:42.337 [main] org.springframework.boot.web.embedded.tomcat.TomcatWebServer -- Tomcat initialized with port(s): 8080 (http)
INFO -- 2023-03-16 19:07:42.354 [main] org.apache.coyote.http11.Http11NioProtocol -- Initializing ProtocolHandler ["http-nio-8080"]
INFO -- 2023-03-16 19:07:42.354 [main] org.apache.catalina.core.StandardService -- Starting service [Tomcat]
INFO -- 2023-03-16 19:07:42.355 [main] org.apache.catalina.core.StandardEngine -- Starting Servlet engine: [Apache Tomcat/9.0.69]
INFO -- 2023-03-16 19:07:42.513 [main] org.apache.catalina.core.ContainerBase.[Tomcat].[localhost].[/] -- Initializing Spring embedded WebApplicationContext
INFO -- 2023-03-16 19:07:42.514 [main] org.springframework.boot.web.servlet.context.ServletWebServerApplicationContext -- Root WebApplicationContext: initialization completed in 2396 ms
INFO -- 2023-03-16 19:07:42.619 [main] com.ulisesbocchio.jasyptspringboot.encryptor.DefaultLazyEncryptor -- String Encryptor custom Bean not found with name 'jasyptStringEncryptor'. Initializing Default String Encryptor
INFO -- 2023-03-16 19:07:42.637 [main] com.ulisesbocchio.jasyptspringboot.configuration.StringEncryptorBuilder -- Encryptor config not found for property jasypt.encryptor.algorithm, using default value: PBEWITHHMACSHA512ANDAES_256
INFO -- 2023-03-16 19:07:42.638 [main] com.ulisesbocchio.jasyptspringboot.configuration.StringEncryptorBuilder -- Encryptor config not found for property jasypt.encryptor.key-obtention-iterations, using default value: 1000
INFO -- 2023-03-16 19:07:42.639 [main] com.ulisesbocchio.jasyptspringboot.configuration.StringEncryptorBuilder -- Encryptor config not found for property jasypt.encryptor.pool-size, using default value: 1
INFO -- 2023-03-16 19:07:42.640 [main] com.ulisesbocchio.jasyptspringboot.configuration.StringEncryptorBuilder -- Encryptor config not found for property jasypt.encryptor.provider-name, using default value: null
INFO -- 2023-03-16 19:07:42.640 [main] com.ulisesbocchio.jasyptspringboot.configuration.StringEncryptorBuilder -- Encryptor config not found for property jasypt.encryptor.provider-class-name, using default value: null
INFO -- 2023-03-16 19:07:42.641 [main] com.ulisesbocchio.jasyptspringboot.configuration.StringEncryptorBuilder -- Encryptor config not found for property jasypt.encryptor.salt-generator-classname, using default value: org.jasypt.salt.RandomSaltGenerator
INFO -- 2023-03-16 19:07:42.642 [main] com.ulisesbocchio.jasyptspringboot.configuration.StringEncryptorBuilder -- Encryptor config not found for property jasypt.encryptor.iv-generator-classname, using default value: org.jasypt.iv.RandomIvGenerator
INFO -- 2023-03-16 19:07:42.644 [main] com.ulisesbocchio.jasyptspringboot.configuration.StringEncryptorBuilder -- Encryptor config not found for property jasypt.encryptor.string-output-type, using default value: base64
INFO -- 2023-03-16 19:07:43.006 [cluster-ClusterId{value='64135aee5714c9537e9cd704', description='null'}-srv-cluster0.4cxev.mongodb.net] org.mongodb.driver.cluster -- Adding discovered server cluster0-shard-00-01.4cxev.mongodb.net:27017 to client view of cluster
INFO -- 2023-03-16 19:07:43.011 [main] org.mongodb.driver.client -- MongoClient with metadata {"driver": {"name": "mongo-java-driver|sync|spring-boot", "version": "4.6.1"}, "os": {"type": "Darwin", "name": "Mac OS X", "architecture": "x86_64", "version": "10.15.7"}, "platform": "Java/Homebrew/11.0.16.1+0"} created with settings MongoClientSettings{readPreference=primary, writeConcern=WriteConcern{w=majority, wTimeout=null ms, journal=null}, retryWrites=true, retryReads=true, readConcern=ReadConcern{level=null}, credential=MongoCredential{mechanism=null, userName='stkachuk', source='admin', password=<hidden>, mechanismProperties=<hidden>}, streamFactoryFactory=null, commandListeners=[], codecRegistry=ProvidersCodecRegistry{codecProviders=[ValueCodecProvider{}, BsonValueCodecProvider{}, DBRefCodecProvider{}, DBObjectCodecProvider{}, DocumentCodecProvider{}, IterableCodecProvider{}, MapCodecProvider{}, GeoJsonCodecProvider{}, GridFSFileCodecProvider{}, Jsr310CodecProvider{}, JsonObjectCodecProvider{}, BsonCodecProvider{}, EnumCodecProvider{}, com.mongodb.Jep395RecordCodecProvider@34f23816]}, clusterSettings={hosts=[127.0.0.1:27017], srvHost=cluster0.4cxev.mongodb.net, srvServiceName=mongodb, mode=MULTIPLE, requiredClusterType=REPLICA_SET, requiredReplicaSetName='atlas-fo286n-shard-0', serverSelector='null', clusterListeners='[]', serverSelectionTimeout='30000 ms', localThreshold='30000 ms'}, socketSettings=SocketSettings{connectTimeoutMS=10000, readTimeoutMS=0, receiveBufferSize=0, sendBufferSize=0}, heartbeatSocketSettings=SocketSettings{connectTimeoutMS=10000, readTimeoutMS=10000, receiveBufferSize=0, sendBufferSize=0}, connectionPoolSettings=ConnectionPoolSettings{maxSize=100, minSize=0, maxWaitTimeMS=120000, maxConnectionLifeTimeMS=0, maxConnectionIdleTimeMS=0, maintenanceInitialDelayMS=0, maintenanceFrequencyMS=60000, connectionPoolListeners=[], maxConnecting=2}, serverSettings=ServerSettings{heartbeatFrequencyMS=10000, minHeartbeatFrequencyMS=500, serverListeners='[]', serverMonitorListeners='[]'}, sslSettings=SslSettings{enabled=true, invalidHostNameAllowed=false, context=null}, applicationName='null', compressorList=[], uuidRepresentation=JAVA_LEGACY, serverApi=null, autoEncryptionSettings=null, contextProvider=null}
INFO -- 2023-03-16 19:07:43.044 [cluster-ClusterId{value='64135aee5714c9537e9cd704', description='null'}-srv-cluster0.4cxev.mongodb.net] org.mongodb.driver.cluster -- Adding discovered server cluster0-shard-00-02.4cxev.mongodb.net:27017 to client view of cluster
INFO -- 2023-03-16 19:07:43.045 [cluster-ClusterId{value='64135aee5714c9537e9cd704', description='null'}-srv-cluster0.4cxev.mongodb.net] org.mongodb.driver.cluster -- Adding discovered server cluster0-shard-00-00.4cxev.mongodb.net:27017 to client view of cluster
INFO -- 2023-03-16 19:07:43.799 [cluster-ClusterId{value='64135aee5714c9537e9cd704', description='null'}-cluster0-shard-00-00.4cxev.mongodb.net:27017] org.mongodb.driver.connection -- Opened connection [connectionId{localValue:5, serverValue:29688}] to cluster0-shard-00-00.4cxev.mongodb.net:27017
INFO -- 2023-03-16 19:07:43.799 [cluster-ClusterId{value='64135aee5714c9537e9cd704', description='null'}-cluster0-shard-00-01.4cxev.mongodb.net:27017] org.mongodb.driver.connection -- Opened connection [connectionId{localValue:2, serverValue:28714}] to cluster0-shard-00-01.4cxev.mongodb.net:27017
INFO -- 2023-03-16 19:07:43.799 [cluster-rtt-ClusterId{value='64135aee5714c9537e9cd704', description='null'}-cluster0-shard-00-01.4cxev.mongodb.net:27017] org.mongodb.driver.connection -- Opened connection [connectionId{localValue:3, serverValue:28714}] to cluster0-shard-00-01.4cxev.mongodb.net:27017
INFO -- 2023-03-16 19:07:43.799 [cluster-rtt-ClusterId{value='64135aee5714c9537e9cd704', description='null'}-cluster0-shard-00-02.4cxev.mongodb.net:27017] org.mongodb.driver.connection -- Opened connection [connectionId{localValue:6, serverValue:30581}] to cluster0-shard-00-02.4cxev.mongodb.net:27017
INFO -- 2023-03-16 19:07:43.799 [cluster-ClusterId{value='64135aee5714c9537e9cd704', description='null'}-cluster0-shard-00-02.4cxev.mongodb.net:27017] org.mongodb.driver.connection -- Opened connection [connectionId{localValue:1, serverValue:30627}] to cluster0-shard-00-02.4cxev.mongodb.net:27017
INFO -- 2023-03-16 19:07:43.799 [cluster-rtt-ClusterId{value='64135aee5714c9537e9cd704', description='null'}-cluster0-shard-00-00.4cxev.mongodb.net:27017] org.mongodb.driver.connection -- Opened connection [connectionId{localValue:4, serverValue:29688}] to cluster0-shard-00-00.4cxev.mongodb.net:27017
INFO -- 2023-03-16 19:07:43.800 [cluster-ClusterId{value='64135aee5714c9537e9cd704', description='null'}-cluster0-shard-00-01.4cxev.mongodb.net:27017] org.mongodb.driver.cluster -- Monitor thread successfully connected to server with description ServerDescription{address=cluster0-shard-00-01.4cxev.mongodb.net:27017, type=REPLICA_SET_SECONDARY, state=CONNECTED, ok=true, minWireVersion=0, maxWireVersion=13, maxDocumentSize=16777216, logicalSessionTimeoutMinutes=30, roundTripTimeNanos=420859039, setName='atlas-fo286n-shard-0', canonicalAddress=cluster0-shard-00-01.4cxev.mongodb.net:27017, hosts=[cluster0-shard-00-00.4cxev.mongodb.net:27017, cluster0-shard-00-02.4cxev.mongodb.net:27017, cluster0-shard-00-01.4cxev.mongodb.net:27017], passives=[], arbiters=[], primary='cluster0-shard-00-02.4cxev.mongodb.net:27017', tagSet=TagSet{[Tag{name='nodeType', value='ELECTABLE'}, Tag{name='provider', value='AWS'}, Tag{name='region', value='EU_CENTRAL_1'}, Tag{name='workloadType', value='OPERATIONAL'}]}, electionId=null, setVersion=7, topologyVersion=TopologyVersion{processId=6412e8d55ebe052b52d8b734, counter=3}, lastWriteDate=Thu Mar 16 19:07:43 CET 2023, lastUpdateTimeNanos=106929337118857}
INFO -- 2023-03-16 19:07:43.801 [cluster-ClusterId{value='64135aee5714c9537e9cd704', description='null'}-cluster0-shard-00-00.4cxev.mongodb.net:27017] org.mongodb.driver.cluster -- Monitor thread successfully connected to server with description ServerDescription{address=cluster0-shard-00-00.4cxev.mongodb.net:27017, type=REPLICA_SET_SECONDARY, state=CONNECTED, ok=true, minWireVersion=0, maxWireVersion=13, maxDocumentSize=16777216, logicalSessionTimeoutMinutes=30, roundTripTimeNanos=420858907, setName='atlas-fo286n-shard-0', canonicalAddress=cluster0-shard-00-00.4cxev.mongodb.net:27017, hosts=[cluster0-shard-00-00.4cxev.mongodb.net:27017, cluster0-shard-00-02.4cxev.mongodb.net:27017, cluster0-shard-00-01.4cxev.mongodb.net:27017], passives=[], arbiters=[], primary='cluster0-shard-00-02.4cxev.mongodb.net:27017', tagSet=TagSet{[Tag{name='nodeType', value='ELECTABLE'}, Tag{name='provider', value='AWS'}, Tag{name='region', value='EU_CENTRAL_1'}, Tag{name='workloadType', value='OPERATIONAL'}]}, electionId=null, setVersion=7, topologyVersion=TopologyVersion{processId=6412e6d9a36ce41a11a8432d, counter=4}, lastWriteDate=Thu Mar 16 19:07:43 CET 2023, lastUpdateTimeNanos=106929337122089}
INFO -- 2023-03-16 19:07:43.801 [cluster-ClusterId{value='64135aee5714c9537e9cd704', description='null'}-cluster0-shard-00-02.4cxev.mongodb.net:27017] org.mongodb.driver.cluster -- Monitor thread successfully connected to server with description ServerDescription{address=cluster0-shard-00-02.4cxev.mongodb.net:27017, type=REPLICA_SET_PRIMARY, state=CONNECTED, ok=true, minWireVersion=0, maxWireVersion=13, maxDocumentSize=16777216, logicalSessionTimeoutMinutes=30, roundTripTimeNanos=416584253, setName='atlas-fo286n-shard-0', canonicalAddress=cluster0-shard-00-02.4cxev.mongodb.net:27017, hosts=[cluster0-shard-00-00.4cxev.mongodb.net:27017, cluster0-shard-00-02.4cxev.mongodb.net:27017, cluster0-shard-00-01.4cxev.mongodb.net:27017], passives=[], arbiters=[], primary='cluster0-shard-00-02.4cxev.mongodb.net:27017', tagSet=TagSet{[Tag{name='nodeType', value='ELECTABLE'}, Tag{name='provider', value='AWS'}, Tag{name='region', value='EU_CENTRAL_1'}, Tag{name='workloadType', value='OPERATIONAL'}]}, electionId=7fffffff0000000000000280, setVersion=7, topologyVersion=TopologyVersion{processId=6412e7cfda56e2508eb14450, counter=6}, lastWriteDate=Thu Mar 16 19:07:43 CET 2023, lastUpdateTimeNanos=106929337118857}
INFO -- 2023-03-16 19:07:43.807 [cluster-ClusterId{value='64135aee5714c9537e9cd704', description='null'}-cluster0-shard-00-02.4cxev.mongodb.net:27017] org.mongodb.driver.cluster -- Setting max election id to 7fffffff0000000000000280 from replica set primary cluster0-shard-00-02.4cxev.mongodb.net:27017
INFO -- 2023-03-16 19:07:43.807 [cluster-ClusterId{value='64135aee5714c9537e9cd704', description='null'}-cluster0-shard-00-02.4cxev.mongodb.net:27017] org.mongodb.driver.cluster -- Setting max set version to 7 from replica set primary cluster0-shard-00-02.4cxev.mongodb.net:27017
INFO -- 2023-03-16 19:07:43.808 [cluster-ClusterId{value='64135aee5714c9537e9cd704', description='null'}-cluster0-shard-00-02.4cxev.mongodb.net:27017] org.mongodb.driver.cluster -- Discovered replica set primary cluster0-shard-00-02.4cxev.mongodb.net:27017
INFO -- 2023-03-16 19:07:44.150 [main] org.springframework.beans.factory.annotation.AutowiredAnnotationBeanPostProcessor -- Autowired annotation is not supported on static fields: private static pavlo.pro.massagetherapyapi.config.PropertiesConfig pavlo.pro.massagetherapyapi.exception.AppException.propertiesConfig
INFO -- 2023-03-16 19:07:44.825 [main] pavlo.pro.massagetherapyapi.config.AppEnvironmentAware -- Application active profile -- prod
INFO -- 2023-03-16 19:07:45.258 [main] org.springframework.security.web.DefaultSecurityFilterChain -- Will secure any request with [org.springframework.security.web.session.DisableEncodeUrlFilter@c2f7c63, org.springframework.security.web.context.request.async.WebAsyncManagerIntegrationFilter@4790b897, org.springframework.security.web.context.SecurityContextPersistenceFilter@2d8087da, org.springframework.security.web.header.HeaderWriterFilter@13a9cdae, org.springframework.web.filter.CorsFilter@5cba890e, org.springframework.security.web.authentication.logout.LogoutFilter@29ba63f0, pavlo.pro.massagetherapyapi.security.AuthTokenFilter@6f112f70, org.springframework.security.web.savedrequest.RequestCacheAwareFilter@6fdaef04, org.springframework.security.web.servletapi.SecurityContextHolderAwareRequestFilter@2a5d2041, org.springframework.security.web.authentication.AnonymousAuthenticationFilter@3a4cb483, org.springframework.security.web.session.SessionManagementFilter@74e2cfc5, org.springframework.security.web.access.ExceptionTranslationFilter@2b3abeeb, org.springframework.security.web.access.intercept.FilterSecurityInterceptor@1a7a21d0]
INFO -- 2023-03-16 19:07:45.640 [main] org.apache.coyote.http11.Http11NioProtocol -- Starting ProtocolHandler ["http-nio-8080"]
INFO -- 2023-03-16 19:07:45.666 [main] org.springframework.boot.web.embedded.tomcat.TomcatWebServer -- Tomcat started on port(s): 8080 (http) with context path ''
INFO -- 2023-03-16 19:07:45.666 [main] com.ulisesbocchio.jasyptspringboot.caching.RefreshScopeRefreshedEventListener -- Refreshing cached encryptable property sources on ServletWebServerInitializedEvent
INFO -- 2023-03-16 19:07:45.667 [main] com.ulisesbocchio.jasyptspringboot.caching.CachingDelegateEncryptablePropertySource -- Property Source systemProperties refreshed
INFO -- 2023-03-16 19:07:45.667 [main] com.ulisesbocchio.jasyptspringboot.caching.CachingDelegateEncryptablePropertySource -- Property Source systemEnvironment refreshed
INFO -- 2023-03-16 19:07:45.667 [main] com.ulisesbocchio.jasyptspringboot.caching.CachingDelegateEncryptablePropertySource -- Property Source random refreshed
INFO -- 2023-03-16 19:07:45.667 [main] com.ulisesbocchio.jasyptspringboot.caching.CachingDelegateEncryptablePropertySource -- Property Source Config resource 'class path resource [application-prod.properties]' via location 'optional:classpath:/' refreshed
INFO -- 2023-03-16 19:07:45.667 [main] com.ulisesbocchio.jasyptspringboot.caching.CachingDelegateEncryptablePropertySource -- Property Source Config resource 'class path resource [application.properties]' via location 'optional:classpath:/' refreshed
INFO -- 2023-03-16 19:07:45.667 [main] com.ulisesbocchio.jasyptspringboot.caching.CachingDelegateEncryptablePropertySource -- Property Source class path resource [custom.properties] refreshed
INFO -- 2023-03-16 19:07:45.667 [main] com.ulisesbocchio.jasyptspringboot.EncryptablePropertySourceConverter -- Skipping PropertySource configurationProperties [class org.springframework.boot.context.properties.source.ConfigurationPropertySourcesPropertySource
INFO -- 2023-03-16 19:07:45.667 [main] com.ulisesbocchio.jasyptspringboot.EncryptablePropertySourceConverter -- Skipping PropertySource servletConfigInitParams [class org.springframework.core.env.PropertySource$StubPropertySource
INFO -- 2023-03-16 19:07:45.668 [main] com.ulisesbocchio.jasyptspringboot.EncryptablePropertySourceConverter -- Converting PropertySource servletContextInitParams [org.springframework.web.context.support.ServletContextPropertySource] to EncryptableEnumerablePropertySourceWrapper
INFO -- 2023-03-16 19:07:46.218 [main] pavlo.pro.massagetherapyapi.MassageTherapyApiApplication -- Started MassageTherapyApiApplication in 6.705 seconds (JVM running for 12.836)
INFO -- 2023-03-16 19:07:50.699 [http-nio-8080-exec-1] org.apache.catalina.core.ContainerBase.[Tomcat].[localhost].[/] -- Initializing Spring DispatcherServlet 'dispatcherServlet'
INFO -- 2023-03-16 19:07:50.699 [http-nio-8080-exec-1] org.springframework.web.servlet.DispatcherServlet -- Initializing Servlet 'dispatcherServlet'
INFO -- 2023-03-16 19:07:50.702 [http-nio-8080-exec-1] org.springframework.web.servlet.DispatcherServlet -- Completed initialization in 3 ms
ERROR-- 2023-03-16 19:09:50.959 [http-nio-8080-exec-8] pavlo.pro.massagetherapyapi.security.AuthEntryPointJwt -- Unauthorized error: Full authentication is required to access this resource
INFO -- 2023-03-16 19:14:20.680 [background-preinit] org.hibernate.validator.internal.util.Version -- HV000001: Hibernate Validator 6.2.5.Final
INFO -- 2023-03-16 19:14:20.757 [main] pavlo.pro.massagetherapyapi.MassageTherapyApiApplication -- Starting MassageTherapyApiApplication using Java 11.0.16.1 on Pavels-MacBook-Pro.local with PID 32827 (/Users/pavelivashchenko/Developer/massage-therapy-api/target/classes started by pavelivashchenko in /Users/pavelivashchenko/Developer/massage-therapy-api)
INFO -- 2023-03-16 19:14:20.763 [main] pavlo.pro.massagetherapyapi.MassageTherapyApiApplication -- The following 1 profile is active: "prod"
INFO -- 2023-03-16 19:14:21.924 [main] org.springframework.data.repository.config.RepositoryConfigurationDelegate -- Bootstrapping Spring Data MongoDB repositories in DEFAULT mode.
INFO -- 2023-03-16 19:14:22.012 [main] org.springframework.data.repository.config.RepositoryConfigurationDelegate -- Finished Spring Data repository scanning in 80 ms. Found 5 MongoDB repository interfaces.
INFO -- 2023-03-16 19:14:22.354 [main] com.ulisesbocchio.jasyptspringboot.configuration.EnableEncryptablePropertiesBeanFactoryPostProcessor -- Post-processing PropertySource instances
INFO -- 2023-03-16 19:14:22.358 [main] com.ulisesbocchio.jasyptspringboot.EncryptablePropertySourceConverter -- Skipping PropertySource configurationProperties [class org.springframework.boot.context.properties.source.ConfigurationPropertySourcesPropertySource
INFO -- 2023-03-16 19:14:22.358 [main] com.ulisesbocchio.jasyptspringboot.EncryptablePropertySourceConverter -- Skipping PropertySource servletConfigInitParams [class org.springframework.core.env.PropertySource$StubPropertySource
INFO -- 2023-03-16 19:14:22.359 [main] com.ulisesbocchio.jasyptspringboot.EncryptablePropertySourceConverter -- Skipping PropertySource servletContextInitParams [class org.springframework.core.env.PropertySource$StubPropertySource
INFO -- 2023-03-16 19:14:22.360 [main] com.ulisesbocchio.jasyptspringboot.EncryptablePropertySourceConverter -- Converting PropertySource systemProperties [org.springframework.core.env.PropertiesPropertySource] to EncryptableMapPropertySourceWrapper
INFO -- 2023-03-16 19:14:22.361 [main] com.ulisesbocchio.jasyptspringboot.EncryptablePropertySourceConverter -- Converting PropertySource systemEnvironment [org.springframework.boot.env.SystemEnvironmentPropertySourceEnvironmentPostProcessor$OriginAwareSystemEnvironmentPropertySource] to EncryptableSystemEnvironmentPropertySourceWrapper
INFO -- 2023-03-16 19:14:22.361 [main] com.ulisesbocchio.jasyptspringboot.EncryptablePropertySourceConverter -- Converting PropertySource random [org.springframework.boot.env.RandomValuePropertySource] to EncryptablePropertySourceWrapper
INFO -- 2023-03-16 19:14:22.361 [main] com.ulisesbocchio.jasyptspringboot.EncryptablePropertySourceConverter -- Converting PropertySource Config resource 'class path resource [application-prod.properties]' via location 'optional:classpath:/' [org.springframework.boot.env.OriginTrackedMapPropertySource] to EncryptableMapPropertySourceWrapper
INFO -- 2023-03-16 19:14:22.361 [main] com.ulisesbocchio.jasyptspringboot.EncryptablePropertySourceConverter -- Converting PropertySource Config resource 'class path resource [application.properties]' via location 'optional:classpath:/' [org.springframework.boot.env.OriginTrackedMapPropertySource] to EncryptableMapPropertySourceWrapper
INFO -- 2023-03-16 19:14:22.362 [main] com.ulisesbocchio.jasyptspringboot.EncryptablePropertySourceConverter -- Converting PropertySource class path resource [custom.properties] [org.springframework.core.io.support.ResourcePropertySource] to EncryptableMapPropertySourceWrapper
INFO -- 2023-03-16 19:14:22.651 [main] com.ulisesbocchio.jasyptspringboot.filter.DefaultLazyPropertyFilter -- Property Filter custom Bean not found with name 'encryptablePropertyFilter'. Initializing Default Property Filter
INFO -- 2023-03-16 19:14:22.662 [main] com.ulisesbocchio.jasyptspringboot.resolver.DefaultLazyPropertyResolver -- Property Resolver custom Bean not found with name 'encryptablePropertyResolver'. Initializing Default Property Resolver
INFO -- 2023-03-16 19:14:22.665 [main] com.ulisesbocchio.jasyptspringboot.detector.DefaultLazyPropertyDetector -- Property Detector custom Bean not found with name 'encryptablePropertyDetector'. Initializing Default Property Detector
INFO -- 2023-03-16 19:14:22.854 [main] org.springframework.boot.web.embedded.tomcat.TomcatWebServer -- Tomcat initialized with port(s): 8080 (http)
INFO -- 2023-03-16 19:14:22.872 [main] org.apache.coyote.http11.Http11NioProtocol -- Initializing ProtocolHandler ["http-nio-8080"]
INFO -- 2023-03-16 19:14:22.873 [main] org.apache.catalina.core.StandardService -- Starting service [Tomcat]
INFO -- 2023-03-16 19:14:22.874 [main] org.apache.catalina.core.StandardEngine -- Starting Servlet engine: [Apache Tomcat/9.0.69]
INFO -- 2023-03-16 19:14:22.994 [main] org.apache.catalina.core.ContainerBase.[Tomcat].[localhost].[/] -- Initializing Spring embedded WebApplicationContext
INFO -- 2023-03-16 19:14:22.995 [main] org.springframework.boot.web.servlet.context.ServletWebServerApplicationContext -- Root WebApplicationContext: initialization completed in 2172 ms
INFO -- 2023-03-16 19:14:23.075 [main] com.ulisesbocchio.jasyptspringboot.encryptor.DefaultLazyEncryptor -- String Encryptor custom Bean not found with name 'jasyptStringEncryptor'. Initializing Default String Encryptor
INFO -- 2023-03-16 19:14:23.095 [main] com.ulisesbocchio.jasyptspringboot.configuration.StringEncryptorBuilder -- Encryptor config not found for property jasypt.encryptor.algorithm, using default value: PBEWITHHMACSHA512ANDAES_256
INFO -- 2023-03-16 19:14:23.096 [main] com.ulisesbocchio.jasyptspringboot.configuration.StringEncryptorBuilder -- Encryptor config not found for property jasypt.encryptor.key-obtention-iterations, using default value: 1000
INFO -- 2023-03-16 19:14:23.097 [main] com.ulisesbocchio.jasyptspringboot.configuration.StringEncryptorBuilder -- Encryptor config not found for property jasypt.encryptor.pool-size, using default value: 1
INFO -- 2023-03-16 19:14:23.098 [main] com.ulisesbocchio.jasyptspringboot.configuration.StringEncryptorBuilder -- Encryptor config not found for property jasypt.encryptor.provider-name, using default value: null
INFO -- 2023-03-16 19:14:23.099 [main] com.ulisesbocchio.jasyptspringboot.configuration.StringEncryptorBuilder -- Encryptor config not found for property jasypt.encryptor.provider-class-name, using default value: null
INFO -- 2023-03-16 19:14:23.100 [main] com.ulisesbocchio.jasyptspringboot.configuration.StringEncryptorBuilder -- Encryptor config not found for property jasypt.encryptor.salt-generator-classname, using default value: org.jasypt.salt.RandomSaltGenerator
INFO -- 2023-03-16 19:14:23.102 [main] com.ulisesbocchio.jasyptspringboot.configuration.StringEncryptorBuilder -- Encryptor config not found for property jasypt.encryptor.iv-generator-classname, using default value: org.jasypt.iv.RandomIvGenerator
INFO -- 2023-03-16 19:14:23.103 [main] com.ulisesbocchio.jasyptspringboot.configuration.StringEncryptorBuilder -- Encryptor config not found for property jasypt.encryptor.string-output-type, using default value: base64
INFO -- 2023-03-16 19:14:23.392 [cluster-ClusterId{value='64135c7f6055310893453d6d', description='null'}-srv-cluster0.4cxev.mongodb.net] org.mongodb.driver.cluster -- Adding discovered server cluster0-shard-00-01.4cxev.mongodb.net:27017 to client view of cluster
INFO -- 2023-03-16 19:14:23.399 [main] org.mongodb.driver.client -- MongoClient with metadata {"driver": {"name": "mongo-java-driver|sync|spring-boot", "version": "4.6.1"}, "os": {"type": "Darwin", "name": "Mac OS X", "architecture": "x86_64", "version": "10.15.7"}, "platform": "Java/Homebrew/11.0.16.1+0"} created with settings MongoClientSettings{readPreference=primary, writeConcern=WriteConcern{w=majority, wTimeout=null ms, journal=null}, retryWrites=true, retryReads=true, readConcern=ReadConcern{level=null}, credential=MongoCredential{mechanism=null, userName='stkachuk', source='admin', password=<hidden>, mechanismProperties=<hidden>}, streamFactoryFactory=null, commandListeners=[], codecRegistry=ProvidersCodecRegistry{codecProviders=[ValueCodecProvider{}, BsonValueCodecProvider{}, DBRefCodecProvider{}, DBObjectCodecProvider{}, DocumentCodecProvider{}, IterableCodecProvider{}, MapCodecProvider{}, GeoJsonCodecProvider{}, GridFSFileCodecProvider{}, Jsr310CodecProvider{}, JsonObjectCodecProvider{}, BsonCodecProvider{}, EnumCodecProvider{}, com.mongodb.Jep395RecordCodecProvider@2fc7fa6e]}, clusterSettings={hosts=[127.0.0.1:27017], srvHost=cluster0.4cxev.mongodb.net, srvServiceName=mongodb, mode=MULTIPLE, requiredClusterType=REPLICA_SET, requiredReplicaSetName='atlas-fo286n-shard-0', serverSelector='null', clusterListeners='[]', serverSelectionTimeout='30000 ms', localThreshold='30000 ms'}, socketSettings=SocketSettings{connectTimeoutMS=10000, readTimeoutMS=0, receiveBufferSize=0, sendBufferSize=0}, heartbeatSocketSettings=SocketSettings{connectTimeoutMS=10000, readTimeoutMS=10000, receiveBufferSize=0, sendBufferSize=0}, connectionPoolSettings=ConnectionPoolSettings{maxSize=100, minSize=0, maxWaitTimeMS=120000, maxConnectionLifeTimeMS=0, maxConnectionIdleTimeMS=0, maintenanceInitialDelayMS=0, maintenanceFrequencyMS=60000, connectionPoolListeners=[], maxConnecting=2}, serverSettings=ServerSettings{heartbeatFrequencyMS=10000, minHeartbeatFrequencyMS=500, serverListeners='[]', serverMonitorListeners='[]'}, sslSettings=SslSettings{enabled=true, invalidHostNameAllowed=false, context=null}, applicationName='null', compressorList=[], uuidRepresentation=JAVA_LEGACY, serverApi=null, autoEncryptionSettings=null, contextProvider=null}
INFO -- 2023-03-16 19:14:23.427 [cluster-ClusterId{value='64135c7f6055310893453d6d', description='null'}-srv-cluster0.4cxev.mongodb.net] org.mongodb.driver.cluster -- Adding discovered server cluster0-shard-00-02.4cxev.mongodb.net:27017 to client view of cluster
INFO -- 2023-03-16 19:14:23.428 [cluster-ClusterId{value='64135c7f6055310893453d6d', description='null'}-srv-cluster0.4cxev.mongodb.net] org.mongodb.driver.cluster -- Adding discovered server cluster0-shard-00-00.4cxev.mongodb.net:27017 to client view of cluster
INFO -- 2023-03-16 19:14:24.104 [cluster-rtt-ClusterId{value='64135c7f6055310893453d6d', description='null'}-cluster0-shard-00-01.4cxev.mongodb.net:27017] org.mongodb.driver.connection -- Opened connection [connectionId{localValue:2, serverValue:29237}] to cluster0-shard-00-01.4cxev.mongodb.net:27017
INFO -- 2023-03-16 19:14:24.104 [cluster-rtt-ClusterId{value='64135c7f6055310893453d6d', description='null'}-cluster0-shard-00-02.4cxev.mongodb.net:27017] org.mongodb.driver.connection -- Opened connection [connectionId{localValue:5, serverValue:31184}] to cluster0-shard-00-02.4cxev.mongodb.net:27017
INFO -- 2023-03-16 19:14:24.104 [cluster-ClusterId{value='64135c7f6055310893453d6d', description='null'}-cluster0-shard-00-02.4cxev.mongodb.net:27017] org.mongodb.driver.connection -- Opened connection [connectionId{localValue:4, serverValue:30842}] to cluster0-shard-00-02.4cxev.mongodb.net:27017
INFO -- 2023-03-16 19:14:24.106 [cluster-rtt-ClusterId{value='64135c7f6055310893453d6d', description='null'}-cluster0-shard-00-00.4cxev.mongodb.net:27017] org.mongodb.driver.connection -- Opened connection [connectionId{localValue:6, serverValue:30228}] to cluster0-shard-00-00.4cxev.mongodb.net:27017
INFO -- 2023-03-16 19:14:24.106 [cluster-ClusterId{value='64135c7f6055310893453d6d', description='null'}-cluster0-shard-00-00.4cxev.mongodb.net:27017] org.mongodb.driver.connection -- Opened connection [connectionId{localValue:1, serverValue:30228}] to cluster0-shard-00-00.4cxev.mongodb.net:27017
INFO -- 2023-03-16 19:14:24.106 [cluster-ClusterId{value='64135c7f6055310893453d6d', description='null'}-cluster0-shard-00-01.4cxev.mongodb.net:27017] org.mongodb.driver.connection -- Opened connection [connectionId{localValue:3, serverValue:29240}] to cluster0-shard-00-01.4cxev.mongodb.net:27017
INFO -- 2023-03-16 19:14:24.107 [cluster-ClusterId{value='64135c7f6055310893453d6d', description='null'}-cluster0-shard-00-02.4cxev.mongodb.net:27017] org.mongodb.driver.cluster -- Monitor thread successfully connected to server with description ServerDescription{address=cluster0-shard-00-02.4cxev.mongodb.net:27017, type=REPLICA_SET_PRIMARY, state=CONNECTED, ok=true, minWireVersion=0, maxWireVersion=13, maxDocumentSize=16777216, logicalSessionTimeoutMinutes=30, roundTripTimeNanos=408204060, setName='atlas-fo286n-shard-0', canonicalAddress=cluster0-shard-00-02.4cxev.mongodb.net:27017, hosts=[cluster0-shard-00-00.4cxev.mongodb.net:27017, cluster0-shard-00-02.4cxev.mongodb.net:27017, cluster0-shard-00-01.4cxev.mongodb.net:27017], passives=[], arbiters=[], primary='cluster0-shard-00-02.4cxev.mongodb.net:27017', tagSet=TagSet{[Tag{name='nodeType', value='ELECTABLE'}, Tag{name='provider', value='AWS'}, Tag{name='region', value='EU_CENTRAL_1'}, Tag{name='workloadType', value='OPERATIONAL'}]}, electionId=7fffffff0000000000000280, setVersion=7, topologyVersion=TopologyVersion{processId=6412e7cfda56e2508eb14450, counter=6}, lastWriteDate=Thu Mar 16 19:14:24 CET 2023, lastUpdateTimeNanos=107329645858928}
INFO -- 2023-03-16 19:14:24.107 [cluster-ClusterId{value='64135c7f6055310893453d6d', description='null'}-cluster0-shard-00-01.4cxev.mongodb.net:27017] org.mongodb.driver.cluster -- Monitor thread successfully connected to server with description ServerDescription{address=cluster0-shard-00-01.4cxev.mongodb.net:27017, type=REPLICA_SET_SECONDARY, state=CONNECTED, ok=true, minWireVersion=0, maxWireVersion=13, maxDocumentSize=16777216, logicalSessionTimeoutMinutes=30, roundTripTimeNanos=404029422, setName='atlas-fo286n-shard-0', canonicalAddress=cluster0-shard-00-01.4cxev.mongodb.net:27017, hosts=[cluster0-shard-00-00.4cxev.mongodb.net:27017, cluster0-shard-00-02.4cxev.mongodb.net:27017, cluster0-shard-00-01.4cxev.mongodb.net:27017], passives=[], arbiters=[], primary='cluster0-shard-00-02.4cxev.mongodb.net:27017', tagSet=TagSet{[Tag{name='nodeType', value='ELECTABLE'}, Tag{name='provider', value='AWS'}, Tag{name='region', value='EU_CENTRAL_1'}, Tag{name='workloadType', value='OPERATIONAL'}]}, electionId=null, setVersion=7, topologyVersion=TopologyVersion{processId=6412e8d55ebe052b52d8b734, counter=3}, lastWriteDate=Thu Mar 16 19:14:24 CET 2023, lastUpdateTimeNanos=107329646640781}
INFO -- 2023-03-16 19:14:24.107 [cluster-ClusterId{value='64135c7f6055310893453d6d', description='null'}-cluster0-shard-00-00.4cxev.mongodb.net:27017] org.mongodb.driver.cluster -- Monitor thread successfully connected to server with description ServerDescription{address=cluster0-shard-00-00.4cxev.mongodb.net:27017, type=REPLICA_SET_SECONDARY, state=CONNECTED, ok=true, minWireVersion=0, maxWireVersion=13, maxDocumentSize=16777216, logicalSessionTimeoutMinutes=30, roundTripTimeNanos=405783534, setName='atlas-fo286n-shard-0', canonicalAddress=cluster0-shard-00-00.4cxev.mongodb.net:27017, hosts=[cluster0-shard-00-00.4cxev.mongodb.net:27017, cluster0-shard-00-02.4cxev.mongodb.net:27017, cluster0-shard-00-01.4cxev.mongodb.net:27017], passives=[], arbiters=[], primary='cluster0-shard-00-02.4cxev.mongodb.net:27017', tagSet=TagSet{[Tag{name='nodeType', value='ELECTABLE'}, Tag{name='provider', value='AWS'}, Tag{name='region', value='EU_CENTRAL_1'}, Tag{name='workloadType', value='OPERATIONAL'}]}, electionId=null, setVersion=7, topologyVersion=TopologyVersion{processId=6412e6d9a36ce41a11a8432d, counter=4}, lastWriteDate=Thu Mar 16 19:14:24 CET 2023, lastUpdateTimeNanos=107329646523273}
INFO -- 2023-03-16 19:14:24.112 [cluster-ClusterId{value='64135c7f6055310893453d6d', description='null'}-cluster0-shard-00-02.4cxev.mongodb.net:27017] org.mongodb.driver.cluster -- Setting max election id to 7fffffff0000000000000280 from replica set primary cluster0-shard-00-02.4cxev.mongodb.net:27017
INFO -- 2023-03-16 19:14:24.112 [cluster-ClusterId{value='64135c7f6055310893453d6d', description='null'}-cluster0-shard-00-02.4cxev.mongodb.net:27017] org.mongodb.driver.cluster -- Setting max set version to 7 from replica set primary cluster0-shard-00-02.4cxev.mongodb.net:27017
INFO -- 2023-03-16 19:14:24.112 [cluster-ClusterId{value='64135c7f6055310893453d6d', description='null'}-cluster0-shard-00-02.4cxev.mongodb.net:27017] org.mongodb.driver.cluster -- Discovered replica set primary cluster0-shard-00-02.4cxev.mongodb.net:27017
INFO -- 2023-03-16 19:14:24.395 [main] org.springframework.beans.factory.annotation.AutowiredAnnotationBeanPostProcessor -- Autowired annotation is not supported on static fields: private static pavlo.pro.massagetherapyapi.config.PropertiesConfig pavlo.pro.massagetherapyapi.exception.AppException.propertiesConfig
INFO -- 2023-03-16 19:14:24.941 [main] pavlo.pro.massagetherapyapi.config.AppEnvironmentAware -- Application active profile -- prod
INFO -- 2023-03-16 19:14:25.289 [main] org.springframework.security.web.DefaultSecurityFilterChain -- Will secure any request with [org.springframework.security.web.session.DisableEncodeUrlFilter@4790b897, org.springframework.security.web.context.request.async.WebAsyncManagerIntegrationFilter@5cba890e, org.springframework.security.web.context.SecurityContextPersistenceFilter@1c972ae6, org.springframework.security.web.header.HeaderWriterFilter@2447940d, org.springframework.web.filter.CorsFilter@3a4cb483, org.springframework.security.web.authentication.logout.LogoutFilter@2aac6fa7, pavlo.pro.massagetherapyapi.security.AuthTokenFilter@6febec41, org.springframework.security.web.savedrequest.RequestCacheAwareFilter@146fa9c0, org.springframework.security.web.servletapi.SecurityContextHolderAwareRequestFilter@49f6c25e, org.springframework.security.web.authentication.AnonymousAuthenticationFilter@4d770bcd, org.springframework.security.web.session.SessionManagementFilter@7bef7505, org.springframework.security.web.access.ExceptionTranslationFilter@25c6ab3f, org.springframework.security.web.access.intercept.FilterSecurityInterceptor@bb21063]
INFO -- 2023-03-16 19:14:25.639 [main] org.apache.coyote.http11.Http11NioProtocol -- Starting ProtocolHandler ["http-nio-8080"]
INFO -- 2023-03-16 19:14:25.662 [main] org.springframework.boot.web.embedded.tomcat.TomcatWebServer -- Tomcat started on port(s): 8080 (http) with context path ''
INFO -- 2023-03-16 19:14:25.663 [main] com.ulisesbocchio.jasyptspringboot.caching.RefreshScopeRefreshedEventListener -- Refreshing cached encryptable property sources on ServletWebServerInitializedEvent
INFO -- 2023-03-16 19:14:25.663 [main] com.ulisesbocchio.jasyptspringboot.caching.CachingDelegateEncryptablePropertySource -- Property Source systemProperties refreshed
INFO -- 2023-03-16 19:14:25.663 [main] com.ulisesbocchio.jasyptspringboot.caching.CachingDelegateEncryptablePropertySource -- Property Source systemEnvironment refreshed
INFO -- 2023-03-16 19:14:25.663 [main] com.ulisesbocchio.jasyptspringboot.caching.CachingDelegateEncryptablePropertySource -- Property Source random refreshed
INFO -- 2023-03-16 19:14:25.663 [main] com.ulisesbocchio.jasyptspringboot.caching.CachingDelegateEncryptablePropertySource -- Property Source Config resource 'class path resource [application-prod.properties]' via location 'optional:classpath:/' refreshed
INFO -- 2023-03-16 19:14:25.664 [main] com.ulisesbocchio.jasyptspringboot.caching.CachingDelegateEncryptablePropertySource -- Property Source Config resource 'class path resource [application.properties]' via location 'optional:classpath:/' refreshed
INFO -- 2023-03-16 19:14:25.664 [main] com.ulisesbocchio.jasyptspringboot.caching.CachingDelegateEncryptablePropertySource -- Property Source class path resource [custom.properties] refreshed
INFO -- 2023-03-16 19:14:25.664 [main] com.ulisesbocchio.jasyptspringboot.EncryptablePropertySourceConverter -- Skipping PropertySource configurationProperties [class org.springframework.boot.context.properties.source.ConfigurationPropertySourcesPropertySource
INFO -- 2023-03-16 19:14:25.664 [main] com.ulisesbocchio.jasyptspringboot.EncryptablePropertySourceConverter -- Skipping PropertySource servletConfigInitParams [class org.springframework.core.env.PropertySource$StubPropertySource
INFO -- 2023-03-16 19:14:25.664 [main] com.ulisesbocchio.jasyptspringboot.EncryptablePropertySourceConverter -- Converting PropertySource servletContextInitParams [org.springframework.web.context.support.ServletContextPropertySource] to EncryptableEnumerablePropertySourceWrapper
INFO -- 2023-03-16 19:14:26.158 [main] pavlo.pro.massagetherapyapi.MassageTherapyApiApplication -- Started MassageTherapyApiApplication in 6.014 seconds (JVM running for 12.084)
INFO -- 2023-03-16 19:14:27.155 [http-nio-8080-exec-1] org.apache.catalina.core.ContainerBase.[Tomcat].[localhost].[/] -- Initializing Spring DispatcherServlet 'dispatcherServlet'
INFO -- 2023-03-16 19:14:27.155 [http-nio-8080-exec-1] org.springframework.web.servlet.DispatcherServlet -- Initializing Servlet 'dispatcherServlet'
INFO -- 2023-03-16 19:14:27.157 [http-nio-8080-exec-1] org.springframework.web.servlet.DispatcherServlet -- Completed initialization in 2 ms
INFO -- 2023-03-16 19:15:44.768 [background-preinit] org.hibernate.validator.internal.util.Version -- HV000001: Hibernate Validator 6.2.5.Final
INFO -- 2023-03-16 19:15:44.837 [main] pavlo.pro.massagetherapyapi.MassageTherapyApiApplication -- Starting MassageTherapyApiApplication using Java 11.0.16.1 on Pavels-MacBook-Pro.local with PID 32838 (/Users/pavelivashchenko/Developer/massage-therapy-api/target/classes started by pavelivashchenko in /Users/pavelivashchenko/Developer/massage-therapy-api)
INFO -- 2023-03-16 19:15:44.842 [main] pavlo.pro.massagetherapyapi.MassageTherapyApiApplication -- The following 1 profile is active: "prod"
INFO -- 2023-03-16 19:15:45.908 [main] org.springframework.data.repository.config.RepositoryConfigurationDelegate -- Bootstrapping Spring Data MongoDB repositories in DEFAULT mode.
INFO -- 2023-03-16 19:15:45.987 [main] org.springframework.data.repository.config.RepositoryConfigurationDelegate -- Finished Spring Data repository scanning in 73 ms. Found 5 MongoDB repository interfaces.
INFO -- 2023-03-16 19:15:46.358 [main] com.ulisesbocchio.jasyptspringboot.configuration.EnableEncryptablePropertiesBeanFactoryPostProcessor -- Post-processing PropertySource instances
INFO -- 2023-03-16 19:15:46.363 [main] com.ulisesbocchio.jasyptspringboot.EncryptablePropertySourceConverter -- Skipping PropertySource configurationProperties [class org.springframework.boot.context.properties.source.ConfigurationPropertySourcesPropertySource
INFO -- 2023-03-16 19:15:46.363 [main] com.ulisesbocchio.jasyptspringboot.EncryptablePropertySourceConverter -- Skipping PropertySource servletConfigInitParams [class org.springframework.core.env.PropertySource$StubPropertySource
INFO -- 2023-03-16 19:15:46.363 [main] com.ulisesbocchio.jasyptspringboot.EncryptablePropertySourceConverter -- Skipping PropertySource servletContextInitParams [class org.springframework.core.env.PropertySource$StubPropertySource
INFO -- 2023-03-16 19:15:46.365 [main] com.ulisesbocchio.jasyptspringboot.EncryptablePropertySourceConverter -- Converting PropertySource systemProperties [org.springframework.core.env.PropertiesPropertySource] to EncryptableMapPropertySourceWrapper
INFO -- 2023-03-16 19:15:46.365 [main] com.ulisesbocchio.jasyptspringboot.EncryptablePropertySourceConverter -- Converting PropertySource systemEnvironment [org.springframework.boot.env.SystemEnvironmentPropertySourceEnvironmentPostProcessor$OriginAwareSystemEnvironmentPropertySource] to EncryptableSystemEnvironmentPropertySourceWrapper
INFO -- 2023-03-16 19:15:46.366 [main] com.ulisesbocchio.jasyptspringboot.EncryptablePropertySourceConverter -- Converting PropertySource random [org.springframework.boot.env.RandomValuePropertySource] to EncryptablePropertySourceWrapper
INFO -- 2023-03-16 19:15:46.366 [main] com.ulisesbocchio.jasyptspringboot.EncryptablePropertySourceConverter -- Converting PropertySource Config resource 'class path resource [application-prod.properties]' via location 'optional:classpath:/' [org.springframework.boot.env.OriginTrackedMapPropertySource] to EncryptableMapPropertySourceWrapper
INFO -- 2023-03-16 19:15:46.366 [main] com.ulisesbocchio.jasyptspringboot.EncryptablePropertySourceConverter -- Converting PropertySource Config resource 'class path resource [application.properties]' via location 'optional:classpath:/' [org.springframework.boot.env.OriginTrackedMapPropertySource] to EncryptableMapPropertySourceWrapper
INFO -- 2023-03-16 19:15:46.366 [main] com.ulisesbocchio.jasyptspringboot.EncryptablePropertySourceConverter -- Converting PropertySource class path resource [custom.properties] [org.springframework.core.io.support.ResourcePropertySource] to EncryptableMapPropertySourceWrapper
INFO -- 2023-03-16 19:15:46.666 [main] com.ulisesbocchio.jasyptspringboot.filter.DefaultLazyPropertyFilter -- Property Filter custom Bean not found with name 'encryptablePropertyFilter'. Initializing Default Property Filter
INFO -- 2023-03-16 19:15:46.676 [main] com.ulisesbocchio.jasyptspringboot.resolver.DefaultLazyPropertyResolver -- Property Resolver custom Bean not found with name 'encryptablePropertyResolver'. Initializing Default Property Resolver
INFO -- 2023-03-16 19:15:46.681 [main] com.ulisesbocchio.jasyptspringboot.detector.DefaultLazyPropertyDetector -- Property Detector custom Bean not found with name 'encryptablePropertyDetector'. Initializing Default Property Detector
INFO -- 2023-03-16 19:15:46.867 [main] org.springframework.boot.web.embedded.tomcat.TomcatWebServer -- Tomcat initialized with port(s): 8080 (http)
INFO -- 2023-03-16 19:15:46.885 [main] org.apache.coyote.http11.Http11NioProtocol -- Initializing ProtocolHandler ["http-nio-8080"]
INFO -- 2023-03-16 19:15:46.886 [main] org.apache.catalina.core.StandardService -- Starting service [Tomcat]
INFO -- 2023-03-16 19:15:46.887 [main] org.apache.catalina.core.StandardEngine -- Starting Servlet engine: [Apache Tomcat/9.0.69]
INFO -- 2023-03-16 19:15:47.030 [main] org.apache.catalina.core.ContainerBase.[Tomcat].[localhost].[/] -- Initializing Spring embedded WebApplicationContext
INFO -- 2023-03-16 19:15:47.030 [main] org.springframework.boot.web.servlet.context.ServletWebServerApplicationContext -- Root WebApplicationContext: initialization completed in 2133 ms
INFO -- 2023-03-16 19:15:47.121 [main] com.ulisesbocchio.jasyptspringboot.encryptor.DefaultLazyEncryptor -- String Encryptor custom Bean not found with name 'jasyptStringEncryptor'. Initializing Default String Encryptor
INFO -- 2023-03-16 19:15:47.138 [main] com.ulisesbocchio.jasyptspringboot.configuration.StringEncryptorBuilder -- Encryptor config not found for property jasypt.encryptor.algorithm, using default value: PBEWITHHMACSHA512ANDAES_256
INFO -- 2023-03-16 19:15:47.139 [main] com.ulisesbocchio.jasyptspringboot.configuration.StringEncryptorBuilder -- Encryptor config not found for property jasypt.encryptor.key-obtention-iterations, using default value: 1000
INFO -- 2023-03-16 19:15:47.139 [main] com.ulisesbocchio.jasyptspringboot.configuration.StringEncryptorBuilder -- Encryptor config not found for property jasypt.encryptor.pool-size, using default value: 1
INFO -- 2023-03-16 19:15:47.140 [main] com.ulisesbocchio.jasyptspringboot.configuration.StringEncryptorBuilder -- Encryptor config not found for property jasypt.encryptor.provider-name, using default value: null
INFO -- 2023-03-16 19:15:47.140 [main] com.ulisesbocchio.jasyptspringboot.configuration.StringEncryptorBuilder -- Encryptor config not found for property jasypt.encryptor.provider-class-name, using default value: null
INFO -- 2023-03-16 19:15:47.140 [main] com.ulisesbocchio.jasyptspringboot.configuration.StringEncryptorBuilder -- Encryptor config not found for property jasypt.encryptor.salt-generator-classname, using default value: org.jasypt.salt.RandomSaltGenerator
INFO -- 2023-03-16 19:15:47.142 [main] com.ulisesbocchio.jasyptspringboot.configuration.StringEncryptorBuilder -- Encryptor config not found for property jasypt.encryptor.iv-generator-classname, using default value: org.jasypt.iv.RandomIvGenerator
INFO -- 2023-03-16 19:15:47.144 [main] com.ulisesbocchio.jasyptspringboot.configuration.StringEncryptorBuilder -- Encryptor config not found for property jasypt.encryptor.string-output-type, using default value: base64
INFO -- 2023-03-16 19:15:47.440 [cluster-ClusterId{value='64135cd3e609307323c22728', description='null'}-srv-cluster0.4cxev.mongodb.net] org.mongodb.driver.cluster -- Adding discovered server cluster0-shard-00-01.4cxev.mongodb.net:27017 to client view of cluster
INFO -- 2023-03-16 19:15:47.443 [main] org.mongodb.driver.client -- MongoClient with metadata {"driver": {"name": "mongo-java-driver|sync|spring-boot", "version": "4.6.1"}, "os": {"type": "Darwin", "name": "Mac OS X", "architecture": "x86_64", "version": "10.15.7"}, "platform": "Java/Homebrew/11.0.16.1+0"} created with settings MongoClientSettings{readPreference=primary, writeConcern=WriteConcern{w=majority, wTimeout=null ms, journal=null}, retryWrites=true, retryReads=true, readConcern=ReadConcern{level=null}, credential=MongoCredential{mechanism=null, userName='stkachuk', source='admin', password=<hidden>, mechanismProperties=<hidden>}, streamFactoryFactory=null, commandListeners=[], codecRegistry=ProvidersCodecRegistry{codecProviders=[ValueCodecProvider{}, BsonValueCodecProvider{}, DBRefCodecProvider{}, DBObjectCodecProvider{}, DocumentCodecProvider{}, IterableCodecProvider{}, MapCodecProvider{}, GeoJsonCodecProvider{}, GridFSFileCodecProvider{}, Jsr310CodecProvider{}, JsonObjectCodecProvider{}, BsonCodecProvider{}, EnumCodecProvider{}, com.mongodb.Jep395RecordCodecProvider@1d226f27]}, clusterSettings={hosts=[127.0.0.1:27017], srvHost=cluster0.4cxev.mongodb.net, srvServiceName=mongodb, mode=MULTIPLE, requiredClusterType=REPLICA_SET, requiredReplicaSetName='atlas-fo286n-shard-0', serverSelector='null', clusterListeners='[]', serverSelectionTimeout='30000 ms', localThreshold='30000 ms'}, socketSettings=SocketSettings{connectTimeoutMS=10000, readTimeoutMS=0, receiveBufferSize=0, sendBufferSize=0}, heartbeatSocketSettings=SocketSettings{connectTimeoutMS=10000, readTimeoutMS=10000, receiveBufferSize=0, sendBufferSize=0}, connectionPoolSettings=ConnectionPoolSettings{maxSize=100, minSize=0, maxWaitTimeMS=120000, maxConnectionLifeTimeMS=0, maxConnectionIdleTimeMS=0, maintenanceInitialDelayMS=0, maintenanceFrequencyMS=60000, connectionPoolListeners=[], maxConnecting=2}, serverSettings=ServerSettings{heartbeatFrequencyMS=10000, minHeartbeatFrequencyMS=500, serverListeners='[]', serverMonitorListeners='[]'}, sslSettings=SslSettings{enabled=true, invalidHostNameAllowed=false, context=null}, applicationName='null', compressorList=[], uuidRepresentation=JAVA_LEGACY, serverApi=null, autoEncryptionSettings=null, contextProvider=null}
INFO -- 2023-03-16 19:15:47.476 [cluster-ClusterId{value='64135cd3e609307323c22728', description='null'}-srv-cluster0.4cxev.mongodb.net] org.mongodb.driver.cluster -- Adding discovered server cluster0-shard-00-02.4cxev.mongodb.net:27017 to client view of cluster
INFO -- 2023-03-16 19:15:47.477 [cluster-ClusterId{value='64135cd3e609307323c22728', description='null'}-srv-cluster0.4cxev.mongodb.net] org.mongodb.driver.cluster -- Adding discovered server cluster0-shard-00-00.4cxev.mongodb.net:27017 to client view of cluster
INFO -- 2023-03-16 19:15:48.097 [cluster-ClusterId{value='64135cd3e609307323c22728', description='null'}-cluster0-shard-00-01.4cxev.mongodb.net:27017] org.mongodb.driver.connection -- Opened connection [connectionId{localValue:5, serverValue:29340}] to cluster0-shard-00-01.4cxev.mongodb.net:27017
INFO -- 2023-03-16 19:15:48.097 [cluster-rtt-ClusterId{value='64135cd3e609307323c22728', description='null'}-cluster0-shard-00-02.4cxev.mongodb.net:27017] org.mongodb.driver.connection -- Opened connection [connectionId{localValue:1, serverValue:31322}] to cluster0-shard-00-02.4cxev.mongodb.net:27017
INFO -- 2023-03-16 19:15:48.097 [cluster-rtt-ClusterId{value='64135cd3e609307323c22728', description='null'}-cluster0-shard-00-00.4cxev.mongodb.net:27017] org.mongodb.driver.connection -- Opened connection [connectionId{localValue:2, serverValue:30323}] to cluster0-shard-00-00.4cxev.mongodb.net:27017
INFO -- 2023-03-16 19:15:48.097 [cluster-rtt-ClusterId{value='64135cd3e609307323c22728', description='null'}-cluster0-shard-00-01.4cxev.mongodb.net:27017] org.mongodb.driver.connection -- Opened connection [connectionId{localValue:3, serverValue:29340}] to cluster0-shard-00-01.4cxev.mongodb.net:27017
INFO -- 2023-03-16 19:15:48.097 [cluster-ClusterId{value='64135cd3e609307323c22728', description='null'}-cluster0-shard-00-02.4cxev.mongodb.net:27017] org.mongodb.driver.connection -- Opened connection [connectionId{localValue:6, serverValue:31322}] to cluster0-shard-00-02.4cxev.mongodb.net:27017
INFO -- 2023-03-16 19:15:48.097 [cluster-ClusterId{value='64135cd3e609307323c22728', description='null'}-cluster0-shard-00-00.4cxev.mongodb.net:27017] org.mongodb.driver.connection -- Opened connection [connectionId{localValue:4, serverValue:30322}] to cluster0-shard-00-00.4cxev.mongodb.net:27017
INFO -- 2023-03-16 19:15:48.098 [cluster-ClusterId{value='64135cd3e609307323c22728', description='null'}-cluster0-shard-00-00.4cxev.mongodb.net:27017] org.mongodb.driver.cluster -- Monitor thread successfully connected to server with description ServerDescription{address=cluster0-shard-00-00.4cxev.mongodb.net:27017, type=REPLICA_SET_SECONDARY, state=CONNECTED, ok=true, minWireVersion=0, maxWireVersion=13, maxDocumentSize=16777216, logicalSessionTimeoutMinutes=30, roundTripTimeNanos=383046461, setName='atlas-fo286n-shard-0', canonicalAddress=cluster0-shard-00-00.4cxev.mongodb.net:27017, hosts=[cluster0-shard-00-00.4cxev.mongodb.net:27017, cluster0-shard-00-02.4cxev.mongodb.net:27017, cluster0-shard-00-01.4cxev.mongodb.net:27017], passives=[], arbiters=[], primary='cluster0-shard-00-02.4cxev.mongodb.net:27017', tagSet=TagSet{[Tag{name='nodeType', value='ELECTABLE'}, Tag{name='provider', value='AWS'}, Tag{name='region', value='EU_CENTRAL_1'}, Tag{name='workloadType', value='OPERATIONAL'}]}, electionId=null, setVersion=7, topologyVersion=TopologyVersion{processId=6412e6d9a36ce41a11a8432d, counter=4}, lastWriteDate=Thu Mar 16 19:15:48 CET 2023, lastUpdateTimeNanos=107413639569227}
INFO -- 2023-03-16 19:15:48.098 [cluster-ClusterId{value='64135cd3e609307323c22728', description='null'}-cluster0-shard-00-01.4cxev.mongodb.net:27017] org.mongodb.driver.cluster -- Monitor thread successfully connected to server with description ServerDescription{address=cluster0-shard-00-01.4cxev.mongodb.net:27017, type=REPLICA_SET_SECONDARY, state=CONNECTED, ok=true, minWireVersion=0, maxWireVersion=13, maxDocumentSize=16777216, logicalSessionTimeoutMinutes=30, roundTripTimeNanos=379499672, setName='atlas-fo286n-shard-0', canonicalAddress=cluster0-shard-00-01.4cxev.mongodb.net:27017, hosts=[cluster0-shard-00-00.4cxev.mongodb.net:27017, cluster0-shard-00-02.4cxev.mongodb.net:27017, cluster0-shard-00-01.4cxev.mongodb.net:27017], passives=[], arbiters=[], primary='cluster0-shard-00-02.4cxev.mongodb.net:27017', tagSet=TagSet{[Tag{name='nodeType', value='ELECTABLE'}, Tag{name='provider', value='AWS'}, Tag{name='region', value='EU_CENTRAL_1'}, Tag{name='workloadType', value='OPERATIONAL'}]}, electionId=null, setVersion=7, topologyVersion=TopologyVersion{processId=6412e8d55ebe052b52d8b734, counter=3}, lastWriteDate=Thu Mar 16 19:15:48 CET 2023, lastUpdateTimeNanos=107413639569147}
INFO -- 2023-03-16 19:15:48.098 [cluster-ClusterId{value='64135cd3e609307323c22728', description='null'}-cluster0-shard-00-02.4cxev.mongodb.net:27017] org.mongodb.driver.cluster -- Monitor thread successfully connected to server with description ServerDescription{address=cluster0-shard-00-02.4cxev.mongodb.net:27017, type=REPLICA_SET_PRIMARY, state=CONNECTED, ok=true, minWireVersion=0, maxWireVersion=13, maxDocumentSize=16777216, logicalSessionTimeoutMinutes=30, roundTripTimeNanos=378979826, setName='atlas-fo286n-shard-0', canonicalAddress=cluster0-shard-00-02.4cxev.mongodb.net:27017, hosts=[cluster0-shard-00-00.4cxev.mongodb.net:27017, cluster0-shard-00-02.4cxev.mongodb.net:27017, cluster0-shard-00-01.4cxev.mongodb.net:27017], passives=[], arbiters=[], primary='cluster0-shard-00-02.4cxev.mongodb.net:27017', tagSet=TagSet{[Tag{name='nodeType', value='ELECTABLE'}, Tag{name='provider', value='AWS'}, Tag{name='region', value='EU_CENTRAL_1'}, Tag{name='workloadType', value='OPERATIONAL'}]}, electionId=7fffffff0000000000000280, setVersion=7, topologyVersion=TopologyVersion{processId=6412e7cfda56e2508eb14450, counter=6}, lastWriteDate=Thu Mar 16 19:15:48 CET 2023, lastUpdateTimeNanos=107413639817000}
INFO -- 2023-03-16 19:15:48.104 [cluster-ClusterId{value='64135cd3e609307323c22728', description='null'}-cluster0-shard-00-02.4cxev.mongodb.net:27017] org.mongodb.driver.cluster -- Setting max election id to 7fffffff0000000000000280 from replica set primary cluster0-shard-00-02.4cxev.mongodb.net:27017
INFO -- 2023-03-16 19:15:48.104 [cluster-ClusterId{value='64135cd3e609307323c22728', description='null'}-cluster0-shard-00-02.4cxev.mongodb.net:27017] org.mongodb.driver.cluster -- Setting max set version to 7 from replica set primary cluster0-shard-00-02.4cxev.mongodb.net:27017
INFO -- 2023-03-16 19:15:48.105 [cluster-ClusterId{value='64135cd3e609307323c22728', description='null'}-cluster0-shard-00-02.4cxev.mongodb.net:27017] org.mongodb.driver.cluster -- Discovered replica set primary cluster0-shard-00-02.4cxev.mongodb.net:27017
INFO -- 2023-03-16 19:15:48.407 [main] org.springframework.beans.factory.annotation.AutowiredAnnotationBeanPostProcessor -- Autowired annotation is not supported on static fields: private static pavlo.pro.massagetherapyapi.config.PropertiesConfig pavlo.pro.massagetherapyapi.exception.AppException.propertiesConfig
INFO -- 2023-03-16 19:15:48.842 [main] pavlo.pro.massagetherapyapi.config.AppEnvironmentAware -- Application active profile -- prod
INFO -- 2023-03-16 19:15:49.098 [main] org.springframework.security.web.DefaultSecurityFilterChain -- Will secure any request with [org.springframework.security.web.session.DisableEncodeUrlFilter@1b5f960a, org.springframework.security.web.context.request.async.WebAsyncManagerIntegrationFilter@53ddabc6, org.springframework.security.web.context.SecurityContextPersistenceFilter@7b80af04, org.springframework.security.web.header.HeaderWriterFilter@dd060be, org.springframework.web.filter.CorsFilter@39ac8c0c, org.springframework.security.web.authentication.logout.LogoutFilter@3cacc87, pavlo.pro.massagetherapyapi.security.AuthTokenFilter@73d91faf, org.springframework.security.web.savedrequest.RequestCacheAwareFilter@60ee7a51, org.springframework.security.web.servletapi.SecurityContextHolderAwareRequestFilter@70e1aa20, org.springframework.security.web.authentication.AnonymousAuthenticationFilter@361f1647, org.springframework.security.web.session.SessionManagementFilter@b3a8455, org.springframework.security.web.access.ExceptionTranslationFilter@58068b40, org.springframework.security.web.access.intercept.FilterSecurityInterceptor@ba86c53]
INFO -- 2023-03-16 19:15:49.355 [main] org.apache.coyote.http11.Http11NioProtocol -- Starting ProtocolHandler ["http-nio-8080"]
INFO -- 2023-03-16 19:15:49.376 [main] org.springframework.boot.web.embedded.tomcat.TomcatWebServer -- Tomcat started on port(s): 8080 (http) with context path ''
INFO -- 2023-03-16 19:15:49.377 [main] com.ulisesbocchio.jasyptspringboot.caching.RefreshScopeRefreshedEventListener -- Refreshing cached encryptable property sources on ServletWebServerInitializedEvent
INFO -- 2023-03-16 19:15:49.377 [main] com.ulisesbocchio.jasyptspringboot.caching.CachingDelegateEncryptablePropertySource -- Property Source systemProperties refreshed
INFO -- 2023-03-16 19:15:49.378 [main] com.ulisesbocchio.jasyptspringboot.caching.CachingDelegateEncryptablePropertySource -- Property Source systemEnvironment refreshed
INFO -- 2023-03-16 19:15:49.378 [main] com.ulisesbocchio.jasyptspringboot.caching.CachingDelegateEncryptablePropertySource -- Property Source random refreshed
INFO -- 2023-03-16 19:15:49.378 [main] com.ulisesbocchio.jasyptspringboot.caching.CachingDelegateEncryptablePropertySource -- Property Source Config resource 'class path resource [application-prod.properties]' via location 'optional:classpath:/' refreshed
INFO -- 2023-03-16 19:15:49.378 [main] com.ulisesbocchio.jasyptspringboot.caching.CachingDelegateEncryptablePropertySource -- Property Source Config resource 'class path resource [application.properties]' via location 'optional:classpath:/' refreshed
INFO -- 2023-03-16 19:15:49.378 [main] com.ulisesbocchio.jasyptspringboot.caching.CachingDelegateEncryptablePropertySource -- Property Source class path resource [custom.properties] refreshed
INFO -- 2023-03-16 19:15:49.378 [main] com.ulisesbocchio.jasyptspringboot.EncryptablePropertySourceConverter -- Skipping PropertySource configurationProperties [class org.springframework.boot.context.properties.source.ConfigurationPropertySourcesPropertySource
INFO -- 2023-03-16 19:15:49.378 [main] com.ulisesbocchio.jasyptspringboot.EncryptablePropertySourceConverter -- Skipping PropertySource servletConfigInitParams [class org.springframework.core.env.PropertySource$StubPropertySource
INFO -- 2023-03-16 19:15:49.379 [main] com.ulisesbocchio.jasyptspringboot.EncryptablePropertySourceConverter -- Converting PropertySource servletContextInitParams [org.springframework.web.context.support.ServletContextPropertySource] to EncryptableEnumerablePropertySourceWrapper
INFO -- 2023-03-16 19:15:49.772 [main] pavlo.pro.massagetherapyapi.MassageTherapyApiApplication -- Started MassageTherapyApiApplication in 5.453 seconds (JVM running for 11.477)
INFO -- 2023-03-16 19:15:58.968 [http-nio-8080-exec-1] org.apache.catalina.core.ContainerBase.[Tomcat].[localhost].[/] -- Initializing Spring DispatcherServlet 'dispatcherServlet'
INFO -- 2023-03-16 19:15:58.968 [http-nio-8080-exec-1] org.springframework.web.servlet.DispatcherServlet -- Initializing Servlet 'dispatcherServlet'
INFO -- 2023-03-16 19:15:58.971 [http-nio-8080-exec-1] org.springframework.web.servlet.DispatcherServlet -- Completed initialization in 3 ms
ERROR-- 2023-03-16 19:16:08.854 [http-nio-8080-exec-2] pavlo.pro.massagetherapyapi.security.AuthEntryPointJwt -- Unauthorized error: Full authentication is required to access this resource
